<?xml version="1.0" encoding="utf-8"?><testsuites><testsuite name="pytest" errors="22" failures="23" skipped="0" tests="917" time="95.519" timestamp="2021-07-08T16:50:08.923155" hostname="czhao-MOBL1"><testcase classname="" name="tests.unit.drivers.test_pdu_driver" time="0.000"><error message="collection failure">ImportError while importing test module 'C:\Users\czhao\git_root\dtaf\suresh_local\tests\unit\drivers\test_pdu_driver.py'.
Hint: make sure your test modules/packages have valid Python names.
Traceback:
C:\Program Files\Python38\lib\importlib\__init__.py:127: in import_module
    return _bootstrap._gcd_import(name[level:], package, level)
tests\unit\drivers\test_pdu_driver.py:1: in &lt;module&gt;
    from dtaf_core.drivers.internal.pdu_driver import PduDriver
src\dtaf_core\drivers\internal\pdu_driver.py:27: in &lt;module&gt;
    import paramiko
E   ModuleNotFoundError: No module named 'paramiko'</error></testcase><testcase classname="" name="tests.unit.drivers.test_sol_driver" time="0.000"><error message="collection failure">ImportError while importing test module 'C:\Users\czhao\git_root\dtaf\suresh_local\tests\unit\drivers\test_sol_driver.py'.
Hint: make sure your test modules/packages have valid Python names.
Traceback:
C:\Program Files\Python38\lib\importlib\__init__.py:127: in import_module
    return _bootstrap._gcd_import(name[level:], package, level)
tests\unit\drivers\test_sol_driver.py:4: in &lt;module&gt;
    from dtaf_core.drivers.internal.sol_driver import SolDriver
src\dtaf_core\drivers\internal\sol_driver.py:25: in &lt;module&gt;
    import paramiko
E   ModuleNotFoundError: No module named 'paramiko'</error></testcase><testcase classname="" name="tests.unit.drivers.test_wsol_driver" time="0.000"><error message="collection failure">ImportError while importing test module 'C:\Users\czhao\git_root\dtaf\suresh_local\tests\unit\drivers\test_wsol_driver.py'.
Hint: make sure your test modules/packages have valid Python names.
Traceback:
C:\Program Files\Python38\lib\importlib\__init__.py:127: in import_module
    return _bootstrap._gcd_import(name[level:], package, level)
tests\unit\drivers\test_wsol_driver.py:3: in &lt;module&gt;
    from dtaf_core.drivers.internal.wsol_driver import WsolDriver, WebSocketConnection
src\dtaf_core\drivers\internal\wsol_driver.py:31: in &lt;module&gt;
    import websockets
E   ModuleNotFoundError: No module named 'websockets'</error></testcase><testcase classname="" name="tests.unit.lib.test_context" time="0.000"><error message="collection failure">ImportError while importing test module 'C:\Users\czhao\git_root\dtaf\suresh_local\tests\unit\lib\test_context.py'.
Hint: make sure your test modules/packages have valid Python names.
Traceback:
C:\Program Files\Python38\lib\importlib\__init__.py:127: in import_module
    return _bootstrap._gcd_import(name[level:], package, level)
tests\unit\lib\test_context.py:1: in &lt;module&gt;
    from dtaf_core.lib.private.context import *
src\dtaf_core\lib\private\context.py:11: in &lt;module&gt;
    from dtaf_core.lib.private.cl_utils.adapter.serial_parsing import \
src\dtaf_core\lib\private\cl_utils\adapter\serial_parsing.py:6: in &lt;module&gt;
    from dtaf_core.lib.private.cl_utils.adapter.private.pyte_interface.gernal_pyte_api import GernalPYTE
src\dtaf_core\lib\private\cl_utils\adapter\private\pyte_interface\gernal_pyte_api.py:1: in &lt;module&gt;
    from dtaf_core.lib.private.cl_utils.adapter.private.pyte_interface.pyte.screens import Screen
src\dtaf_core\lib\private\cl_utils\adapter\private\pyte_interface\pyte\__init__.py:33: in &lt;module&gt;
    from .screens import Screen, DiffScreen, HistoryScreen, DebugScreen
src\dtaf_core\lib\private\cl_utils\adapter\private\pyte_interface\pyte\screens.py:40: in &lt;module&gt;
    from wcwidth import wcwidth
E   ModuleNotFoundError: No module named 'wcwidth'</error></testcase><testcase classname="" name="tests.unit.lib.test_executiontask" time="0.000"><error message="collection failure">ImportError while importing test module 'C:\Users\czhao\git_root\dtaf\suresh_local\tests\unit\lib\test_executiontask.py'.
Hint: make sure your test modules/packages have valid Python names.
Traceback:
C:\Program Files\Python38\lib\importlib\__init__.py:127: in import_module
    return _bootstrap._gcd_import(name[level:], package, level)
tests\unit\lib\test_executiontask.py:1: in &lt;module&gt;
    from dtaf_core.lib.private.cl_utils.communication.private.executiontask import ExecutionReturnTask, ExecutionTask
src\dtaf_core\lib\private\cl_utils\communication\private\executiontask.py:24: in &lt;module&gt;
    from dtaf_core.lib.private.cl_utils.communication.private.message_pool import send_message
src\dtaf_core\lib\private\cl_utils\communication\private\message_pool.py:1: in &lt;module&gt;
    import zmq
E   ModuleNotFoundError: No module named 'zmq'</error></testcase><testcase classname="" name="tests.unit.lib.test_executor" time="0.000"><error message="collection failure">ImportError while importing test module 'C:\Users\czhao\git_root\dtaf\suresh_local\tests\unit\lib\test_executor.py'.
Hint: make sure your test modules/packages have valid Python names.
Traceback:
C:\Program Files\Python38\lib\importlib\__init__.py:127: in import_module
    return _bootstrap._gcd_import(name[level:], package, level)
tests\unit\lib\test_executor.py:1: in &lt;module&gt;
    from dtaf_core.lib.private.cl_utils.communication.private.executor import *
src\dtaf_core\lib\private\cl_utils\communication\private\executor.py:4: in &lt;module&gt;
    import zmq
E   ModuleNotFoundError: No module named 'zmq'</error></testcase><testcase classname="" name="tests.unit.lib.test_general" time="0.000"><error message="collection failure">ImportError while importing test module 'C:\Users\czhao\git_root\dtaf\suresh_local\tests\unit\lib\test_general.py'.
Hint: make sure your test modules/packages have valid Python names.
Traceback:
C:\Program Files\Python38\lib\importlib\__init__.py:127: in import_module
    return _bootstrap._gcd_import(name[level:], package, level)
tests\unit\lib\test_general.py:1: in &lt;module&gt;
    from dtaf_core.lib.private.cl_utils.communication.local.general import remote_execute
src\dtaf_core\lib\private\cl_utils\communication\local\general.py:1: in &lt;module&gt;
    from dtaf_core.lib.private.cl_utils.communication.session import Session, wait_for_message
src\dtaf_core\lib\private\cl_utils\communication\session.py:1: in &lt;module&gt;
    import zmq
E   ModuleNotFoundError: No module named 'zmq'</error></testcase><testcase classname="" name="tests.unit.lib.test_session" time="0.000"><error message="collection failure">ImportError while importing test module 'C:\Users\czhao\git_root\dtaf\suresh_local\tests\unit\lib\test_session.py'.
Hint: make sure your test modules/packages have valid Python names.
Traceback:
C:\Program Files\Python38\lib\importlib\__init__.py:127: in import_module
    return _bootstrap._gcd_import(name[level:], package, level)
tests\unit\lib\test_session.py:1: in &lt;module&gt;
    from dtaf_core.lib.private.cl_utils.communication.session import Session
src\dtaf_core\lib\private\cl_utils\communication\session.py:1: in &lt;module&gt;
    import zmq
E   ModuleNotFoundError: No module named 'zmq'</error></testcase><testcase classname="" name="tests.unit.lib.test_ssh_lib" time="0.000"><error message="collection failure">ImportError while importing test module 'C:\Users\czhao\git_root\dtaf\suresh_local\tests\unit\lib\test_ssh_lib.py'.
Hint: make sure your test modules/packages have valid Python names.
Traceback:
C:\Program Files\Python38\lib\importlib\__init__.py:127: in import_module
    return _bootstrap._gcd_import(name[level:], package, level)
tests\unit\lib\test_ssh_lib.py:4: in &lt;module&gt;
    from dtaf_core.lib.ssh_lib import SSHlib
src\dtaf_core\lib\ssh_lib.py:4: in &lt;module&gt;
    import paramiko
E   ModuleNotFoundError: No module named 'paramiko'</error></testcase><testcase classname="" name="tests.unit.providers.test_base_bios_bootmenu_provider" time="0.000"><error message="collection failure">ImportError while importing test module 'C:\Users\czhao\git_root\dtaf\suresh_local\tests\unit\providers\test_base_bios_bootmenu_provider.py'.
Hint: make sure your test modules/packages have valid Python names.
Traceback:
C:\Program Files\Python38\lib\importlib\__init__.py:127: in import_module
    return _bootstrap._gcd_import(name[level:], package, level)
tests\unit\providers\test_base_bios_bootmenu_provider.py:4: in &lt;module&gt;
    from dtaf_core.providers.internal.base_bios_bootmenu_provider import BaseBiosBootmenuProvider
src\dtaf_core\providers\internal\base_bios_bootmenu_provider.py:31: in &lt;module&gt;
    from dtaf_core.lib.private.context import ContextInstance as _ContextInstance
src\dtaf_core\lib\private\context.py:11: in &lt;module&gt;
    from dtaf_core.lib.private.cl_utils.adapter.serial_parsing import \
src\dtaf_core\lib\private\cl_utils\adapter\serial_parsing.py:6: in &lt;module&gt;
    from dtaf_core.lib.private.cl_utils.adapter.private.pyte_interface.gernal_pyte_api import GernalPYTE
src\dtaf_core\lib\private\cl_utils\adapter\private\pyte_interface\gernal_pyte_api.py:1: in &lt;module&gt;
    from dtaf_core.lib.private.cl_utils.adapter.private.pyte_interface.pyte.screens import Screen
src\dtaf_core\lib\private\cl_utils\adapter\private\pyte_interface\pyte\__init__.py:33: in &lt;module&gt;
    from .screens import Screen, DiffScreen, HistoryScreen, DebugScreen
src\dtaf_core\lib\private\cl_utils\adapter\private\pyte_interface\pyte\screens.py:40: in &lt;module&gt;
    from wcwidth import wcwidth
E   ModuleNotFoundError: No module named 'wcwidth'</error></testcase><testcase classname="" name="tests.unit.providers.test_base_bios_setupmenu_provider" time="0.000"><error message="collection failure">ImportError while importing test module 'C:\Users\czhao\git_root\dtaf\suresh_local\tests\unit\providers\test_base_bios_setupmenu_provider.py'.
Hint: make sure your test modules/packages have valid Python names.
Traceback:
C:\Program Files\Python38\lib\importlib\__init__.py:127: in import_module
    return _bootstrap._gcd_import(name[level:], package, level)
tests\unit\providers\test_base_bios_setupmenu_provider.py:9: in &lt;module&gt;
    from dtaf_core.providers.internal.base_bios_setupmenu_provider import BaseBiosSetupMenuProvider
src\dtaf_core\providers\internal\base_bios_setupmenu_provider.py:31: in &lt;module&gt;
    from dtaf_core.lib.private.context import ContextInstance as _ContextInstance
src\dtaf_core\lib\private\context.py:11: in &lt;module&gt;
    from dtaf_core.lib.private.cl_utils.adapter.serial_parsing import \
src\dtaf_core\lib\private\cl_utils\adapter\serial_parsing.py:6: in &lt;module&gt;
    from dtaf_core.lib.private.cl_utils.adapter.private.pyte_interface.gernal_pyte_api import GernalPYTE
src\dtaf_core\lib\private\cl_utils\adapter\private\pyte_interface\gernal_pyte_api.py:1: in &lt;module&gt;
    from dtaf_core.lib.private.cl_utils.adapter.private.pyte_interface.pyte.screens import Screen
src\dtaf_core\lib\private\cl_utils\adapter\private\pyte_interface\pyte\__init__.py:33: in &lt;module&gt;
    from .screens import Screen, DiffScreen, HistoryScreen, DebugScreen
src\dtaf_core\lib\private\cl_utils\adapter\private\pyte_interface\pyte\screens.py:40: in &lt;module&gt;
    from wcwidth import wcwidth
E   ModuleNotFoundError: No module named 'wcwidth'</error></testcase><testcase classname="" name="tests.unit.providers.test_base_bios_xmlcli_provider" time="0.000"><error message="collection failure">ImportError while importing test module 'C:\Users\czhao\git_root\dtaf\suresh_local\tests\unit\providers\test_base_bios_xmlcli_provider.py'.
Hint: make sure your test modules/packages have valid Python names.
Traceback:
C:\Program Files\Python38\lib\importlib\__init__.py:127: in import_module
    return _bootstrap._gcd_import(name[level:], package, level)
tests\unit\providers\test_base_bios_xmlcli_provider.py:33: in &lt;module&gt;
    from dtaf_core.providers.internal.base_bios_xmlcli_provider import BaseBiosXmlCliProvider
src\dtaf_core\providers\internal\base_bios_xmlcli_provider.py:22: in &lt;module&gt;
    import paramiko
E   ModuleNotFoundError: No module named 'paramiko'</error></testcase><testcase classname="" name="tests.unit.providers.test_com_bios_bootmenu_provider" time="0.000"><error message="collection failure">ImportError while importing test module 'C:\Users\czhao\git_root\dtaf\suresh_local\tests\unit\providers\test_com_bios_bootmenu_provider.py'.
Hint: make sure your test modules/packages have valid Python names.
Traceback:
C:\Program Files\Python38\lib\importlib\__init__.py:127: in import_module
    return _bootstrap._gcd_import(name[level:], package, level)
tests\unit\providers\test_com_bios_bootmenu_provider.py:10: in &lt;module&gt;
    from dtaf_core.providers.internal.com_bios_bootmenu_provider import ComBiosBootmenuProvider
src\dtaf_core\providers\internal\com_bios_bootmenu_provider.py:22: in &lt;module&gt;
    from dtaf_core.providers.internal.base_bios_bootmenu_provider import BaseBiosBootmenuProvider
src\dtaf_core\providers\internal\base_bios_bootmenu_provider.py:31: in &lt;module&gt;
    from dtaf_core.lib.private.context import ContextInstance as _ContextInstance
src\dtaf_core\lib\private\context.py:11: in &lt;module&gt;
    from dtaf_core.lib.private.cl_utils.adapter.serial_parsing import \
src\dtaf_core\lib\private\cl_utils\adapter\serial_parsing.py:6: in &lt;module&gt;
    from dtaf_core.lib.private.cl_utils.adapter.private.pyte_interface.gernal_pyte_api import GernalPYTE
src\dtaf_core\lib\private\cl_utils\adapter\private\pyte_interface\gernal_pyte_api.py:1: in &lt;module&gt;
    from dtaf_core.lib.private.cl_utils.adapter.private.pyte_interface.pyte.screens import Screen
src\dtaf_core\lib\private\cl_utils\adapter\private\pyte_interface\pyte\__init__.py:33: in &lt;module&gt;
    from .screens import Screen, DiffScreen, HistoryScreen, DebugScreen
src\dtaf_core\lib\private\cl_utils\adapter\private\pyte_interface\pyte\screens.py:40: in &lt;module&gt;
    from wcwidth import wcwidth
E   ModuleNotFoundError: No module named 'wcwidth'</error></testcase><testcase classname="" name="tests.unit.providers.test_com_bios_setupmenu_provider" time="0.000"><error message="collection failure">ImportError while importing test module 'C:\Users\czhao\git_root\dtaf\suresh_local\tests\unit\providers\test_com_bios_setupmenu_provider.py'.
Hint: make sure your test modules/packages have valid Python names.
Traceback:
C:\Program Files\Python38\lib\importlib\__init__.py:127: in import_module
    return _bootstrap._gcd_import(name[level:], package, level)
tests\unit\providers\test_com_bios_setupmenu_provider.py:10: in &lt;module&gt;
    from dtaf_core.providers.internal.com_bios_setupmenu_provider import ComBiosSetupmenuProvider
src\dtaf_core\providers\internal\com_bios_setupmenu_provider.py:22: in &lt;module&gt;
    from dtaf_core.providers.internal.base_bios_setupmenu_provider import BaseBiosSetupMenuProvider
src\dtaf_core\providers\internal\base_bios_setupmenu_provider.py:31: in &lt;module&gt;
    from dtaf_core.lib.private.context import ContextInstance as _ContextInstance
src\dtaf_core\lib\private\context.py:11: in &lt;module&gt;
    from dtaf_core.lib.private.cl_utils.adapter.serial_parsing import \
src\dtaf_core\lib\private\cl_utils\adapter\serial_parsing.py:6: in &lt;module&gt;
    from dtaf_core.lib.private.cl_utils.adapter.private.pyte_interface.gernal_pyte_api import GernalPYTE
src\dtaf_core\lib\private\cl_utils\adapter\private\pyte_interface\gernal_pyte_api.py:1: in &lt;module&gt;
    from dtaf_core.lib.private.cl_utils.adapter.private.pyte_interface.pyte.screens import Screen
src\dtaf_core\lib\private\cl_utils\adapter\private\pyte_interface\pyte\__init__.py:33: in &lt;module&gt;
    from .screens import Screen, DiffScreen, HistoryScreen, DebugScreen
src\dtaf_core\lib\private\cl_utils\adapter\private\pyte_interface\pyte\screens.py:40: in &lt;module&gt;
    from wcwidth import wcwidth
E   ModuleNotFoundError: No module named 'wcwidth'</error></testcase><testcase classname="" name="tests.unit.providers.test_pdu_ac_provider" time="0.000"><error message="collection failure">ImportError while importing test module 'C:\Users\czhao\git_root\dtaf\suresh_local\tests\unit\providers\test_pdu_ac_provider.py'.
Hint: make sure your test modules/packages have valid Python names.
Traceback:
C:\Program Files\Python38\lib\importlib\__init__.py:127: in import_module
    return _bootstrap._gcd_import(name[level:], package, level)
tests\unit\providers\test_pdu_ac_provider.py:1: in &lt;module&gt;
    from dtaf_core.providers.internal.pdu_ac_provider import PduAcProvider
src\dtaf_core\providers\internal\pdu_ac_provider.py:25: in &lt;module&gt;
    from dtaf_core.drivers.internal.pdu_driver import PduDriver
src\dtaf_core\drivers\internal\pdu_driver.py:27: in &lt;module&gt;
    import paramiko
E   ModuleNotFoundError: No module named 'paramiko'</error></testcase><testcase classname="" name="tests.unit.providers.test_sol_bios_bootmenu_provider" time="0.000"><error message="collection failure">ImportError while importing test module 'C:\Users\czhao\git_root\dtaf\suresh_local\tests\unit\providers\test_sol_bios_bootmenu_provider.py'.
Hint: make sure your test modules/packages have valid Python names.
Traceback:
C:\Program Files\Python38\lib\importlib\__init__.py:127: in import_module
    return _bootstrap._gcd_import(name[level:], package, level)
tests\unit\providers\test_sol_bios_bootmenu_provider.py:10: in &lt;module&gt;
    from dtaf_core.providers.internal.sol_bios_bootmenu_provider import SolBiosBootmenuProvider
src\dtaf_core\providers\internal\sol_bios_bootmenu_provider.py:22: in &lt;module&gt;
    from dtaf_core.providers.internal.base_bios_bootmenu_provider import BaseBiosBootmenuProvider
src\dtaf_core\providers\internal\base_bios_bootmenu_provider.py:31: in &lt;module&gt;
    from dtaf_core.lib.private.context import ContextInstance as _ContextInstance
src\dtaf_core\lib\private\context.py:11: in &lt;module&gt;
    from dtaf_core.lib.private.cl_utils.adapter.serial_parsing import \
src\dtaf_core\lib\private\cl_utils\adapter\serial_parsing.py:6: in &lt;module&gt;
    from dtaf_core.lib.private.cl_utils.adapter.private.pyte_interface.gernal_pyte_api import GernalPYTE
src\dtaf_core\lib\private\cl_utils\adapter\private\pyte_interface\gernal_pyte_api.py:1: in &lt;module&gt;
    from dtaf_core.lib.private.cl_utils.adapter.private.pyte_interface.pyte.screens import Screen
src\dtaf_core\lib\private\cl_utils\adapter\private\pyte_interface\pyte\__init__.py:33: in &lt;module&gt;
    from .screens import Screen, DiffScreen, HistoryScreen, DebugScreen
src\dtaf_core\lib\private\cl_utils\adapter\private\pyte_interface\pyte\screens.py:40: in &lt;module&gt;
    from wcwidth import wcwidth
E   ModuleNotFoundError: No module named 'wcwidth'</error></testcase><testcase classname="" name="tests.unit.providers.test_sol_bios_setupmenu_provider" time="0.000"><error message="collection failure">ImportError while importing test module 'C:\Users\czhao\git_root\dtaf\suresh_local\tests\unit\providers\test_sol_bios_setupmenu_provider.py'.
Hint: make sure your test modules/packages have valid Python names.
Traceback:
C:\Program Files\Python38\lib\importlib\__init__.py:127: in import_module
    return _bootstrap._gcd_import(name[level:], package, level)
tests\unit\providers\test_sol_bios_setupmenu_provider.py:10: in &lt;module&gt;
    from dtaf_core.providers.internal.sol_bios_setupmenu_provider import SolBiosSetupmenuProvider
src\dtaf_core\providers\internal\sol_bios_setupmenu_provider.py:22: in &lt;module&gt;
    from dtaf_core.providers.internal.base_bios_setupmenu_provider import BaseBiosSetupMenuProvider
src\dtaf_core\providers\internal\base_bios_setupmenu_provider.py:31: in &lt;module&gt;
    from dtaf_core.lib.private.context import ContextInstance as _ContextInstance
src\dtaf_core\lib\private\context.py:11: in &lt;module&gt;
    from dtaf_core.lib.private.cl_utils.adapter.serial_parsing import \
src\dtaf_core\lib\private\cl_utils\adapter\serial_parsing.py:6: in &lt;module&gt;
    from dtaf_core.lib.private.cl_utils.adapter.private.pyte_interface.gernal_pyte_api import GernalPYTE
src\dtaf_core\lib\private\cl_utils\adapter\private\pyte_interface\gernal_pyte_api.py:1: in &lt;module&gt;
    from dtaf_core.lib.private.cl_utils.adapter.private.pyte_interface.pyte.screens import Screen
src\dtaf_core\lib\private\cl_utils\adapter\private\pyte_interface\pyte\__init__.py:33: in &lt;module&gt;
    from .screens import Screen, DiffScreen, HistoryScreen, DebugScreen
src\dtaf_core\lib\private\cl_utils\adapter\private\pyte_interface\pyte\screens.py:40: in &lt;module&gt;
    from wcwidth import wcwidth
E   ModuleNotFoundError: No module named 'wcwidth'</error></testcase><testcase classname="" name="tests.unit.providers.test_sut_os_provider" time="0.000"><error message="collection failure">ImportError while importing test module 'C:\Users\czhao\git_root\dtaf\suresh_local\tests\unit\providers\test_sut_os_provider.py'.
Hint: make sure your test modules/packages have valid Python names.
Traceback:
C:\Program Files\Python38\lib\importlib\__init__.py:127: in import_module
    return _bootstrap._gcd_import(name[level:], package, level)
tests\unit\providers\test_sut_os_provider.py:29: in &lt;module&gt;
    from dtaf_core.providers.internal.ssh_sut_os_provider import SutOsProvider
src\dtaf_core\providers\internal\ssh_sut_os_provider.py:29: in &lt;module&gt;
    import fabric
E   ModuleNotFoundError: No module named 'fabric'</error></testcase><testcase classname="" name="tests.unit.providers.test_sut_os_ssh_provider" time="0.000"><error message="collection failure">ImportError while importing test module 'C:\Users\czhao\git_root\dtaf\suresh_local\tests\unit\providers\test_sut_os_ssh_provider.py'.
Hint: make sure your test modules/packages have valid Python names.
Traceback:
C:\Program Files\Python38\lib\importlib\__init__.py:127: in import_module
    return _bootstrap._gcd_import(name[level:], package, level)
tests\unit\providers\test_sut_os_ssh_provider.py:33: in &lt;module&gt;
    from invoke import CommandTimedOut
E   ModuleNotFoundError: No module named 'invoke'</error></testcase><testcase classname="" name="tests.unit.providers.test_wsol_bios_bootmenu_provider" time="0.000"><error message="collection failure">ImportError while importing test module 'C:\Users\czhao\git_root\dtaf\suresh_local\tests\unit\providers\test_wsol_bios_bootmenu_provider.py'.
Hint: make sure your test modules/packages have valid Python names.
Traceback:
C:\Program Files\Python38\lib\importlib\__init__.py:127: in import_module
    return _bootstrap._gcd_import(name[level:], package, level)
tests\unit\providers\test_wsol_bios_bootmenu_provider.py:5: in &lt;module&gt;
    from dtaf_core.providers.internal.wsol_bios_bootmenu_provider import WsolBiosBootmenuProvider
src\dtaf_core\providers\internal\wsol_bios_bootmenu_provider.py:24: in &lt;module&gt;
    from dtaf_core.providers.internal.base_bios_bootmenu_provider import BaseBiosBootmenuProvider
src\dtaf_core\providers\internal\base_bios_bootmenu_provider.py:31: in &lt;module&gt;
    from dtaf_core.lib.private.context import ContextInstance as _ContextInstance
src\dtaf_core\lib\private\context.py:11: in &lt;module&gt;
    from dtaf_core.lib.private.cl_utils.adapter.serial_parsing import \
src\dtaf_core\lib\private\cl_utils\adapter\serial_parsing.py:6: in &lt;module&gt;
    from dtaf_core.lib.private.cl_utils.adapter.private.pyte_interface.gernal_pyte_api import GernalPYTE
src\dtaf_core\lib\private\cl_utils\adapter\private\pyte_interface\gernal_pyte_api.py:1: in &lt;module&gt;
    from dtaf_core.lib.private.cl_utils.adapter.private.pyte_interface.pyte.screens import Screen
src\dtaf_core\lib\private\cl_utils\adapter\private\pyte_interface\pyte\__init__.py:33: in &lt;module&gt;
    from .screens import Screen, DiffScreen, HistoryScreen, DebugScreen
src\dtaf_core\lib\private\cl_utils\adapter\private\pyte_interface\pyte\screens.py:40: in &lt;module&gt;
    from wcwidth import wcwidth
E   ModuleNotFoundError: No module named 'wcwidth'</error></testcase><testcase classname="" name="tests.unit.providers.test_wsol_bios_setupmenu_provider" time="0.000"><error message="collection failure">ImportError while importing test module 'C:\Users\czhao\git_root\dtaf\suresh_local\tests\unit\providers\test_wsol_bios_setupmenu_provider.py'.
Hint: make sure your test modules/packages have valid Python names.
Traceback:
C:\Program Files\Python38\lib\importlib\__init__.py:127: in import_module
    return _bootstrap._gcd_import(name[level:], package, level)
tests\unit\providers\test_wsol_bios_setupmenu_provider.py:5: in &lt;module&gt;
    from dtaf_core.providers.internal.wsol_bios_setupmenu_provider import WsolBiosSetupmenuProvider
src\dtaf_core\providers\internal\wsol_bios_setupmenu_provider.py:22: in &lt;module&gt;
    from dtaf_core.providers.internal.base_bios_setupmenu_provider import BaseBiosSetupMenuProvider
src\dtaf_core\providers\internal\base_bios_setupmenu_provider.py:31: in &lt;module&gt;
    from dtaf_core.lib.private.context import ContextInstance as _ContextInstance
src\dtaf_core\lib\private\context.py:11: in &lt;module&gt;
    from dtaf_core.lib.private.cl_utils.adapter.serial_parsing import \
src\dtaf_core\lib\private\cl_utils\adapter\serial_parsing.py:6: in &lt;module&gt;
    from dtaf_core.lib.private.cl_utils.adapter.private.pyte_interface.gernal_pyte_api import GernalPYTE
src\dtaf_core\lib\private\cl_utils\adapter\private\pyte_interface\gernal_pyte_api.py:1: in &lt;module&gt;
    from dtaf_core.lib.private.cl_utils.adapter.private.pyte_interface.pyte.screens import Screen
src\dtaf_core\lib\private\cl_utils\adapter\private\pyte_interface\pyte\__init__.py:33: in &lt;module&gt;
    from .screens import Screen, DiffScreen, HistoryScreen, DebugScreen
src\dtaf_core\lib\private\cl_utils\adapter\private\pyte_interface\pyte\screens.py:40: in &lt;module&gt;
    from wcwidth import wcwidth
E   ModuleNotFoundError: No module named 'wcwidth'</error></testcase><testcase classname="" name="tests.unit.providers.test_xmlcli_bios_provider" time="0.000"><error message="collection failure">ImportError while importing test module 'C:\Users\czhao\git_root\dtaf\suresh_local\tests\unit\providers\test_xmlcli_bios_provider.py'.
Hint: make sure your test modules/packages have valid Python names.
Traceback:
C:\Program Files\Python38\lib\importlib\__init__.py:127: in import_module
    return _bootstrap._gcd_import(name[level:], package, level)
tests\unit\providers\test_xmlcli_bios_provider.py:20: in &lt;module&gt;
    from dtaf_core.providers.internal.xmlcli_bios_provider import XmlcliBiosProvider
src\dtaf_core\providers\internal\xmlcli_bios_provider.py:22: in &lt;module&gt;
    from dtaf_core.providers.internal.base_bios_xmlcli_provider import BaseBiosXmlCliProvider
src\dtaf_core\providers\internal\base_bios_xmlcli_provider.py:22: in &lt;module&gt;
    import paramiko
E   ModuleNotFoundError: No module named 'paramiko'</error></testcase><testcase classname="tests.unit.driver_config.test_cscripts_driver_config.TestCscriptsDriverConfig" name="test_banino_cfg_normal" time="0.007" /><testcase classname="tests.unit.driver_config.test_pdupi_driver_config.TestPdupiDriverConfig" name="test_banino_cfg_normal" time="0.007" /><testcase classname="tests.unit.driver_config.test_com_driver_config.TestComDriverConfig" name="test_banino_cfg_normal" time="0.009" /><testcase classname="tests.unit.driver_config.test_banino_driver_config.TestBaninoDriverConfig" name="test_banino_cfg_normal" time="0.009" /><testcase classname="tests.unit.driver_config.test_onebkc_driver_config.TestOnebkcDriverConfig" name="test_banino_cfg_normal" time="0.008" /><testcase classname="tests.unit.driver_config.test_pdu_driver_config.TestPduDriverConfig" name="test_banino_cfg_normal" time="0.009" /><testcase classname="tests.unit.driver_config.test_ipmi_driver_config.TestIpmiDriverConfig" name="test_banino_cfg_normal" time="0.008" /><testcase classname="tests.unit.driver_config.test_em100_driver_config.TestEm100DriverConfig" name="test_banino_cfg_normal" time="0.014" /><testcase classname="tests.unit.driver_config.test_raspberrypi_driver_config.TestSuites" name="test_init" time="0.002" /><testcase classname="tests.unit.driver_config.test_soundwave2k_driver_config.TestRedfishDriverConfig" name="test_banino_cfg_normal" time="0.003" /><testcase classname="tests.unit.driver_config.test_socket_driver_config.TestRedfishDriverConfig" name="test_banino_cfg_normal" time="0.002" /><testcase classname="tests.unit.driver_config.test_sol_driver_config.TestRedfishDriverConfig" name="test_banino_cfg_normal" time="0.002" /><testcase classname="tests.unit.driver_config.test_pythonsv_driver_config.TestPythonsvDriverConfig" name="test_banino_cfg_normal" time="0.003" /><testcase classname="tests.unit.driver_config.test_sf100_driver_config.TestRedfishDriverConfig" name="test_banino_cfg_normal" time="0.002" /><testcase classname="tests.unit.driver_config.test_pi_driver_config.TestPiDriverConfig" name="test_banino_cfg_normal" time="0.003" /><testcase classname="tests.unit.driver_config.test_wsol_driver_config.TestWsolDriverConfig" name="test_wsol_cfg_normal" time="0.004" /><testcase classname="tests.unit.drivers.test_banino_driver.TestBaninoDriver" name="test_conect_relay_custom" time="1.013" /><testcase classname="tests.unit.driver_config.test_ykush_driver_config.TestSuites" name="test_init" time="0.002" /><testcase classname="tests.unit.driver_config.test_xmlcli_driver_config.TestXmlCliDriverConfig" name="test_xmlcli_cfg_normal" time="0.003" /><testcase classname="tests.unit.drivers.test_banino_driver.TestBaninoDriver" name="test_conect_relay" time="1.011" /><testcase classname="tests.unit.driver_config.test_usbblaster_driver_config.TestRedfishDriverConfig" name="test_banino_cfg_normal" time="0.003" /><testcase classname="tests.unit.driver_config.test_redfish_driver_config.TestRedfishDriverConfig" name="test_redfish_cfg_normal" time="0.004" /><testcase classname="tests.unit.driver_config.test_ssh_driver_config.TestRedfishDriverConfig" name="test_banino_cfg_normal" time="0.003" /><testcase classname="tests.unit.drivers.test_banino_driver.TestBaninoDriver" name="test_connect_usb_to_sut" time="5.016" /><testcase classname="tests.unit.drivers.test_banino_driver.TestBaninoDriver" name="test_set_clear_cmos" time="1.006" /><testcase classname="tests.unit.drivers.test_banino_driver.TestBaninoDriver" name="test_disconnect_usb" time="5.013" /><testcase classname="tests.unit.drivers.test_banino_driver.TestBaninoDriver" name="test_disconnect_relay" time="1.002" /><testcase classname="tests.unit.driver_config.test_xdp_driver_config.TestRedfishDriverConfig" name="test_banino_cfg_normal" time="0.002" /><testcase classname="tests.unit.drivers.test_banino_driver.TestBaninoDriver" name="test_disconnect_relay_custom" time="0.998" /><testcase classname="tests.unit.drivers.test_banino_driver.TestBaninoDriver" name="test_connect_usb_to_host" time="5.025" /><testcase classname="tests.unit.drivers.test_banino_driver.TestBaninoDriver" name="test_get_ac_power_state" time="0.028" /><testcase classname="tests.unit.drivers.test_banino_driver.TestBaninoDriver" name="test_get_dc_power_state" time="0.034" /><testcase classname="tests.unit.drivers.test_banino_driver.TestBaninoDriver" name="test_dc_power_off" time="6.017" /><testcase classname="tests.unit.drivers.test_banino_driver.TestBaninoDriver" name="test_get_sx_power_state" time="0.034" /><testcase classname="tests.unit.drivers.test_banino_driver.TestBaninoDriver" name="test_dc_power_on" time="1.996" /><testcase classname="tests.unit.drivers.test_banino_driver.TestBaninoDriver" name="test_chip_flash_bmc[0-0-1]" time="0.009" /><testcase classname="tests.unit.drivers.test_banino_driver.TestBaninoDriver" name="test_chip_flash[0-0-0]" time="0.009" /><testcase classname="tests.unit.drivers.test_banino_driver.TestBaninoDriver" name="test_chip_flash[0-0-1]" time="0.008" /><testcase classname="tests.unit.drivers.test_base_serial_driver.TestBuffer" name="test_pull[123-None]" time="0.002" /><testcase classname="tests.unit.drivers.test_base_serial_driver.TestBuffer" name="test_push_if_less_equal_than_maxsize[None-]" time="0.002" /><testcase classname="tests.unit.drivers.test_base_serial_driver.TestBuffer" name="test_clean[abcdefghijk-log_param0]" time="0.002" /><testcase classname="tests.unit.drivers.test_base_serial_driver.TestBuffer" name="test_push_if_less_equal_than_maxsize[log_param0-abcdefghijk]" time="0.002" /><testcase classname="tests.unit.drivers.test_base_serial_driver.TestBuffer" name="test_clean[None-log_param0]" time="0.002" /><testcase classname="tests.unit.drivers.test_base_serial_driver.TestBuffer" name="test_clean[123-log_param0]" time="0.002" /><testcase classname="tests.unit.drivers.test_base_serial_driver.TestBuffer" name="test_pull[123-log_param0]" time="0.002" /><testcase classname="tests.unit.drivers.test_base_serial_driver.TestSerialBufferSet" name="test_buffers_name" time="0.002" /><testcase classname="tests.unit.drivers.test_base_serial_driver.TestBuffer" name="test_pull[None-None]" time="0.003" /><testcase classname="tests.unit.drivers.test_base_serial_driver.TestBuffer" name="test_push_if_less_equal_than_maxsize[log_param0-]" time="0.003" /><testcase classname="tests.unit.drivers.test_com_driver.TestComDriver" name="test_new_resource" time="0.005" /><testcase classname="tests.unit.drivers.test_base_serial_driver.TestBuffer" name="test_push_if_greater_than_maxsize[log_param0]" time="0.003" /><testcase classname="tests.unit.drivers.test_base_serial_driver.TestSerialBufferSet" name="test_new_buffer" time="0.002" /><testcase classname="tests.unit.drivers.test_com_driver.TestComDriver" name="test_with_exception" time="5.059" /><testcase classname="tests.unit.drivers.test_com_driver.TestComDriver" name="test_init_with_args" time="0.004" /><testcase classname="tests.unit.drivers.test_idrac.TestIdrac" name="test_dc_power_off" time="0.002" /><testcase classname="tests.unit.drivers.test_idrac.TestIdrac" name="test_get_bios_version" time="0.001" /><testcase classname="tests.unit.drivers.test_com_driver.TestComDriver" name="test_write" time="0.006" /><testcase classname="tests.unit.drivers.test_ipmi_driver.TestIpmiDriver" name="test_dc_power_on[Chassis Power Control: Up/On]" time="0.006" /><testcase classname="tests.unit.drivers.test_idrac.TestIdrac" name="test_clear_cmos" time="0.002" /><testcase classname="tests.unit.drivers.test_ipmi_driver.TestIpmiDriver" name="test_get_dc_power_state[error]" time="0.002" /><testcase classname="tests.unit.drivers.test_idrac.TestIdrac" name="test_change_bootorder" time="0.001" /><testcase classname="tests.unit.drivers.test_pdupi_driver.TestPduPiDriver" name="test_dc_power_on" time="0.003" /><testcase classname="tests.unit.drivers.test_ipmi_driver.TestIpmiDriver" name="test_dc_power_off[Set Chassis Power Control to Down/Off failed: Command not supported in present state]" time="0.004" /><testcase classname="tests.unit.drivers.test_pdupi_driver.TestPduPiDriver" name="test_reset_username_password" time="0.002" /><testcase classname="tests.unit.drivers.test_pi_driver.TestPiDriver" name="test_dc_power_off" time="0.002" /><testcase classname="tests.unit.drivers.test_ipmi_driver.TestIpmiDriver" name="test_dc_power_reset[raise]" time="0.002" /><testcase classname="tests.unit.drivers.test_pi_driver.TestPiDriver" name="test_read_s3_pin" time="0.002" /><testcase classname="tests.unit.drivers.test_pdupi_driver.TestPduPiDriver" name="test_dc_power_reset" time="0.002" /><testcase classname="tests.unit.drivers.test_raspberry_driver.TestRaspberryDriver" name="test_ac_power_off[False]" time="0.002" /><testcase classname="tests.unit.drivers.test_pduusb_driver.TestPiDriver" name="test_ac_connected" time="0.003" /><testcase classname="tests.unit.drivers.test_raspberry_driver.TestRaspberryDriver" name="test_get_dc_power_state[False]" time="0.002" /><testcase classname="tests.unit.drivers.test_pi_driver.TestPiDriver" name="test_connect_usb_to_sut" time="0.002" /><testcase classname="tests.unit.drivers.test_raspberry_driver.TestRaspberryDriver" name="test_disconnect_usb[False]" time="0.002" /><testcase classname="tests.unit.drivers.test_pi_driver.TestPiDriver" name="test_chip_reading" time="0.002" /><testcase classname="tests.unit.drivers.test_raspberry_driver.TestRaspberryDriver" name="test_read_s4_pin[False]" time="0.002" /><testcase classname="tests.unit.drivers.test_raspberry_driver.TestRaspberryDriver" name="test_dc_power_on[True]" time="0.003" /><testcase classname="tests.unit.drivers.test_redfish_driver.TestRedfishDrive" name="test_ac_power_off[Exception_error]" time="0.002" /><testcase classname="tests.unit.drivers.test_raspberry_driver.TestRaspberryDriver" name="test_connect_usb_to_sut[True]" time="0.002" /><testcase classname="tests.unit.drivers.test_redfish_driver.TestRedfishDrive" name="test_dc_power_on[200]" time="0.002" /><testcase classname="tests.unit.drivers.test_raspberry_driver.TestRaspberryDriver" name="test_read_post_code[True]" time="0.002" /><testcase classname="tests.unit.drivers.test_redfish_driver.TestRedfishDrive" name="test_dc_power_reset[100]" time="0.002" /><testcase classname="tests.unit.drivers.test_redfish_driver.TestRedfishDrive" name="test_ac_power_on[100]" time="0.002" /><testcase classname="tests.unit.drivers.test_redfish_driver.TestRedfishDrive" name="test_current_bmc_version_check[Exception_error]" time="0.002" /><testcase classname="tests.unit.drivers.test_redfish_driver.TestRedfishDrive" name="test_get_ac_power_state[Exception_error]" time="0.002" /><testcase classname="tests.unit.drivers.test_redfish_driver.TestRedfishDrive" name="test_current_bios_version_check[200]" time="0.003" /><testcase classname="tests.unit.drivers.test_redfish_driver.TestRedfishDrive" name="test_dc_power_off[200]" time="0.002" /><testcase classname="tests.unit.drivers.test_redfish_driver.TestRedfishDrive" name="test_execute[100-None]" time="0.002" /><testcase classname="tests.unit.drivers.test_redfish_driver.TestRedfishDrive" name="test_current_bios_version_check_one_Timer[100]" time="0.002" /><testcase classname="tests.unit.drivers.test_redfish_driver.TestRedfishDrive" name="test_current_bmc_version_check_one_Timer[Exception_error]" time="0.002" /><testcase classname="tests.unit.drivers.test_redfish_driver.TestRedfishDrive" name="test_current_bios_version_check_one_Timer[200]" time="0.002" /><testcase classname="tests.unit.drivers.test_redfish_driver.TestRedfishDrive" name="test_get_system_status_led" time="0.004" /><testcase classname="tests.unit.drivers.test_redfish_driver.TestRedfishDrive" name="test_current_bios_version_check_one_Timer[Exception_error]" time="0.002" /><testcase classname="tests.unit.drivers.test_redfish_driver.TestRedfishDrive" name="test_chip_flash_bios[100-C:\\Users\\czhao\\git_root\\dtaf\\suresh_local\\tests\\unit\\drivers\\test_redfish_driver.py]" time="0.002" /><testcase classname="tests.unit.drivers.test_rsc2_driver.TestRsc2Driver" name="test_press_power_button" time="0.002" /><testcase classname="tests.unit.drivers.test_redfish_driver.TestRedfishDrive" name="test_chip_flash_bios[202-C:\\Users\\czhao\\git_root\\dtaf\\suresh_local\\tests\\unit\\drivers\\test_redfish_driver.py]" time="0.002" /><testcase classname="tests.unit.drivers.test_rsc2_driver.TestRsc2Driver" name="test_press_reset_button" time="0.002" /><testcase classname="tests.unit.drivers.test_redfish_driver.TestRedfishDrive" name="test_chip_flash_bios[Exception_error-C:\\Users\\czhao\\git_root\\dtaf\\suresh_local\\tests\\unit\\drivers\\test_redfish_driver.py]" time="0.002" /><testcase classname="tests.unit.drivers.test_rsc2_driver.TestRsc2Driver" name="test_remove_power" time="0.002" /><testcase classname="tests.unit.drivers.test_redfish_driver.TestRedfishDrive" name="test_current_cpld_version_check[100]" time="0.002" /><testcase classname="tests.unit.drivers.test_rsc2_driver.TestRsc2Driver" name="test_connect_power" time="0.003" /><testcase classname="tests.unit.drivers.test_redfish_driver.TestRedfishDrive" name="test_current_cpld_version_check[200]" time="0.002" /><testcase classname="tests.unit.drivers.test_rsc2_driver.TestRsc2Driver" name="test_ac_connected" time="0.002" /><testcase classname="tests.unit.drivers.test_redfish_driver.TestRedfishDrive" name="test_current_cpld_version_check[Exception_error]" time="0.002" /><testcase classname="tests.unit.drivers.test_rsc2_driver.TestRsc2Driver" name="test_connect_usb_to_sut" time="0.002" /><testcase classname="tests.unit.drivers.test_redfish_driver.TestRedfishDrive" name="test_current_cpld_version_check_one_Timer[100]" time="0.002" /><testcase classname="tests.unit.drivers.test_rsc2_driver.TestRsc2Driver" name="test_connect_usb_to_host" time="0.002" /><testcase classname="tests.unit.drivers.test_redfish_driver.TestRedfishDrive" name="test_current_cpld_version_check_one_Timer[200]" time="0.003" /><testcase classname="tests.unit.drivers.test_rsc2_driver.TestRsc2Driver" name="test_disconnect_usb" time="0.003" /><testcase classname="tests.unit.drivers.test_redfish_driver.TestRedfishDrive" name="test_current_cpld_version_check_one_Timer[Exception_error]" time="0.002" /><testcase classname="tests.unit.drivers.test_rsc2_driver.TestRsc2Driver" name="test_read_power_led" time="0.003" /><testcase classname="tests.unit.drivers.test_redfish_driver.TestRedfishDrive" name="test_chip_flash_cpld[100-C:\\Users\\czhao\\git_root\\dtaf\\suresh_local\\tests\\unit\\drivers\\test_redfish_driver.py]" time="0.002" /><testcase classname="tests.unit.drivers.test_rsc2_driver.TestRsc2Driver" name="test_read_amber_status_led" time="0.002" /><testcase classname="tests.unit.drivers.test_redfish_driver.TestRedfishDrive" name="test_chip_flash_cpld[202-C:\\Users\\czhao\\git_root\\dtaf\\suresh_local\\tests\\unit\\drivers\\test_redfish_driver.py]" time="0.002" /><testcase classname="tests.unit.drivers.test_rsc2_driver.TestRsc2Driver" name="test_read_id_led" time="0.003" /><testcase classname="tests.unit.drivers.test_redfish_driver.TestRedfishDrive" name="test_chip_flash_cpld[Exception_error-C:\\Users\\czhao\\git_root\\dtaf\\suresh_local\\tests\\unit\\drivers\\test_redfish_driver.py]" time="0.003" /><testcase classname="tests.unit.drivers.test_socket_driver.TestSocketDriver" name="test_open[a]" time="0.002" /><testcase classname="tests.unit.drivers.test_redfish_driver.TestRedfishDrive" name="test_read_volt[100-C:\\Users\\czhao\\git_root\\dtaf\\suresh_local\\tests\\unit\\drivers\\test_redfish_driver.py]" time="0.002" /><testcase classname="tests.unit.drivers.test_socket_driver.TestSocketDriver" name="test_open[b]" time="0.002" /><testcase classname="tests.unit.drivers.test_redfish_driver.TestRedfishDrive" name="test_read_volt[202-C:\\Users\\czhao\\git_root\\dtaf\\suresh_local\\tests\\unit\\drivers\\test_redfish_driver.py]" time="0.002" /><testcase classname="tests.unit.drivers.test_socket_driver.TestSocketDriver" name="test_receive[sendtest-300-None-c]" time="0.048" /><testcase classname="tests.unit.drivers.test_redfish_driver.TestRedfishDrive" name="test_read_volt[Exception_error-C:\\Users\\czhao\\git_root\\dtaf\\suresh_local\\tests\\unit\\drivers\\test_redfish_driver.py]" time="0.002" /><testcase classname="tests.unit.drivers.test_redfish_driver.TestRedfishDrive" name="test_platform_postcode" time="0.004" /><testcase classname="tests.unit.drivers.test_redfish_driver.TestRedfishDrive" name="test_set_bios_category_bootorder" time="0.002" /><testcase classname="tests.unit.drivers.test_redfish_driver.TestRedfishDrive" name="test_get_bios_category_bootorder" time="0.002" /><testcase classname="tests.unit.drivers.test_redfish_driver.TestRedfishDrive" name="test_get_system_info" time="0.029" /><testcase classname="tests.unit.drivers.test_socket_driver.TestSocketDriver" name="test_receive[sendtest-299-None-c]" time="0.047" /><testcase classname="tests.unit.lib.test_base_test_case.TestBaseTestCase" name="test_btc_fail" time="0.008" /><testcase classname="tests.unit.lib.test_base_test_case.TestBaseTestCase" name="test_btc_pass" time="0.004" /><testcase classname="tests.unit.lib.test_base_test_case.TestBaseTestCase" name="test_btc_prepare_fail" time="0.006" /><testcase classname="tests.unit.lib.test_bios_menu_types.TestSuites" name="test_types" time="0.014" /><testcase classname="tests.unit.lib.test_dc_power_config.TestSuites" name="test_init" time="0.001" /><testcase classname="tests.unit.lib.test_deploy_utils.TestJumpers" name="test_init" time="0.002" /><testcase classname="tests.unit.lib.test_jumpers.TestJumpers" name="test_init" time="0.001" /><testcase classname="tests.unit.drivers.test_socket_driver.TestSocketDriver" name="test_send[aaaaaaaaaaaaaaaaaaaaaaaaaaaaaaaaaaaaaaaaaaaaaaaaaaaaaaaaaaaaaaaaaaaaaaaaaaaaaaaaaaaaaaaaaaaaaaaaaaaaaaaaaaaaaaaaaaaaaaaaaaaaaaaaaaaaaaaaaaaaaaaaaaaaaaaaaaaaaaaaaaaaaaaaaaaaaaaaaaaaaaaaaaaaaaaaaaaaaaaaaaaaaaaaaaaaaaaaaaaaaaaaaaaaaaaaaaaaaaaaaaaaaaaaaaaaaaaaaaaaaaaaaaaaaaaaaaaaaaaaaaaaaaaaaaaaaaaaaaaaaaaaaaaaaaaaaaaaaaaaaaaaaaaaaaaaaaaaaaaaaaaaaaaaaaaaaaaaaaaaaaaaaaaaaaaaaaaaaaaaaaaaaaaaaaaaaaaaaaaaaaaaaaaaaaaaaaaaaaaaaaaaaaaaaaaaaaaaaaaaaaaaaaaaaaaaaaaaaaaaaaaaaaaaaaaaaaaaaaaaaaaaaaaaaaaaaaaaaaaaaaaaaaaaaaaaaaaaaaaaaaaaaaaaaaaaaaaaaaaaaaaaaaaaaaaaaaaaaaaaaaaaaaaaaaaaaaaaaaaaaaaaaaaaaaaaaaaaaaaaaaaaaaaaaaaaaaaaaaaaaaaaaaaaaaaaaaaaaaaaaaaaaaaaaaaaaaaaaaaaaaaaaaaaaaaaaaaaaaaaaaaaaaaaaaaaaaaaaaaaaaaaaaaaaaaaaaaaaaaaaaaaaaaaaaaaaaaaaaaaaaaaaaaaaaaaaaaaaaaaaaaaaaaaaaaaaaaaaaaaaaaaaaaaaaaaaaaaaaaaaaaaaaaaaaaaaaaaaaaaaaaaaaaaaaaaaaaaaaaaaaaaaaaaaaaaaaaaaaaaaaaaaaaaaaaaaaaaaaaaaaaaaaaaaaaaaaaaaaaaaaaaaaaaaaaaaaaaaaaaaaaaaaaaaaaaaaaaaaaaaaaaaaaaaaaaaaaaaaaaaaaaaaaaaaaaaaaaaaaaaaaaaaaaaaaaaaaaaaaaaaaaaaaaaaaaaaaaaaaaaaaaaaaaaaa-c]" time="0.002" /><testcase classname="tests.unit.lib.test_serial_helper.TestSerialHelper" name="test_set_filter_data" time="0.001" /><testcase classname="tests.unit.drivers.test_soundwave2k_driver.TestSoundWaveSerialPort" name="test_send[5503000058-True]" time="0.029" /><testcase classname="tests.unit.lib.test_serial_helper.TestSerialHelper" name="test_clear_filter_data" time="0.001" /><testcase classname="tests.unit.lib.test_serial_helper.TestSerialHelper" name="test_get" time="0.001" /><testcase classname="tests.unit.lib.test_serial_helper.TestSerialHelper" name="test_read_frame" time="0.002" /><testcase classname="tests.unit.lib.test_serial_helper.TestSerialHelper" name="test_read_until" time="0.295" /><testcase classname="tests.unit.drivers.test_soundwave2k_driver.TestSoundwave2kDriver" name="test_reboot[5503000058-True]" time="0.006" /><testcase classname="tests.unit.drivers.test_soundwave2k_driver.TestSoundwave2kDriver" name="test_reboot[550300005a-False]" time="0.004" /><testcase classname="tests.unit.drivers.test_soundwave2k_driver.TestSoundwave2kDriver" name="test_ac_power_on[550302015b-True]" time="0.004" /><testcase classname="tests.unit.lib.test_serial_transport.TestSerialTransport" name="test_send_msg" time="0.007" /><testcase classname="tests.unit.lib.test_shared_data.TestSuites" name="test_performance" time="0.001" /><testcase classname="tests.unit.lib.test_shared_data.TestSuites" name="test_get_instance" time="0.001" /><testcase classname="tests.unit.lib.test_shared_data.TestSuites" name="test_feed" time="0.001" /><testcase classname="tests.unit.lib.test_shared_data.TestSuites" name="test_set_capture_pattern_list" time="0.001" /><testcase classname="tests.unit.lib.test_shared_data.TestSuites" name="test_clean" time="0.001" /><testcase classname="tests.unit.lib.test_shared_data.TestSuites" name="test_return_on_detection" time="0.001" /><testcase classname="tests.unit.lib.test_shared_data.TestSuites" name="test_get_result" time="0.001" /><testcase classname="tests.unit.lib.test_usb_pdu.TestSuites" name="test_init" time="18.018" /><testcase classname="tests.unit.lib.test_serial_helper.TestSerialHelper" name="test_read" time="0.001" /><testcase classname="tests.unit.lib.test_serial_helper.TestSerialHelper" name="test_write" time="0.001" /><testcase classname="tests.unit.lib.test_serial_helper.TestSerialHelper" name="test_clean_buffer" time="0.001" /><testcase classname="tests.unit.lib.test_serial_transport.TestSerialTransport" name="test_misc" time="0.001" /><testcase classname="tests.unit.lib.test_serial_transport.TestSerialTransport" name="test_recv" time="18.010" /><testcase classname="tests.unit.drivers.test_banino_driver.TestBaninoDriver" name="test_program_jumper" time="0.002" /><testcase classname="tests.unit.drivers.test_banino_driver.TestBaninoDriver" name="test_chip_flash_bmc[1-0-0]" time="0.005" /><testcase classname="tests.unit.drivers.test_base_serial_driver.TestBuffer" name="test_clean[123-None]" time="0.001" /><testcase classname="tests.unit.drivers.test_base_serial_driver.TestBuffer" name="test_pull[-log_param0]" time="0.002" /><testcase classname="tests.unit.drivers.test_base_serial_driver.TestBuffer" name="test_push_if_less_equal_than_maxsize[log_param0-None]" time="0.002" /><testcase classname="tests.unit.drivers.test_com_driver" name="test" time="0.001" /><testcase classname="tests.unit.drivers.test_com_driver.TestComDriver" name="test_push_to_all_buffer" time="0.108" /><testcase classname="tests.unit.drivers.test_idrac.TestIdrac" name="test_dc_power_state" time="0.001" /><testcase classname="tests.unit.drivers.test_idrac.TestIdrac" name="test_get_cpld_version" time="0.001" /><testcase classname="tests.unit.drivers.test_ipmi_driver.TestIpmiDriver" name="test_dc_power_on[error]" time="0.005" /><testcase classname="tests.unit.drivers.test_ipmi_driver.TestIpmiDriver" name="test_dc_power_reset[Chassis Power Control: Reset]" time="0.002" /><testcase classname="tests.unit.drivers.test_pdupi_driver.TestPduPiDriver" name="test_dc_power_off" time="0.002" /><testcase classname="tests.unit.drivers.test_pduusb_driver.TestPiDriver" name="test_remove_power" time="0.002" /><testcase classname="tests.unit.drivers.test_pi_driver.TestPiDriver" name="test_get_dc_power_state" time="0.002" /><testcase classname="tests.unit.drivers.test_pi_driver.TestPiDriver" name="test_read_s4_pin" time="0.002" /><testcase classname="tests.unit.drivers.test_raspberry_driver.TestRaspberryDriver" name="test_get_ac_power_state[True]" time="0.002" /><testcase classname="tests.unit.drivers.test_raspberry_driver.TestRaspberryDriver" name="test_dc_power_reset[True]" time="0.002" /><testcase classname="tests.unit.drivers.test_raspberry_driver.TestRaspberryDriver" name="test_set_clear_cmos[True]" time="0.002" /><testcase classname="tests.unit.drivers.test_raspberry_driver.TestRaspberryDriver" name="test_program_jumper[True]" time="0.002" /><testcase classname="tests.unit.drivers.test_redfish_driver.TestRedfishDrive" name="test_get_ac_power_state[100]" time="0.003" /><testcase classname="tests.unit.drivers.test_redfish_driver.TestRedfishDrive" name="test_dc_power_on[Exception_error]" time="0.003" /><testcase classname="tests.unit.drivers.test_redfish_driver.TestRedfishDrive" name="test_dc_power_reset[200]" time="0.002" /><testcase classname="tests.unit.drivers.test_redfish_driver.TestRedfishDrive" name="test_current_bmc_version_check_one_Timer[100]" time="0.002" /><testcase classname="tests.unit.drivers.test_redfish_driver.TestRedfishDrive" name="test_current_bios_version_check[Exception_error]" time="0.002" /><testcase classname="tests.unit.providers.test_ac_provider.TestAcProvider" name="test_pi_get_ac_power_state_success" time="0.007" /><testcase classname="tests.unit.providers.test_ac_provider.TestAcProvider" name="test_pdupi_get_ac_power_state_success" time="0.005" /><testcase classname="tests.unit.providers.test_ac_provider.TestAcProvider" name="test_soundwave2k_get_ac_power_state_success" time="0.029" /><testcase classname="tests.unit.providers.test_ac_provider.TestAcProvider" name="test_pdu_get_ac_power_state_success" time="0.004"><failure message="ModuleNotFoundError: No module named 'paramiko'">thing = &lt;module 'dtaf_core.providers.internal' from 'C:\\Users\\czhao\\git_root\\dtaf\\suresh_local\\src\\dtaf_core\\providers\\internal\\__init__.py'&gt;, comp = 'pdu_ac_provider'
import_path = 'dtaf_core.providers.internal.pdu_ac_provider'

    def _dot_lookup(thing, comp, import_path):
        try:
&gt;           return getattr(thing, comp)
E           AttributeError: module 'dtaf_core.providers.internal' has no attribute 'pdu_ac_provider'

C:\Program Files\Python38\lib\unittest\mock.py:1215: AttributeError

During handling of the above exception, another exception occurred:

self = &lt;tests.unit.providers.test_ac_provider.TestAcProvider object at 0x000001BC3919D970&gt;

    def test_pdu_get_ac_power_state_success(self):
&gt;       self.__test_get_ac_power_state_success("pdu")

tests\unit\providers\test_ac_provider.py:438: 
_ _ _ _ _ _ _ _ _ _ _ _ _ _ _ _ _ _ _ _ _ _ _ _ _ _ _ _ _ _ _ _ _ _ _ _ _ _ _ _ _ _ _ _ _ _ _ _ _ _ _ _ _ _ _ _ _ _ _ _ _ _ _ _ _ _ _ _ _ _ _ _ _ _ _ _ _ _ _ _ _ _ _ _ _ _ _ _ _ _ _ _ _ _ _ _ _ _ _ _ _ _ _ _ 
tests\unit\providers\test_ac_provider.py:445: in __test_get_ac_power_state_success
    with mock.patch(patch_obj) as m:
C:\Program Files\Python38\lib\unittest\mock.py:1377: in __enter__
    self.target = self.getter()
C:\Program Files\Python38\lib\unittest\mock.py:1552: in &lt;lambda&gt;
    getter = lambda: _importer(target)
C:\Program Files\Python38\lib\unittest\mock.py:1228: in _importer
    thing = _dot_lookup(thing, comp, import_path)
C:\Program Files\Python38\lib\unittest\mock.py:1217: in _dot_lookup
    __import__(import_path)
src\dtaf_core\providers\internal\pdu_ac_provider.py:25: in &lt;module&gt;
    from dtaf_core.drivers.internal.pdu_driver import PduDriver
_ _ _ _ _ _ _ _ _ _ _ _ _ _ _ _ _ _ _ _ _ _ _ _ _ _ _ _ _ _ _ _ _ _ _ _ _ _ _ _ _ _ _ _ _ _ _ _ _ _ _ _ _ _ _ _ _ _ _ _ _ _ _ _ _ _ _ _ _ _ _ _ _ _ _ _ _ _ _ _ _ _ _ _ _ _ _ _ _ _ _ _ _ _ _ _ _ _ _ _ _ _ _ _ 

    """
    #################################################################################
    # INTEL CONFIDENTIAL
    # Copyright Intel Corporation All Rights Reserved.
    # The source code contained or described herein and all documents related to
    # the source code ("Material") are owned by Intel Corporation or its suppliers
    # or licensors. Title to the Material remains with Intel Corporation or its
    # suppliers and licensors. The Material may contain trade secrets and proprietary
    # and confidential information of Intel Corporation and its suppliers and
    # licensors, and is protected by worldwide copyright and trade secret laws and
    # treaty provisions. No part of the Material may be used, copied, reproduced,
    # modified, published, uploaded, posted, transmitted, distributed, or disclosed
    # in any way without Intel's prior express written permission.
    # No license under any patent, copyright, trade secret or other intellectual
    # property right is granted to or conferred upon you by disclosure or delivery
    # of the Materials, either expressly, by implication, inducement, estoppel or
    # otherwise. Any license under such intellectual property rights must be express
    # and approved by Intel in writing.
    #################################################################################
    """
    import datetime
    import re
    import threading
    import time
    
&gt;   import paramiko
E   ModuleNotFoundError: No module named 'paramiko'

src\dtaf_core\drivers\internal\pdu_driver.py:27: ModuleNotFoundError</failure></testcase><testcase classname="tests.unit.providers.test_ac_provider.TestAcProvider" name="test_rsc2_get_ac_power_state_exception" time="0.005" /><testcase classname="tests.unit.providers.test_ac_provider.TestAcProvider" name="test_pi_get_ac_power_state_exception" time="0.005" /><testcase classname="tests.unit.providers.test_ac_provider.TestAcProvider" name="test_pdupi_get_ac_power_state_exception" time="0.005" /><testcase classname="tests.unit.providers.test_ac_provider.TestAcProvider" name="test_pdu_get_ac_power_state_exception" time="0.004"><failure message="ModuleNotFoundError: No module named 'paramiko'">thing = &lt;module 'dtaf_core.providers.internal' from 'C:\\Users\\czhao\\git_root\\dtaf\\suresh_local\\src\\dtaf_core\\providers\\internal\\__init__.py'&gt;, comp = 'pdu_ac_provider'
import_path = 'dtaf_core.providers.internal.pdu_ac_provider'

    def _dot_lookup(thing, comp, import_path):
        try:
&gt;           return getattr(thing, comp)
E           AttributeError: module 'dtaf_core.providers.internal' has no attribute 'pdu_ac_provider'

C:\Program Files\Python38\lib\unittest\mock.py:1215: AttributeError

During handling of the above exception, another exception occurred:

self = &lt;tests.unit.providers.test_ac_provider.TestAcProvider object at 0x000001BC39196280&gt;

    def test_pdu_get_ac_power_state_exception(self):
&gt;       self.__test_get_ac_power_state_exception("pdu")

tests\unit\providers\test_ac_provider.py:477: 
_ _ _ _ _ _ _ _ _ _ _ _ _ _ _ _ _ _ _ _ _ _ _ _ _ _ _ _ _ _ _ _ _ _ _ _ _ _ _ _ _ _ _ _ _ _ _ _ _ _ _ _ _ _ _ _ _ _ _ _ _ _ _ _ _ _ _ _ _ _ _ _ _ _ _ _ _ _ _ _ _ _ _ _ _ _ _ _ _ _ _ _ _ _ _ _ _ _ _ _ _ _ _ _ 
tests\unit\providers\test_ac_provider.py:487: in __test_get_ac_power_state_exception
    with mock.patch(patch_obj) as m:
C:\Program Files\Python38\lib\unittest\mock.py:1377: in __enter__
    self.target = self.getter()
C:\Program Files\Python38\lib\unittest\mock.py:1552: in &lt;lambda&gt;
    getter = lambda: _importer(target)
C:\Program Files\Python38\lib\unittest\mock.py:1228: in _importer
    thing = _dot_lookup(thing, comp, import_path)
C:\Program Files\Python38\lib\unittest\mock.py:1217: in _dot_lookup
    __import__(import_path)
src\dtaf_core\providers\internal\pdu_ac_provider.py:25: in &lt;module&gt;
    from dtaf_core.drivers.internal.pdu_driver import PduDriver
_ _ _ _ _ _ _ _ _ _ _ _ _ _ _ _ _ _ _ _ _ _ _ _ _ _ _ _ _ _ _ _ _ _ _ _ _ _ _ _ _ _ _ _ _ _ _ _ _ _ _ _ _ _ _ _ _ _ _ _ _ _ _ _ _ _ _ _ _ _ _ _ _ _ _ _ _ _ _ _ _ _ _ _ _ _ _ _ _ _ _ _ _ _ _ _ _ _ _ _ _ _ _ _ 

    """
    #################################################################################
    # INTEL CONFIDENTIAL
    # Copyright Intel Corporation All Rights Reserved.
    # The source code contained or described herein and all documents related to
    # the source code ("Material") are owned by Intel Corporation or its suppliers
    # or licensors. Title to the Material remains with Intel Corporation or its
    # suppliers and licensors. The Material may contain trade secrets and proprietary
    # and confidential information of Intel Corporation and its suppliers and
    # licensors, and is protected by worldwide copyright and trade secret laws and
    # treaty provisions. No part of the Material may be used, copied, reproduced,
    # modified, published, uploaded, posted, transmitted, distributed, or disclosed
    # in any way without Intel's prior express written permission.
    # No license under any patent, copyright, trade secret or other intellectual
    # property right is granted to or conferred upon you by disclosure or delivery
    # of the Materials, either expressly, by implication, inducement, estoppel or
    # otherwise. Any license under such intellectual property rights must be express
    # and approved by Intel in writing.
    #################################################################################
    """
    import datetime
    import re
    import threading
    import time
    
&gt;   import paramiko
E   ModuleNotFoundError: No module named 'paramiko'

src\dtaf_core\drivers\internal\pdu_driver.py:27: ModuleNotFoundError</failure></testcase><testcase classname="tests.unit.providers.test_ac_provider.TestAcProvider" name="test_soundwave2k_get_ac_power_state_exception" time="0.005" /><testcase classname="tests.unit.providers.test_banino_dc_provider.TestSuites" name="test_dc_power_on" time="0.004" /><testcase classname="tests.unit.providers.test_banino_dc_provider.TestSuites" name="test_dc_power_off" time="0.003" /><testcase classname="tests.unit.providers.test_banino_dc_provider.TestSuites" name="test_get_dc_power_state" time="0.003" /><testcase classname="tests.unit.providers.test_banino_dc_provider.TestSuites" name="test_dc_power_reset" time="0.003" /><testcase classname="tests.unit.providers.test_banino_dc_provider.TestSuites" name="test_update" time="0.002" /><testcase classname="tests.unit.providers.test_banino_flash_provider.TestSuites" name="test_flash_image" time="0.006" /><testcase classname="tests.unit.providers.test_banino_flash_provider.TestSuites" name="test_chip_identify" time="0.002" /><testcase classname="tests.unit.providers.test_banino_flash_provider.TestSuites" name="test_write" time="0.002" /><testcase classname="tests.unit.providers.test_banino_flash_provider.TestSuites" name="test_current_bmc_version_check" time="0.002" /><testcase classname="tests.unit.providers.test_banino_flash_provider.TestSuites" name="test_current_bios_version_check" time="0.002" /><testcase classname="tests.unit.providers.test_banino_flash_provider.TestSuites" name="test_current_cpld_version_check" time="0.002" /><testcase classname="tests.unit.providers.test_banino_flash_provider.TestSuites" name="test_flash_image_bmc" time="0.004" /><testcase classname="tests.unit.providers.test_banino_flash_provider.TestSuites" name="test_update" time="0.002" /><testcase classname="tests.unit.providers.test_banino_physical_control_provider.TestSuites" name="test_connect_usb_to_sut" time="0.005" /><testcase classname="tests.unit.providers.test_banino_physical_control_provider.TestSuites" name="test_connect_usb_to_host" time="0.004" /><testcase classname="tests.unit.providers.test_banino_physical_control_provider.TestSuites" name="test_disconnect_usb" time="0.004" /><testcase classname="tests.unit.providers.test_banino_physical_control_provider.TestSuites" name="test_set_clear_cmos" time="0.003" /><testcase classname="tests.unit.providers.test_banino_physical_control_provider.TestSuites" name="test_read_postcode" time="0.002" /><testcase classname="tests.unit.providers.test_banino_physical_control_provider.TestSuites" name="test_read_s3_pin" time="0.004" /><testcase classname="tests.unit.providers.test_banino_physical_control_provider.TestSuites" name="test_read_s4_pin" time="0.004" /><testcase classname="tests.unit.providers.test_banino_physical_control_provider.TestSuites" name="test_get_power_state" time="0.004" /><testcase classname="tests.unit.providers.test_banino_physical_control_provider.TestSuites" name="test_program_jumper" time="0.003" /><testcase classname="tests.unit.providers.test_banino_physical_control_provider.TestSuites" name="test_get_platform_volt" time="0.002" /><testcase classname="tests.unit.providers.test_banino_physical_control_provider.TestSuites" name="test_enable_usb_ports" time="0.002" /><testcase classname="tests.unit.providers.test_banino_physical_control_provider.TestSuites" name="test_disable_usb_ports" time="0.002" /><testcase classname="tests.unit.providers.test_banino_physical_control_provider.TestSuites" name="test_update" time="0.002" /><testcase classname="tests.unit.providers.test_base_bios_redfish_provider.TestSuites" name="test_init" time="0.005" /><testcase classname="tests.unit.providers.test_base_console_provider.TestConsoleLog" name="test_wait_for_login" time="2.011" /><testcase classname="tests.unit.drivers.test_banino_driver.TestBaninoDriver" name="test_dc_power_reset" time="4.020" /><testcase classname="tests.unit.drivers.test_banino_driver.TestBaninoDriver" name="test_read_s4_pin" time="0.029" /><testcase classname="tests.unit.drivers.test_banino_driver.TestBaninoDriver" name="test_read_s3_pin" time="0.029" /><testcase classname="tests.unit.drivers.test_banino_driver.TestBaninoDriver" name="test_chip_flash_bmc[0-0-0]" time="0.008" /><testcase classname="tests.unit.drivers.test_base_serial_driver.TestBuffer" name="test_push_if_less_equal_than_maxsize[None-abcdefghijk]" time="0.002" /><testcase classname="tests.unit.drivers.test_base_serial_driver.TestBuffer" name="test_clean[-None]" time="0.002" /><testcase classname="tests.unit.drivers.test_banino_driver.TestBaninoDriver" name="test_chip_flash_bmc[0-1-1]" time="0.009" /><testcase classname="tests.unit.drivers.test_base_serial_driver.TestBuffer" name="test_pull[None-log_param0]" time="0.003" /><testcase classname="tests.unit.drivers.test_base_serial_driver.TestSerialBufferSet" name="test_push_to_buffer" time="0.003" /><testcase classname="tests.unit.drivers.test_com_driver.TestComDriver" name="test_release_resource" time="0.017" /><testcase classname="tests.unit.drivers.test_base_serial_driver.TestBuffer" name="test_clean[abcdefghijk-None]" time="0.003" /><testcase classname="tests.unit.drivers.test_base_serial_driver.TestBuffer" name="test_pull[-None]" time="0.002" /><testcase classname="tests.unit.drivers.test_base_serial_driver.TestBuffer" name="test_push_if_less_equal_than_maxsize[None-None]" time="0.003" /><testcase classname="tests.unit.drivers.test_base_serial_driver.TestSerialBufferSet" name="test_clean_buffer" time="0.002" /><testcase classname="tests.unit.drivers.test_idrac.TestIdrac" name="test_dc_power_on" time="0.002" /><testcase classname="tests.unit.drivers.test_com_driver.TestComDriver" name="test_init_with_mix" time="0.005" /><testcase classname="tests.unit.drivers.test_idrac.TestIdrac" name="test_flash_cpld" time="0.001" /><testcase classname="tests.unit.drivers.test_ipmi_driver.TestIpmiDriver" name="test_dc_power_on[raise]" time="0.005" /><testcase classname="tests.unit.drivers.test_com_driver.TestComDriver" name="test_reopen" time="0.039" /><testcase classname="tests.unit.drivers.test_ipmi_driver.TestIpmiDriver" name="test_get_dc_power_state[raise]" time="0.003" /><testcase classname="tests.unit.drivers.test_ipmi_driver.TestIpmiDriver" name="test_execute[hassis Power is on]" time="0.002" /><testcase classname="tests.unit.drivers.test_pdupi_driver.TestPduPiDriver" name="test_set_username_password" time="0.003" /><testcase classname="tests.unit.drivers.test_pi_driver.TestPiDriver" name="test_dc_power_on" time="0.002" /><testcase classname="tests.unit.drivers.test_pi_driver.TestPiDriver" name="test_read_postcode" time="0.002" /><testcase classname="tests.unit.drivers.test_raspberry_driver.TestRaspberryDriver" name="test_ac_power_off[True]" time="0.002" /><testcase classname="tests.unit.drivers.test_raspberry_driver.TestRaspberryDriver" name="test_get_dc_power_state[True]" time="0.002" /><testcase classname="tests.unit.drivers.test_raspberry_driver.TestRaspberryDriver" name="test_disconnect_usb[True]" time="0.003" /><testcase classname="tests.unit.drivers.test_idrac.TestIdrac" name="test_flash_bios" time="0.003" /><testcase classname="tests.unit.drivers.test_raspberry_driver.TestRaspberryDriver" name="test_read_s4_pin[True]" time="0.003" /><testcase classname="tests.unit.drivers.test_idrac.TestIdrac" name="test_eject_virtual_media" time="0.001" /><testcase classname="tests.unit.drivers.test_ipmi_driver.TestIpmiDriver" name="test_get_dc_power_state[Chassis Power is on]" time="0.005" /><testcase classname="tests.unit.drivers.test_redfish_driver.TestRedfishDrive" name="test_ac_power_off[200]" time="0.003" /><testcase classname="tests.unit.drivers.test_redfish_driver.TestRedfishDrive" name="test_dc_power_on[100]" time="0.002" /><testcase classname="tests.unit.drivers.test_ipmi_driver.TestIpmiDriver" name="test_execute[error]" time="0.003" /><testcase classname="tests.unit.drivers.test_redfish_driver.TestRedfishDrive" name="test_get_dc_power_state[Exception_error]" time="0.003" /><testcase classname="tests.unit.drivers.test_pdupi_driver.TestPduPiDriver" name="test_get_ac_power_state" time="0.003" /><testcase classname="tests.unit.drivers.test_redfish_driver.TestRedfishDrive" name="test_current_bmc_version_check[200]" time="0.003" /><testcase classname="tests.unit.drivers.test_pi_driver.TestPiDriver" name="test_get_ac_power_state" time="0.003" /><testcase classname="tests.unit.drivers.test_redfish_driver.TestRedfishDrive" name="test_current_bios_version_check[100]" time="0.003" /><testcase classname="tests.unit.drivers.test_pi_driver.TestPiDriver" name="test_set_clear_cmos" time="0.003" /><testcase classname="tests.unit.providers.test_base_uefi_shell_provider.TestBUSProvider" name="test_cold_reset" time="0.825" /><testcase classname="tests.unit.drivers.test_raspberry_driver.TestRaspberryDriver" name="test_ac_power_on[False]" time="0.003" /><testcase classname="tests.unit.drivers.test_raspberry_driver.TestRaspberryDriver" name="test_dc_power_off[False]" time="0.002" /><testcase classname="tests.unit.drivers.test_raspberry_driver.TestRaspberryDriver" name="test_connect_usb_to_host[False]" time="0.003" /><testcase classname="tests.unit.drivers.test_raspberry_driver.TestRaspberryDriver" name="test_read_s3_pin[False]" time="0.003" /><testcase classname="tests.unit.drivers.test_redfish_driver.TestRedfishDrive" name="test_ac_power_off[100]" time="0.002" /><testcase classname="tests.unit.drivers.test_redfish_driver.TestRedfishDrive" name="test_clear_cmos[Exception_error]" time="0.003" /><testcase classname="tests.unit.drivers.test_redfish_driver.TestRedfishDrive" name="test_get_dc_power_state[200]" time="0.003" /><testcase classname="tests.unit.drivers.test_redfish_driver.TestRedfishDrive" name="test_current_bmc_version_check[100]" time="0.003" /><testcase classname="tests.unit.drivers.test_redfish_driver.TestRedfishDrive" name="test_chip_flash_bmc[Exception_error-C:\\Users\\czhao\\git_root\\dtaf\\suresh_local\\tests\\unit\\drivers\\test_redfish_driver.py]" time="0.002" /><testcase classname="tests.unit.providers.test_console_log_provider.TestConsoleLog" name="test_inject_line[sol-None-None]" time="0.512" /><testcase classname="tests.unit.providers.test_console_log_provider.TestConsoleLog" name="test_inject_line[com-None-None]" time="0.863" /><testcase classname="tests.unit.providers.test_base_console_provider.TestConsoleLog" name="test_login" time="0.002" /><testcase classname="tests.unit.providers.test_base_console_provider.TestConsoleLog" name="test_exit" time="0.002" /><testcase classname="tests.unit.providers.test_base_console_provider.TestConsoleLog" name="test_reboot" time="0.613" /><testcase classname="tests.unit.providers.test_com_console_log_provider.TestSuites" name="test_notimplemented" time="0.007" /><testcase classname="tests.unit.providers.test_com_console_provider.TestSuites" name="test_notimplemented" time="0.031" /><testcase classname="tests.unit.providers.test_com_sut_os_provider.TestComSutOsProvider" name="test_com_sut_os_provider" time="0.003" /><testcase classname="tests.unit.providers.test_com_uefi_shell_provider.TestSuites" name="test_notimplemented" time="0.007" /><testcase classname="tests.unit.providers.test_console_log_provider.TestConsoleLog" name="test_init[com-caf]" time="0.006" /><testcase classname="tests.unit.providers.test_console_log_provider.TestConsoleLog" name="test_log_to_local_default[com-caf]" time="0.518" /><testcase classname="tests.unit.drivers.test_com_driver.TestComDriver" name="test_write_raise" time="0.003" /><testcase classname="tests.unit.drivers.test_idrac.TestIdrac" name="test_get_bmc_version" time="0.001" /><testcase classname="tests.unit.drivers.test_idrac.TestIdrac" name="test_get_bootorder" time="0.001" /><testcase classname="tests.unit.drivers.test_ipmi_driver.TestIpmiDriver" name="test_dc_power_off[raise]" time="0.006" /><testcase classname="tests.unit.drivers.test_ipmi_driver.TestIpmiDriver" name="test_dc_power_reset[error]" time="0.002" /><testcase classname="tests.unit.drivers.test_pdupi_driver.TestPduPiDriver" name="test_ac_power_on" time="0.002" /><testcase classname="tests.unit.drivers.test_pi_driver.TestPiDriver" name="test_ac_power_on" time="0.002" /><testcase classname="tests.unit.drivers.test_pi_driver.TestPiDriver" name="test_connect_usb_to_host" time="0.002" /><testcase classname="tests.unit.drivers.test_pi_driver.TestPiDriver" name="test_chip_flash" time="75.184" /><testcase classname="tests.unit.providers.test_base_sut_os_provider.TestBaseSutOsProvider" name="test_reboot" time="0.004" /><testcase classname="tests.unit.providers.test_base_sut_os_provider.TestBaseSutOsProvider" name="test_shutdown" time="0.004" /><testcase classname="tests.unit.providers.test_base_sut_os_provider.TestBaseSutOsProvider" name="test_wait_for_os" time="0.004" /><testcase classname="tests.unit.providers.test_base_sut_os_provider.TestBaseSutOsProvider" name="test_is_alive" time="0.003" /><testcase classname="tests.unit.providers.test_base_sut_os_provider.TestBaseSutOsProvider" name="test_execute" time="0.005" /><testcase classname="tests.unit.providers.test_base_uefi_shell_provider.TestBUSProvider" name="test_wait_for_uefi" time="0.004" /><testcase classname="tests.unit.providers.test_base_uefi_shell_provider.TestBUSProvider" name="test_exit_uefi" time="0.404" /><testcase classname="tests.unit.providers.test_console_log_provider.TestConsoleLog" name="test_log_to_local_config[com-caf]" time="0.527" /><testcase classname="tests.unit.providers.test_console_log_provider.TestConsoleLog" name="test_inject_line[sol-None-]" time="0.538" /><testcase classname="tests.unit.providers.test_base_uefi_shell_provider.TestBUSProvider" name="test_in_uefi[True]" time="0.004" /><testcase classname="tests.unit.providers.test_base_uefi_shell_provider.TestBUSProvider" name="test_in_uefi[False]" time="0.205" /><testcase classname="tests.unit.drivers.test_banino_driver.TestBaninoDriver" name="test_chip_flash[0-1-1]" time="0.008" /><testcase classname="tests.unit.drivers.test_base_serial_driver.TestBuffer" name="test_pull[abcdefghijk-log_param0]" time="0.002" /><testcase classname="tests.unit.drivers.test_base_serial_driver.TestBuffer" name="test_push_if_less_equal_than_maxsize[None-123]" time="0.002" /><testcase classname="tests.unit.drivers.test_base_serial_driver.TestBuffer" name="test_clean[-log_param0]" time="0.003" /><testcase classname="tests.unit.drivers.test_base_serial_driver.TestBuffer" name="test_push_if_greater_than_maxsize[None]" time="0.003" /><testcase classname="tests.unit.drivers.test_com_driver.TestComDriver" name="test_singleton" time="0.019" /><testcase classname="tests.unit.drivers.test_com_driver.TestComDriver" name="test_register" time="0.004" /><testcase classname="tests.unit.drivers.test_idrac.TestIdrac" name="test_dc_power_reset" time="0.002" /><testcase classname="tests.unit.drivers.test_idrac.TestIdrac" name="test_get_postcode" time="0.002" /><testcase classname="tests.unit.drivers.test_ipmi_driver.TestIpmiDriver" name="test_dc_power_off[Chassis Power Control: Down/Off]" time="0.007" /><testcase classname="tests.unit.drivers.test_ipmi_driver.TestIpmiDriver" name="test_dc_power_reset[Set Chassis Power Control to Reset failed: Command not supported in present state]" time="0.003" /><testcase classname="tests.unit.drivers.test_pdupi_driver.TestPduPiDriver" name="test_get_dc_power_state" time="0.003" /><testcase classname="tests.unit.drivers.test_pduusb_driver.TestPiDriver" name="test_connect_power" time="0.004" /><testcase classname="tests.unit.drivers.test_pi_driver.TestPiDriver" name="test_dc_power_reset" time="0.003" /><testcase classname="tests.unit.drivers.test_pi_driver.TestPiDriver" name="test_chip_identify" time="0.002" /><testcase classname="tests.unit.drivers.test_raspberry_driver.TestRaspberryDriver" name="test_get_ac_power_state[False]" time="0.003" /><testcase classname="tests.unit.providers.test_console_log_provider.TestConsoleLog" name="test_inject_line[com-caf-]" time="0.518" /><testcase classname="tests.unit.drivers.test_raspberry_driver.TestRaspberryDriver" name="test_dc_power_reset[False]" time="0.002" /><testcase classname="tests.unit.drivers.test_raspberry_driver.TestRaspberryDriver" name="test_set_clear_cmos[False]" time="0.003" /><testcase classname="tests.unit.drivers.test_raspberry_driver.TestRaspberryDriver" name="test_program_jumper[False]" time="0.003" /><testcase classname="tests.unit.drivers.test_redfish_driver.TestRedfishDrive" name="test_get_ac_power_state[200]" time="0.003" /><testcase classname="tests.unit.drivers.test_redfish_driver.TestRedfishDrive" name="test_dc_power_off[100]" time="0.003" /><testcase classname="tests.unit.drivers.test_redfish_driver.TestRedfishDrive" name="test_dc_power_reset[Exception_error]" time="0.002" /><testcase classname="tests.unit.drivers.test_redfish_driver.TestRedfishDrive" name="test_current_bmc_version_check_one_Timer[200]" time="0.002" /><testcase classname="tests.unit.providers.test_dc_provider.TestDcProvider" name="test_soundwave2k_dc_power_on_success" time="0.225" /><testcase classname="tests.unit.providers.test_console_log_provider.TestConsoleLog" name="test_init[sol-None]" time="0.052" /><testcase classname="tests.unit.providers.test_base_uefi_shell_provider.TestBUSProvider" name="test_shutdown" time="0.846" /><testcase classname="tests.unit.providers.test_console_log_provider.TestConsoleLog" name="test_log_to_local_default[sol-None]" time="0.609" /><testcase classname="tests.unit.providers.test_dc_provider.TestDcProvider" name="test_banino_dc_power_on_success" time="0.033" /><testcase classname="tests.unit.providers.test_dc_provider.TestDcProvider" name="test_rsc2_dc_power_on_fail" time="5.035" /><testcase classname="tests.unit.providers.test_console_log_provider.TestConsoleLog" name="test_inject_line[com--]" time="0.590" /><testcase classname="tests.unit.providers.test_console_log_provider.TestConsoleLog" name="test_log_to_local_config[sol-None]" time="0.514" /><testcase classname="tests.unit.providers.test_base_uefi_shell_provider.TestBUSProvider" name="test_reboot" time="0.837" /><testcase classname="tests.unit.providers.test_console_log_provider.TestConsoleLog" name="test_inject_line[sol--]" time="0.583" /><testcase classname="tests.unit.providers.test_console_log_provider.TestConsoleLog" name="test_inject_line[sol-None-##### TEST START #####]" time="0.557" /><testcase classname="tests.unit.providers.test_console_log_provider.TestConsoleLog" name="test_init[sol-]" time="0.094" /><testcase classname="tests.unit.providers.test_base_uefi_shell_provider.TestBUSProvider" name="test_warm_reset" time="0.528" /><testcase classname="tests.unit.providers.test_console_log_provider.TestConsoleLog" name="test_inject_line[com-None-##### TEST START #####]" time="0.549" /><testcase classname="tests.unit.providers.test_console_log_provider.TestConsoleLog" name="test_log_to_local_default[sol-]" time="0.601" /><testcase classname="tests.unit.drivers.test_banino_driver.TestBaninoDriver" name="test_chip_flash[1-0-0]" time="0.007" /><testcase classname="tests.unit.drivers.test_base_serial_driver.TestBuffer" name="test_pull[abcdefghijk-None]" time="0.003" /><testcase classname="tests.unit.drivers.test_base_serial_driver.TestBuffer" name="test_push_if_less_equal_than_maxsize[log_param0-123]" time="0.003" /><testcase classname="tests.unit.drivers.test_base_serial_driver.TestBuffer" name="test_clean[None-None]" time="0.002" /><testcase classname="tests.unit.drivers.test_base_serial_driver.TestSerialBufferSet" name="test_get_buffer_data" time="0.003" /><testcase classname="tests.unit.drivers.test_com_driver.TestComDriver" name="test_init_with_kwargs" time="0.005" /><testcase classname="tests.unit.drivers.test_com_driver.TestComDriver" name="test_close" time="0.027" /><testcase classname="tests.unit.drivers.test_idrac.TestIdrac" name="test_flash_bmc" time="0.002" /><testcase classname="tests.unit.drivers.test_idrac.TestIdrac" name="test_insert_virtual_media" time="0.002" /><testcase classname="tests.unit.drivers.test_ipmi_driver.TestIpmiDriver" name="test_dc_power_off[error]" time="0.006" /><testcase classname="tests.unit.drivers.test_ipmi_driver.TestIpmiDriver" name="test_execute[raise]" time="0.004" /><testcase classname="tests.unit.drivers.test_pdupi_driver.TestPduPiDriver" name="test_ac_power_off" time="0.003" /><testcase classname="tests.unit.drivers.test_pi_driver.TestPiDriver" name="test_ac_power_off" time="0.003" /><testcase classname="tests.unit.drivers.test_pi_driver.TestPiDriver" name="test_disconnect_usb" time="0.002" /><testcase classname="tests.unit.drivers.test_raspberry_driver.TestRaspberryDriver" name="test_ac_power_on[True]" time="0.003" /><testcase classname="tests.unit.drivers.test_raspberry_driver.TestRaspberryDriver" name="test_dc_power_off[True]" time="0.003" /><testcase classname="tests.unit.drivers.test_raspberry_driver.TestRaspberryDriver" name="test_connect_usb_to_host[True]" time="0.003" /><testcase classname="tests.unit.drivers.test_raspberry_driver.TestRaspberryDriver" name="test_read_s3_pin[True]" time="0.003" /><testcase classname="tests.unit.drivers.test_redfish_driver.TestRedfishDrive" name="test_ac_power_on[Exception_error]" time="0.002" /><testcase classname="tests.unit.drivers.test_redfish_driver.TestRedfishDrive" name="test_clear_cmos[200]" time="0.002" /><testcase classname="tests.unit.drivers.test_redfish_driver.TestRedfishDrive" name="test_get_dc_power_state[100]" time="0.003" /><testcase classname="tests.unit.drivers.test_redfish_driver.TestRedfishDrive" name="test_execute[Exception_error-RaiseError]" time="0.003" /><testcase classname="tests.unit.drivers.test_redfish_driver.TestRedfishDrive" name="test_chip_flash_bmc[202-C:\\Users\\czhao\\git_root\\dtaf\\suresh_local\\tests\\unit\\drivers\\test_redfish_driver.py]" time="0.004" /><testcase classname="tests.unit.providers.test_dc_provider.TestDcProvider" name="test_pdupi_dc_power_off_success" time="0.010" /><testcase classname="tests.unit.providers.test_dc_provider.TestDcProvider" name="test_soundwave2k_dc_power_off_success" time="0.279" /><testcase classname="tests.unit.providers.test_console_log_provider.TestConsoleLog" name="test_inject_line[com--12345.6789]" time="0.499" /><testcase classname="tests.unit.providers.test_dc_provider.TestDcProvider" name="test_banino_dc_power_off_success" time="0.012" /><testcase classname="tests.unit.providers.test_dc_provider.TestDcProvider" name="test_rsc2_dc_power_off_fail" time="0.010" /><testcase classname="tests.unit.providers.test_dc_provider.TestDcProvider" name="test_pi_dc_power_off_fail" time="0.009" /><testcase classname="tests.unit.providers.test_console_log_provider.TestConsoleLog" name="test_inject_line[sol--##### TEST START #####]" time="0.601" /><testcase classname="tests.unit.providers.test_dc_provider.TestDcProvider" name="test_pdupi_dc_power_off_fail" time="0.009" /><testcase classname="tests.unit.providers.test_dc_provider.TestDcProvider" name="test_soundwave2k_dc_power_off_fail" time="20.018" /><testcase classname="tests.unit.providers.test_console_log_provider.TestConsoleLog" name="test_log_to_local_config[sol-]" time="0.559" /><testcase classname="tests.unit.providers.test_console_log_provider.TestConsoleLog" name="test_inject_line[com-caf-12345.6789]" time="0.728" /><testcase classname="tests.unit.providers.test_console_log_provider.TestConsoleLog" name="test_inject_line[sol-caf-##### TEST START #####]" time="0.789" /><testcase classname="tests.unit.providers.test_console_log_provider.TestConsoleLog" name="test_inject_line[sol--None]" time="0.597" /><testcase classname="tests.unit.providers.test_console_log_provider.TestConsoleLog" name="test_inject_line[com-None-]" time="0.550" /><testcase classname="tests.unit.providers.test_console_log_provider.TestConsoleLog" name="test_inject_line[sol-caf-None]" time="0.598" /><testcase classname="tests.unit.providers.test_console_log_provider.TestConsoleLog" name="test_inject_line[com--##### TEST START #####]" time="0.610" /><testcase classname="tests.unit.providers.test_console_log_provider.TestConsoleLog" name="test_init[com-None]" time="0.035" /><testcase classname="tests.unit.providers.test_console_log_provider.TestConsoleLog" name="test_log_to_local_default[com-None]" time="0.545" /><testcase classname="tests.unit.providers.test_console_log_provider.TestConsoleLog" name="test_init_invalid_framework[com-None]" time="0.049" /><testcase classname="tests.unit.providers.test_console_log_provider.TestConsoleLog" name="test_init_invalid_framework[sol-no]" time="0.042" /><testcase classname="tests.unit.providers.test_console_log_provider.TestConsoleLog" name="test_init_invalid_framework[com-no]" time="0.058" /><testcase classname="tests.unit.providers.test_console_log_provider.TestConsoleLog" name="test_inject_line[com-caf-##### TEST START #####]" time="0.798" /><testcase classname="tests.unit.providers.test_console_log_provider.TestConsoleLog" name="test_log_to_caf[sol]" time="0.560" /><testcase classname="tests.unit.providers.test_console_log_provider.TestConsoleLog" name="test_log_to_local_config[com-None]" time="0.528" /><testcase classname="tests.unit.providers.test_console_log_provider.TestConsoleLog" name="test_init[com-]" time="0.106" /><testcase classname="tests.unit.providers.test_console_log_provider.TestConsoleLog" name="test_log_to_local_default[com-]" time="0.571" /><testcase classname="tests.unit.providers.test_console_log_provider.TestConsoleLog" name="test_inject_line[com--None]" time="0.561" /><testcase classname="tests.unit.providers.test_console_log_provider.TestConsoleLog" name="test_inject_line[sol-None-12345.6789]" time="0.644" /><testcase classname="tests.unit.providers.test_dc_provider.TestDcProvider" name="test_pi_dc_power_on_fail" time="0.010" /><testcase classname="tests.unit.providers.test_dc_provider.TestDcProvider" name="test_pdupi_dc_power_on_fail" time="0.010" /><testcase classname="tests.unit.providers.test_dc_provider.TestDcProvider" name="test_soundwave2k_dc_power_on_fail" time="5.088" /><testcase classname="tests.unit.providers.test_console_log_provider.TestConsoleLog" name="test_log_to_local_config[com-]" time="0.548" /><testcase classname="tests.unit.providers.test_console_log_provider.TestConsoleLog" name="test_inject_line[com-caf-None]" time="0.570" /><testcase classname="tests.unit.providers.test_console_log_provider.TestConsoleLog" name="test_inject_line[com-None-12345.6789]" time="0.567" /><testcase classname="tests.unit.providers.test_console_log_provider.TestConsoleLog" name="test_log_to_caf[com]" time="0.552" /><testcase classname="tests.unit.providers.test_console_log_provider.TestConsoleLog" name="test_inject_line[sol-caf-]" time="0.564" /><testcase classname="tests.unit.providers.test_console_log_provider.TestConsoleLog" name="test_inject_line[sol--12345.6789]" time="0.589" /><testcase classname="tests.unit.providers.test_console_log_provider.TestConsoleLog" name="test_init_invalid_driver[]" time="0.035" /><testcase classname="tests.unit.providers.test_console_log_provider.TestConsoleLog" name="test_init_invalid_driver[None]" time="0.040" /><testcase classname="tests.unit.providers.test_console_log_provider.TestConsoleLog" name="test_init[sol-caf]" time="0.063" /><testcase classname="tests.unit.providers.test_console_log_provider.TestConsoleLog" name="test_init_invalid_driver[others]" time="0.045" /><testcase classname="tests.unit.providers.test_console_log_provider.TestConsoleLog" name="test_log_to_local_default[sol-caf]" time="0.609" /><testcase classname="tests.unit.providers.test_cscript_provider.TestCScriptProvider" name="test_cscipt_normal" time="0.965" /><testcase classname="tests.unit.providers.test_console_log_provider.TestConsoleLog" name="test_inject_line[sol-caf-12345.6789]" time="0.863" /><testcase classname="tests.unit.providers.test_console_log_provider.TestConsoleLog" name="test_log_to_local_config[sol-caf]" time="0.592" /><testcase classname="tests.unit.providers.test_ipmi_dc_provider.TestIpmiDcProvider" name="test_dc_power_off[5-False-True]" time="0.058" /><testcase classname="tests.unit.providers.test_dc_provider.TestDcProvider" name="test_rsc2_dc_power_on_success" time="0.577" /><testcase classname="tests.unit.providers.test_ipmi_dc_provider.TestIpmiDcProvider" name="test_dc_power_off[None-True-True]" time="0.052" /><testcase classname="tests.unit.providers.test_ipmi_dc_provider.TestIpmiDcProvider" name="test_dc_power_off_exception[5-None-Exception]" time="0.043" /><testcase classname="tests.unit.providers.test_ipmi_dc_provider.TestIpmiDcProvider" name="test_get_dc_power_state[True-True0]" time="0.056" /><testcase classname="tests.unit.providers.test_console_log_provider.TestConsoleLog" name="test_init_invalid_framework[sol-others]" time="0.035" /><testcase classname="tests.unit.providers.test_ipmi_dc_provider.TestIpmiDcProvider" name="test_get_dc_power_state[False-True]" time="0.056" /><testcase classname="tests.unit.providers.test_console_log_provider.TestConsoleLog" name="test_init_invalid_framework[com-others]" time="0.033" /><testcase classname="tests.unit.providers.test_ipmi_dc_provider.TestIpmiDcProvider" name="test_get_dc_power_state[True-True1]" time="0.040" /><testcase classname="tests.unit.providers.test_console_log_provider.TestConsoleLog" name="test_init_invalid_framework[sol-None]" time="0.037" /><testcase classname="tests.unit.providers.test_ipmi_dc_provider.TestIpmiDcProvider" name="test_get_dc_power_state_exception[None-Exception]" time="0.062" /><testcase classname="tests.unit.providers.test_em100_flash_emulator_provider.TestEm100FlashEmulatorProvider" name="test_start_single_fail" time="0.079" /><testcase classname="tests.unit.providers.test_ipmi_dc_provider.TestIpmiDcProvider" name="test_dc_power_reset[True-True0]" time="0.051" /><testcase classname="tests.unit.providers.test_em100_flash_emulator_provider.TestEm100FlashEmulatorProvider" name="test_stop_multi" time="0.041" /><testcase classname="tests.unit.providers.test_ipmi_dc_provider.TestIpmiDcProvider" name="test_dc_power_reset[False-True]" time="0.045" /><testcase classname="tests.unit.providers.test_em100_flash_emulator_provider.TestEm100FlashEmulatorProvider" name="test_stop_multi_fail" time="0.029" /><testcase classname="tests.unit.providers.test_em100_flash_emulator_provider.TestEm100FlashEmulatorProvider" name="test_stop_single" time="0.036" /><testcase classname="tests.unit.providers.test_ipmi_dc_provider.TestIpmiDcProvider" name="test_dc_power_reset[True-True1]" time="0.042" /><testcase classname="tests.unit.providers.test_em100_flash_emulator_provider.TestEm100FlashEmulatorProvider" name="test_stop_single_fail" time="0.046" /><testcase classname="tests.unit.providers.test_dc_provider.TestDcProvider" name="test_pi_dc_power_on_success" time="0.059" /><testcase classname="tests.unit.providers.test_ipmi_dc_provider.TestIpmiDcProvider" name="test_dc_power_reset_exception[None-Exception]" time="0.054" /><testcase classname="tests.unit.providers.test_em100_flash_emulator_provider.TestEm100FlashEmulatorProvider" name="test_write_invalid_address" time="0.040" /><testcase classname="tests.unit.providers.test_dc_provider.TestDcProvider" name="test_pdupi_dc_power_on_success" time="0.080" /><testcase classname="tests.unit.providers.test_onebkc_deployment_provider.TestODProvider" name="test_download[True]" time="0.085" /><testcase classname="tests.unit.providers.test_em100_flash_emulator_provider.TestEm100FlashEmulatorProvider" name="test_write_invalid_value" time="0.032" /><testcase classname="tests.unit.providers.test_em100_flash_emulator_provider.TestEm100FlashEmulatorProvider" name="test_write_overflow_past_end" time="0.047" /><testcase classname="tests.unit.providers.test_em100_flash_emulator_provider.TestEm100FlashEmulatorProvider" name="test_pch_no_bmc" time="0.072" /><testcase classname="tests.unit.providers.test_onebkc_deployment_provider.TestODProvider" name="test_download[False]" time="0.056" /><testcase classname="tests.unit.providers.test_em100_flash_emulator_provider.TestEm100FlashEmulatorProvider" name="test_write_past_end" time="0.041" /><testcase classname="tests.unit.providers.test_em100_flash_emulator_provider.TestEm100FlashEmulatorProvider" name="test_read_invalid_address" time="0.049" /><testcase classname="tests.unit.providers.test_em100_flash_provider.TestEm100FlashProvider" name="test_start_is_blocked" time="0.042" /><testcase classname="tests.unit.providers.test_onebkc_deployment_provider.TestODProvider" name="test_get_ingredient_info" time="0.068" /><testcase classname="tests.unit.providers.test_em100_flash_emulator_provider.TestEm100FlashEmulatorProvider" name="test_single_flash_image" time="0.036" /><testcase classname="tests.unit.providers.test_em100_flash_provider.TestEm100FlashProvider" name="test_stop_is_blocked" time="0.025" /><testcase classname="tests.unit.providers.test_onebkc_deployment_provider.TestODProvider" name="test_get_device_property[a]" time="0.056" /><testcase classname="tests.unit.providers.test_em100_flash_emulator_provider.TestEm100FlashEmulatorProvider" name="test_single_flash_image_fail" time="0.106" /><testcase classname="tests.unit.providers.test_ipmi_dc_provider.TestIpmiDcProvider" name="test_dc_power_on[5-True-True]" time="0.047" /><testcase classname="tests.unit.providers.test_ipmi_dc_provider.TestIpmiDcProvider" name="test_dc_power_on[5-False-True]" time="0.050" /><testcase classname="tests.unit.providers.test_onebkc_deployment_provider.TestODProvider" name="test_get_device_property[None]" time="0.051" /><testcase classname="tests.unit.providers.test_ipmi_dc_provider.TestIpmiDcProvider" name="test_dc_power_on[None-True-True]" time="0.043" /><testcase classname="tests.unit.providers.test_em100_flash_emulator_provider.TestEm100FlashEmulatorProvider" name="test_single_read" time="0.063" /><testcase classname="tests.unit.providers.test_pdupi_ac_provider.TestPduPdupiAcProvider" name="test_ac_power_on[root-pass-channel-5-True-True]" time="0.058" /><testcase classname="tests.unit.providers.test_ipmi_dc_provider.TestIpmiDcProvider" name="test_dc_power_on_exception[5-None-Exception]" time="0.040" /><testcase classname="tests.unit.providers.test_em100_flash_emulator_provider.TestEm100FlashEmulatorProvider" name="test_single_read_cli_fail" time="0.028" /><testcase classname="tests.unit.providers.test_pdupi_ac_provider.TestPduPdupiAcProvider" name="test_ac_power_on[root1-pass1-channel1-5-False-True]" time="0.051" /><testcase classname="tests.unit.providers.test_em100_flash_emulator_provider.TestEm100FlashEmulatorProvider" name="test_single_read_fail_length" time="0.074" /><testcase classname="tests.unit.providers.test_ipmi_dc_provider.TestIpmiDcProvider" name="test_dc_power_off[5-True-True]" time="0.054" /><testcase classname="tests.unit.providers.test_pdupi_ac_provider.TestPduPdupiAcProvider" name="test_ac_power_on[root2-pass2-channel2-None-True-True]" time="0.056" /><testcase classname="tests.unit.providers.test_pdupi_ac_provider.TestPduPdupiAcProvider" name="test_reset_username_password[channel-masterkey-True-True]" time="0.047" /><testcase classname="tests.unit.providers.test_em100_flash_emulator_provider.TestEm100FlashEmulatorProvider" name="test_single_read_log_no_truncation" time="0.054" /><testcase classname="tests.unit.providers.test_pdupi_ac_provider.TestPduPdupiAcProvider" name="test_ac_power_on_exception[root-pass-channel-5-None-Exception]" time="0.067" /><testcase classname="tests.unit.providers.test_pdupi_ac_provider.TestPduPdupiAcProvider" name="test_reset_username_password[channel1-masterkey1-None-True]" time="0.036" /><testcase classname="tests.unit.providers.test_pdupi_ac_provider.TestPduPdupiAcProvider" name="test_reset_username_password_exception[channel-masterkey-None-Exception]" time="0.039" /><testcase classname="tests.unit.providers.test_em100_flash_emulator_provider.TestEm100FlashEmulatorProvider" name="test_single_read_log_truncation" time="0.063" /><testcase classname="tests.unit.providers.test_pdupi_ac_provider.TestPduPdupiAcProvider" name="test_ac_power_off[root-pass-channel-5-True-True]" time="0.061" /><testcase classname="tests.unit.providers.test_pdupi_dc_provider.TestPdupiDcProvider" name="test_dc_power_on[5-channel-True-True]" time="0.040" /><testcase classname="tests.unit.providers.test_em100_flash_emulator_provider.TestEm100FlashEmulatorProvider" name="test_single_read_log_warning" time="0.048" /><testcase classname="tests.unit.providers.test_pdupi_ac_provider.TestPduPdupiAcProvider" name="test_ac_power_off[root1-pass1-channel1-5-False-True]" time="0.054" /><testcase classname="tests.unit.providers.test_pdupi_dc_provider.TestPdupiDcProvider" name="test_dc_power_on[5-channel-False-True]" time="0.043" /><testcase classname="tests.unit.providers.test_em100_flash_emulator_provider.TestEm100FlashEmulatorProvider" name="test_single_write" time="0.061" /><testcase classname="tests.unit.providers.test_pdupi_dc_provider.TestPdupiDcProvider" name="test_dc_power_on[None-channel-True-True]" time="0.054" /><testcase classname="tests.unit.providers.test_pdupi_ac_provider.TestPduPdupiAcProvider" name="test_ac_power_off[root2-pass2-channel2-None-True-True]" time="0.053" /><testcase classname="tests.unit.providers.test_em100_flash_emulator_provider.TestEm100FlashEmulatorProvider" name="test_single_write_cli_fail" time="0.116" /><testcase classname="tests.unit.providers.test_pdupi_dc_provider.TestPdupiDcProvider" name="test_dc_power_on_exception[5-channel-None-Exception]" time="0.056" /><testcase classname="tests.unit.providers.test_pdupi_ac_provider.TestPduPdupiAcProvider" name="test_ac_power_off_exception[root-pass-channel-5-None-Exception]" time="0.050" /><testcase classname="tests.unit.providers.test_pdupi_dc_provider.TestPdupiDcProvider" name="test_dc_power_off[5-channel-True-True]" time="0.042" /><testcase classname="tests.unit.providers.test_pdupi_ac_provider.TestPduPdupiAcProvider" name="test_get_ac_power_state[root-password-channel-True-True]" time="0.048" /><testcase classname="tests.unit.providers.test_pdupi_dc_provider.TestPdupiDcProvider" name="test_dc_power_off[5-channel1-False-True]" time="0.049" /><testcase classname="tests.unit.providers.test_em100_flash_emulator_provider.TestEm100FlashEmulatorProvider" name="test_single_write_mmap_fail" time="0.068" /><testcase classname="tests.unit.providers.test_pdupi_ac_provider.TestPduPdupiAcProvider" name="test_get_ac_power_state[root1-password1-channel1-None-True]" time="0.061" /><testcase classname="tests.unit.providers.test_pdupi_dc_provider.TestPdupiDcProvider" name="test_dc_power_off[None-channel2-True-True]" time="0.032" /><testcase classname="tests.unit.providers.test_em100_flash_emulator_provider.TestEm100FlashEmulatorProvider" name="test_start_multi" time="0.039" /><testcase classname="tests.unit.providers.test_pdupi_ac_provider.TestPduPdupiAcProvider" name="test_get_ac_power_state_exception[root-password-channel-None-Exception]" time="0.057" /><testcase classname="tests.unit.providers.test_pi_ac_provider.TestPiAcProvider" name="test_ac_power_off[5-False-True]" time="0.046" /><testcase classname="tests.unit.providers.test_em100_flash_emulator_provider.TestEm100FlashEmulatorProvider" name="test_start_multi_fail" time="0.080" /><testcase classname="tests.unit.providers.test_pi_ac_provider.TestPiAcProvider" name="test_ac_power_off[None-True-True]" time="0.037" /><testcase classname="tests.unit.providers.test_pdupi_ac_provider.TestPduPdupiAcProvider" name="test_set_username_password[root-password-channel-True-True]" time="0.050" /><testcase classname="tests.unit.providers.test_pi_ac_provider.TestPiAcProvider" name="test_ac_power_off_exception[5-None-Exception]" time="0.043" /><testcase classname="tests.unit.providers.test_em100_flash_emulator_provider.TestEm100FlashEmulatorProvider" name="test_start_single" time="0.041" /><testcase classname="tests.unit.providers.test_pdupi_ac_provider.TestPduPdupiAcProvider" name="test_set_username_password[root1-password1-channel1-None-True]" time="0.042" /><testcase classname="tests.unit.providers.test_pi_ac_provider.TestPiAcProvider" name="test_ac_power_on[5-True-True]" time="0.035" /><testcase classname="tests.unit.providers.test_pdupi_ac_provider.TestPduPdupiAcProvider" name="test_set_username_password_exception[root-password-channel-None-Exception]" time="0.036" /><testcase classname="tests.unit.providers.test_pdupi_dc_provider.TestPdupiDcProvider" name="test_dc_power_off_exception[5-channel-None-Exception]" time="0.063" /><testcase classname="tests.unit.providers.test_pi_ac_provider.TestPiAcProvider" name="test_ac_power_on[5-False-True]" time="0.034" /><testcase classname="tests.unit.providers.test_pi_dc_provider.TestPiDcProvider" name="test_ac_power_off[5-True-True]" time="0.049" /><testcase classname="tests.unit.providers.test_pdupi_dc_provider.TestPdupiDcProvider" name="test_get_dc_power_state[channel-True-True]" time="0.048" /><testcase classname="tests.unit.providers.test_pi_ac_provider.TestPiAcProvider" name="test_ac_power_on[None-True-True]" time="0.040" /><testcase classname="tests.unit.providers.test_pi_dc_provider.TestPiDcProvider" name="test_ac_power_off[5-False-True]" time="0.057" /><testcase classname="tests.unit.providers.test_pdupi_dc_provider.TestPdupiDcProvider" name="test_get_dc_power_state[channel1-None-True]" time="0.054" /><testcase classname="tests.unit.providers.test_pi_ac_provider.TestPiAcProvider" name="test_ac_power_on_exception[5-None-Exception]" time="0.042" /><testcase classname="tests.unit.providers.test_pi_ac_provider.TestPiAcProvider" name="test_get_ac_power_state[True-True]" time="0.045" /><testcase classname="tests.unit.providers.test_pi_dc_provider.TestPiDcProvider" name="test_ac_power_off_exception[5-None-Exception]" time="0.053" /><testcase classname="tests.unit.providers.test_pdupi_dc_provider.TestPdupiDcProvider" name="test_get_dc_power_state_exception[channel-None-Exception]" time="0.056" /><testcase classname="tests.unit.providers.test_pi_ac_provider.TestPiAcProvider" name="test_get_ac_power_state[None-True]" time="0.037" /><testcase classname="tests.unit.providers.test_pi_dc_provider.TestPiDcProvider" name="test_ac_power_on[5-True-True]" time="0.055" /><testcase classname="tests.unit.providers.test_pdupi_dc_provider.TestPdupiDcProvider" name="test_dc_power_reset[True-True]" time="0.055" /><testcase classname="tests.unit.providers.test_pi_ac_provider.TestPiAcProvider" name="test_get_ac_power_state_exception[5-None-Exception]" time="0.040" /><testcase classname="tests.unit.providers.test_pi_dc_provider.TestPiDcProvider" name="test_ac_power_on[5-False-True]" time="0.048" /><testcase classname="tests.unit.providers.test_pdupi_dc_provider.TestPdupiDcProvider" name="test_dc_power_reset[None-True]" time="0.066" /><testcase classname="tests.unit.providers.test_pi_dc_provider.TestPiDcProvider" name="test_dc_power_reset[None-True]" time="0.054" /><testcase classname="tests.unit.providers.test_dc_provider.TestDcProvider" name="test_banino_dc_power_on_fail" time="0.015" /><testcase classname="tests.unit.providers.test_dc_provider.TestDcProvider" name="test_rsc2_dc_power_on_exception" time="0.011" /><testcase classname="tests.unit.providers.test_pi_dc_provider.TestPiDcProvider" name="test_ac_power_on_exception[5-None-Exception]" time="0.066" /><testcase classname="tests.unit.providers.test_dc_provider.TestDcProvider" name="test_pi_dc_power_on_exception" time="0.015" /><testcase classname="tests.unit.providers.test_dc_provider.TestDcProvider" name="test_pdupi_dc_power_on_exception" time="0.015" /><testcase classname="tests.unit.providers.test_pi_dc_provider.TestPiDcProvider" name="test_dc_power_reset_exception[5-None-Exception]" time="0.041" /><testcase classname="tests.unit.providers.test_pdupi_dc_provider.TestPdupiDcProvider" name="test_dc_power_reset_exception[None-Exception]" time="0.057" /><testcase classname="tests.unit.providers.test_dc_provider.TestDcProvider" name="test_soundwave2k_dc_power_on_exception" time="0.022" /><testcase classname="tests.unit.providers.test_pi_dc_provider.TestPiDcProvider" name="test_get_dc_power_state[True-True]" time="0.041" /><testcase classname="tests.unit.providers.test_dc_provider.TestDcProvider" name="test_banino_dc_power_on_exception" time="0.012" /><testcase classname="tests.unit.providers.test_pi_driver.Test_PiDriver" name="test_ac_power_on[Power Turned ON and Verified-True-100]" time="0.048" /><testcase classname="tests.unit.providers.test_dc_provider.TestDcProvider" name="test_rsc2_dc_power_off_success" time="0.010" /><testcase classname="tests.unit.providers.test_dc_provider.TestDcProvider" name="test_pi_dc_power_off_success" time="0.015" /><testcase classname="tests.unit.providers.test_pduusb_ac_provider.TestSuites" name="test_notimplemented" time="6.068" /><testcase classname="tests.unit.providers.test_em100_flash_emulator_provider.TestEm100FlashEmulatorProvider" name="test_multi_read_fail" time="0.021" /><testcase classname="tests.unit.providers.test_pi_dc_provider.TestPiDcProvider" name="test_get_dc_power_state[None-True]" time="0.055" /><testcase classname="tests.unit.providers.test_em100_flash_emulator_provider.TestEm100FlashEmulatorProvider" name="test_multi_read_fail_exception" time="0.016" /><testcase classname="tests.unit.providers.test_pi_driver.Test_PiDriver" name="test_ac_power_on[Power Turned-None-100]" time="0.063" /><testcase classname="tests.unit.providers.test_em100_flash_emulator_provider.TestEm100FlashEmulatorProvider" name="test_multi_read_fail_mid" time="0.019" /><testcase classname="tests.unit.providers.test_em100_flash_emulator_provider.TestEm100FlashEmulatorProvider" name="test_multi_read_fail_start" time="0.020" /><testcase classname="tests.unit.providers.test_em100_flash_emulator_provider.TestEm100FlashEmulatorProvider" name="test_multi_start" time="0.006" /><testcase classname="tests.unit.providers.test_pi_driver.Test_PiDriver" name="test_ac_power_on_exception[ret0-time0-Test2]" time="0.065" /><testcase classname="tests.unit.providers.test_em100_flash_emulator_provider.TestEm100FlashEmulatorProvider" name="test_multi_start_fail" time="0.010" /><testcase classname="tests.unit.providers.test_pi_dc_provider.TestPiDcProvider" name="test_get_dc_power_state_exception[5-None-Exception]" time="0.081" /><testcase classname="tests.unit.providers.test_em100_flash_emulator_provider.TestEm100FlashEmulatorProvider" name="test_multi_stop" time="0.012" /><testcase classname="tests.unit.providers.test_em100_flash_emulator_provider.TestEm100FlashEmulatorProvider" name="test_multi_stop_fail" time="0.007" /><testcase classname="tests.unit.providers.test_em100_flash_emulator_provider.TestEm100FlashEmulatorProvider" name="test_multi_write" time="0.026" /><testcase classname="tests.unit.providers.test_pi_driver.Test_PiDriver" name="test_ac_power_off[Power Turned OFF and Verified-True-100]" time="0.065" /><testcase classname="tests.unit.providers.test_em100_flash_emulator_provider.TestEm100FlashEmulatorProvider" name="test_multi_write_fail" time="0.031" /><testcase classname="tests.unit.providers.test_pi_dc_provider.TestPiDcProvider" name="test_dc_power_reset[True-True]" time="0.067" /><testcase classname="tests.unit.providers.test_em100_flash_emulator_provider.TestEm100FlashEmulatorProvider" name="test_pch_and_bmc_flash" time="0.008" /><testcase classname="tests.unit.providers.test_em100_flash_emulator_provider.TestEm100FlashEmulatorProvider" name="test_pch_and_bmc_read" time="0.018" /><testcase classname="tests.unit.providers.test_em100_flash_emulator_provider.TestEm100FlashEmulatorProvider" name="test_pch_and_bmc_write" time="0.034" /><testcase classname="tests.unit.providers.test_pi_driver.Test_PiDriver" name="test_ac_power_off[incorrect output-None-50]" time="0.050" /><testcase classname="tests.unit.providers.test_pi_driver.Test_PiDriver" name="test_get_dc_power_state[incorrect output-None]" time="0.061" /><testcase classname="tests.unit.providers.test_pi_driver.Test_PiDriver" name="test_read_s3_pin[S3 power detected-True]" time="0.019" /><testcase classname="tests.unit.providers.test_pi_driver.Test_PiDriver" name="test_read_s3_pin[incorrect output-None]" time="0.021" /><testcase classname="tests.unit.providers.test_pi_driver.Test_PiDriver" name="test_ac_power_off_exception[ret0-time0-Test2]" time="0.072" /><testcase classname="tests.unit.providers.test_pi_driver.Test_PiDriver" name="test_read_s3_pin_exception[ret0-Test2]" time="0.023" /><testcase classname="tests.unit.providers.test_pi_driver.Test_PiDriver" name="test_get_dc_power_state_exception[ret0-Test2]" time="0.070" /><testcase classname="tests.unit.providers.test_pi_driver.Test_PiDriver" name="test_read_s4_pin[S4 power detected-True]" time="0.018" /><testcase classname="tests.unit.providers.test_pi_driver.Test_PiDriver" name="test_read_s4_pin[incorrect output-None]" time="0.022" /><testcase classname="tests.unit.providers.test_pi_driver.Test_PiDriver" name="test_get_ac_power_state[AC power detected-True]" time="0.070" /><testcase classname="tests.unit.providers.test_pi_driver.Test_PiDriver" name="test_read_s4_pin_exception[ret0-Test2]" time="0.020" /><testcase classname="tests.unit.providers.test_pi_driver.Test_PiDriver" name="test_connect_usb_to_sut[USB Switch to SUT Done-True-100]" time="0.082" /><testcase classname="tests.unit.providers.test_pi_driver.Test_PiDriver" name="test_program_jumper[Jumper set Done-test1-123-100-True]" time="0.034" /><testcase classname="tests.unit.providers.test_pi_driver.Test_PiDriver" name="test_disconnect_usb[incorrect output-None-50]" time="0.053" /><testcase classname="tests.unit.providers.test_pi_driver.Test_PiDriver" name="test_program_jumper[Jumper unset Done-test2-123-10-True]" time="0.033" /><testcase classname="tests.unit.providers.test_pi_driver.Test_PiDriver" name="test_program_jumper[incorrect output-test3-123-10-None]" time="0.035" /><testcase classname="tests.unit.providers.test_pi_driver.Test_PiDriver" name="test_connect_usb_to_sut[incorrect output-None-50]" time="0.071" /><testcase classname="tests.unit.providers.test_pi_driver.Test_PiDriver" name="test_disconnect_usb_exception[ret0-time0-Test2]" time="0.066" /><testcase classname="tests.unit.providers.test_pi_driver.Test_PiDriver" name="test_program_jumper_exception[ret0-test string-1020-100-Test2]" time="0.032" /><testcase classname="tests.unit.providers.test_pi_driver.Test_PiDriver" name="test_chip_identify[incorrect output-None]" time="0.024" /><testcase classname="tests.unit.providers.test_pi_driver.Test_PiDriver" name="test_chip_identify_exception[ret0-Test2]" time="0.017" /><testcase classname="tests.unit.providers.test_pi_driver.Test_PiDriver" name="test_set_clear_cmos[ClearCmos Command Issued-True-100]" time="0.097" /><testcase classname="tests.unit.providers.test_pi_driver.Test_PiDriver" name="test_connect_usb_to_sut_exception[ret0-time0-Test2]" time="0.082" /><testcase classname="tests.unit.providers.test_pi_driver.Test_PiDriver" name="test_chip_reading[incorrect output-None]" time="0.020" /><testcase classname="tests.unit.providers.test_pi_driver.Test_PiDriver" name="test_chip_reading_exception[ret0-Test2]" time="0.077" /><testcase classname="tests.unit.providers.test_pi_driver.Test_PiDriver" name="test_connect_usb_to_host[USB Switch to Host Done-True-100]" time="0.075" /><testcase classname="tests.unit.providers.test_pi_driver.Test_PiDriver" name="test_set_clear_cmos[incorrect output-None-50]" time="0.055" /><testcase classname="tests.unit.providers.test_pi_flash_provider.TestPFProvider" name="test_flash_image[True-False]" time="0.011" /><testcase classname="tests.unit.providers.test_pi_flash_provider.TestPFProvider" name="test_flash_image[False-False]" time="0.009" /><testcase classname="tests.unit.providers.test_pi_physical_control_provider.TestPiPhysicalControlProvider" name="test_connect_usb_to_host[5-True-True]" time="0.018" /><testcase classname="tests.unit.providers.test_pi_physical_control_provider.TestPiPhysicalControlProvider" name="test_connect_usb_to_host_exception[5-None-Exception]" time="0.011" /><testcase classname="tests.unit.providers.test_pi_driver.Test_PiDriver" name="test_set_clear_cmos_exception[ret0-time0-Test2]" time="0.070" /><testcase classname="tests.unit.providers.test_pi_driver.Test_PiDriver" name="test_connect_usb_to_host[incorrect output-None-50]" time="0.054" /><testcase classname="tests.unit.providers.test_pi_physical_control_provider.TestPiPhysicalControlProvider" name="test_disconnect_usb[5-True-True]" time="0.011" /><testcase classname="tests.unit.providers.test_pi_physical_control_provider.TestPiPhysicalControlProvider" name="test_disconnect_usb_exception[5-None-Exception]" time="0.011" /><testcase classname="tests.unit.providers.test_pi_physical_control_provider.TestPiPhysicalControlProvider" name="test_set_clear_cmos[5-True-True]" time="0.016" /><testcase classname="tests.unit.providers.test_pi_physical_control_provider.TestPiPhysicalControlProvider" name="test_set_clear_cmos_exception[5-None-Exception]" time="0.012" /><testcase classname="tests.unit.providers.test_pi_driver.Test_PiDriver" name="test_read_postcode[12-12]" time="0.058" /><testcase classname="tests.unit.providers.test_pi_driver.Test_PiDriver" name="test_connect_usb_to_host_exception[ret0-time0-Test2]" time="0.133" /><testcase classname="tests.unit.providers.test_pi_physical_control_provider.TestPiPhysicalControlProvider" name="test_read_postcode[5-96]" time="0.012" /><testcase classname="tests.unit.providers.test_pythonsv_provider.TestSuites" name="test_get_cscripts_utils" time="0.019" /><testcase classname="tests.unit.providers.test_pythonsv_provider.TestSuites" name="test_get_cscripts_ei_object" time="0.019" /><testcase classname="tests.unit.providers.test_pythonsv_provider.TestSuites" name="test_get_cscripts_nvd_object" time="0.019" /><testcase classname="tests.unit.providers.test_pi_driver.Test_PiDriver" name="test_read_postcode[postcode-postcode]" time="0.045" /><testcase classname="tests.unit.providers.test_pythonsv_provider.TestSuites" name="test_get_dimminfo_object" time="0.015" /><testcase classname="tests.unit.providers.test_pythonsv_provider.TestSuites" name="test_get_ras_object" time="0.017" /><testcase classname="tests.unit.providers.test_pi_driver.Test_PiDriver" name="test_read_postcode_exception[ret0-Test2]" time="0.057" /><testcase classname="tests.unit.providers.test_pythonsv_provider.TestSuites" name="test_get_add_tran_obj" time="0.020" /><testcase classname="tests.unit.providers.test_pi_driver.Test_PiDriver" name="test_disconnect_usb[USB Disconnect Done-True-100]" time="0.074" /><testcase classname="tests.unit.providers.test_pythonsv_provider.TestSuites" name="test_get_bootscript_obj" time="0.018" /><testcase classname="tests.unit.providers.test_pythonsv_provider.TestSuites" name="test_get_mc_utils_obj" time="0.018" /><testcase classname="tests.unit.providers.test_pi_physical_control_provider.TestPiPhysicalControlProvider" name="test_read_postcode_exception[5-None-Exception]" time="0.058" /><testcase classname="tests.unit.providers.test_pythonsv_provider.TestSuites" name="test_search" time="0.023" /><testcase classname="tests.unit.providers.test_pi_flash_provider.TestPFProvider" name="test_flash_image[True-True0]" time="0.067" /><testcase classname="tests.unit.providers.test_pythonsv_provider.TestSuites" name="test_get" time="0.021" /><testcase classname="tests.unit.providers.test_pythonsv_provider.TestSuites" name="test_sv_normal" time="0.071" /><testcase classname="tests.unit.providers.test_pi_physical_control_provider.TestPiPhysicalControlProvider" name="test_read_s3_pin[True-True]" time="0.050" /><testcase classname="tests.unit.providers.test_pi_flash_provider.TestPFProvider" name="test_flash_image[True-True1]" time="0.061" /><testcase classname="tests.unit.providers.test_pythonsv_provider.TestSuites" name="test_sv_component" time="0.022" /><testcase classname="tests.unit.providers.test_pi_physical_control_provider.TestPiPhysicalControlProvider" name="test_read_s3_pin_exception[5-None-Exception]" time="0.042" /><testcase classname="tests.unit.providers.test_redfish_ac_provider.TestBaseBiosXmlCliProvider" name="test_ac_power_off" time="0.013"><failure message="ModuleNotFoundError: No module named 'paramiko'">thing = &lt;module 'dtaf_core.providers.internal' from 'C:\\Users\\czhao\\git_root\\dtaf\\suresh_local\\src\\dtaf_core\\providers\\internal\\__init__.py'&gt;, comp = 'base_bios_xmlcli_provider'
import_path = 'dtaf_core.providers.internal.base_bios_xmlcli_provider'

    def _dot_lookup(thing, comp, import_path):
        try:
&gt;           return getattr(thing, comp)
E           AttributeError: module 'dtaf_core.providers.internal' has no attribute 'base_bios_xmlcli_provider'

C:\Program Files\Python38\lib\unittest\mock.py:1215: AttributeError

During handling of the above exception, another exception occurred:

args = (), keywargs = {}

    @wraps(func)
    def patched(*args, **keywargs):
&gt;       with self.decoration_helper(patched,
                                    args,
                                    keywargs) as (newargs, newkeywargs):

C:\Program Files\Python38\lib\unittest\mock.py:1322: 
_ _ _ _ _ _ _ _ _ _ _ _ _ _ _ _ _ _ _ _ _ _ _ _ _ _ _ _ _ _ _ _ _ _ _ _ _ _ _ _ _ _ _ _ _ _ _ _ _ _ _ _ _ _ _ _ _ _ _ _ _ _ _ _ _ _ _ _ _ _ _ _ _ _ _ _ _ _ _ _ _ _ _ _ _ _ _ _ _ _ _ _ _ _ _ _ _ _ _ _ _ _ _ _ 
C:\Program Files\Python38\lib\contextlib.py:113: in __enter__
    return next(self.gen)
C:\Program Files\Python38\lib\unittest\mock.py:1304: in decoration_helper
    arg = exit_stack.enter_context(patching)
C:\Program Files\Python38\lib\contextlib.py:425: in enter_context
    result = _cm_type.__enter__(cm)
C:\Program Files\Python38\lib\unittest\mock.py:1377: in __enter__
    self.target = self.getter()
C:\Program Files\Python38\lib\unittest\mock.py:1552: in &lt;lambda&gt;
    getter = lambda: _importer(target)
C:\Program Files\Python38\lib\unittest\mock.py:1228: in _importer
    thing = _dot_lookup(thing, comp, import_path)
C:\Program Files\Python38\lib\unittest\mock.py:1217: in _dot_lookup
    __import__(import_path)
_ _ _ _ _ _ _ _ _ _ _ _ _ _ _ _ _ _ _ _ _ _ _ _ _ _ _ _ _ _ _ _ _ _ _ _ _ _ _ _ _ _ _ _ _ _ _ _ _ _ _ _ _ _ _ _ _ _ _ _ _ _ _ _ _ _ _ _ _ _ _ _ _ _ _ _ _ _ _ _ _ _ _ _ _ _ _ _ _ _ _ _ _ _ _ _ _ _ _ _ _ _ _ _ 

    import re
    import os
    import six
&gt;   import paramiko
E   ModuleNotFoundError: No module named 'paramiko'

src\dtaf_core\providers\internal\base_bios_xmlcli_provider.py:22: ModuleNotFoundError</failure></testcase><testcase classname="tests.unit.providers.test_pi_physical_control_provider.TestPiPhysicalControlProvider" name="test_read_s4_pin[True-True]" time="0.042" /><testcase classname="tests.unit.providers.test_pi_flash_provider.TestPFProvider" name="test_chip_identify[True]" time="0.055" /><testcase classname="tests.unit.providers.test_pi_physical_control_provider.TestPiPhysicalControlProvider" name="test_read_s4_pin_exception[5-None-Exception]" time="0.049" /><testcase classname="tests.unit.providers.test_pi_flash_provider.TestPFProvider" name="test_chip_identify[False]" time="0.064" /><testcase classname="tests.unit.providers.test_pi_physical_control_provider.TestPiPhysicalControlProvider" name="test_program_jumper[set-26-5-True-True]" time="0.042" /><testcase classname="tests.unit.providers.test_pi_physical_control_provider.TestPiPhysicalControlProvider" name="test_program_jumper_exception[5-None-Exception]" time="0.056" /><testcase classname="tests.unit.providers.test_pi_flash_provider.TestPFProvider" name="test_read[True]" time="0.069" /><testcase classname="tests.unit.providers.test_pythonsv_provider.TestSuites" name="test_get_platform_modules" time="0.139" /><testcase classname="tests.unit.providers.test_pi_flash_provider.TestPFProvider" name="test_read[False]" time="0.051" /><testcase classname="tests.unit.providers.test_pi_physical_control_provider.TestPiPhysicalControlProvider" name="test_connect_usb_to_sut[5-True-True]" time="0.054" /><testcase classname="tests.unit.lib.test_configuration.test_configuration_helper.ConfigurationHelperUnitTest" name="testNormal" time="0.012" /><testcase classname="tests.unit.provider_config.test_ac_provider_config.TestSuites" name="test_init" time="0.002" /><testcase classname="tests.unit.provider_config.test_banino_provider_config.TestSuites" name="test_cfg_normal" time="0.009" /><testcase classname="tests.unit.providers.test_redfish_dc_provider.TestRedfishDcProvider" name="test_dc_power_off[5-False-True]" time="0.038" /><testcase classname="tests.unit.providers.test_pi_physical_control_provider.TestPiPhysicalControlProvider" name="test_connect_usb_to_sut_exception[5-None-Exception]" time="0.072" /><testcase classname="tests.unit.provider_config.test_bootmenu_provider_config.TestSetupmenuProviderConfig" name="test_bootmenu_provider_cfg_normal" time="0.010" /><testcase classname="tests.unit.provider_config.test_console_log_provider_config.TestSetupmenuProviderConfig" name="test_console_log_provider_cfg_normal" time="0.013" /><testcase classname="tests.unit.provider_config.test_dc_provider_config.TestSuites" name="test_cfg_normal" time="0.010" /><testcase classname="tests.unit.provider_config.test_ipmi_provider_config.TestSuites" name="test_cfg_normal" time="0.006" /><testcase classname="tests.unit.providers.test_redfish_dc_provider.TestRedfishDcProvider" name="test_dc_power_off[None-True-True]" time="0.065" /><testcase classname="tests.unit.provider_config.test_pduapc_provider_config.TestSetupmenuProviderConfig" name="test_pdupi_provider_cfg_normal" time="0.016" /><testcase classname="tests.unit.providers.test_redfish_dc_provider.TestRedfishDcProvider" name="test_get_dc_power_state_exception[None-Exception]" time="0.058" /><testcase classname="tests.unit.provider_config.test_pdupi_provider_config.TestSetupmenuProviderConfig" name="test_pdupi_provider_cfg_normal" time="0.021" /><testcase classname="tests.unit.provider_config.test_pdupi_provider_config.TestSetupmenuProviderConfig" name="test_pdupi_provider_cfg_error" time="0.018" /><testcase classname="tests.unit.providers.test_redfish_dc_provider.TestRedfishDcProvider" name="test_dc_power_off_exception[5-None-Exception]" time="0.056" /><testcase classname="tests.unit.providers.test_ac_provider.TestAcProvider" name="test_soundwave2k_ac_power_on_exception" time="0.028" /><testcase classname="tests.unit.providers.test_redfish_dc_provider.TestRedfishDcProvider" name="test_dc_power_reset[True-True0]" time="0.075" /><testcase classname="tests.unit.providers.test_ac_provider.TestAcProvider" name="test_pdu_ac_power_on_exception" time="0.012"><failure message="ModuleNotFoundError: No module named 'paramiko'">thing = &lt;module 'dtaf_core.providers.internal' from 'C:\\Users\\czhao\\git_root\\dtaf\\suresh_local\\src\\dtaf_core\\providers\\internal\\__init__.py'&gt;, comp = 'pdu_ac_provider'
import_path = 'dtaf_core.providers.internal.pdu_ac_provider'

    def _dot_lookup(thing, comp, import_path):
        try:
&gt;           return getattr(thing, comp)
E           AttributeError: module 'dtaf_core.providers.internal' has no attribute 'pdu_ac_provider'

C:\Program Files\Python38\lib\unittest\mock.py:1215: AttributeError

During handling of the above exception, another exception occurred:

self = &lt;tests.unit.providers.test_ac_provider.TestAcProvider object at 0x000001D367591850&gt;

    def test_pdu_ac_power_on_exception(self):
&gt;       self.__test_ac_power_on_exception("pdu")

tests\unit\providers\test_ac_provider.py:284: 
_ _ _ _ _ _ _ _ _ _ _ _ _ _ _ _ _ _ _ _ _ _ _ _ _ _ _ _ _ _ _ _ _ _ _ _ _ _ _ _ _ _ _ _ _ _ _ _ _ _ _ _ _ _ _ _ _ _ _ _ _ _ _ _ _ _ _ _ _ _ _ _ _ _ _ _ _ _ _ _ _ _ _ _ _ _ _ _ _ _ _ _ _ _ _ _ _ _ _ _ _ _ _ _ 
tests\unit\providers\test_ac_provider.py:291: in __test_ac_power_on_exception
    with mock.patch(patch_obj) as m:
C:\Program Files\Python38\lib\unittest\mock.py:1377: in __enter__
    self.target = self.getter()
C:\Program Files\Python38\lib\unittest\mock.py:1552: in &lt;lambda&gt;
    getter = lambda: _importer(target)
C:\Program Files\Python38\lib\unittest\mock.py:1228: in _importer
    thing = _dot_lookup(thing, comp, import_path)
C:\Program Files\Python38\lib\unittest\mock.py:1217: in _dot_lookup
    __import__(import_path)
src\dtaf_core\providers\internal\pdu_ac_provider.py:25: in &lt;module&gt;
    from dtaf_core.drivers.internal.pdu_driver import PduDriver
_ _ _ _ _ _ _ _ _ _ _ _ _ _ _ _ _ _ _ _ _ _ _ _ _ _ _ _ _ _ _ _ _ _ _ _ _ _ _ _ _ _ _ _ _ _ _ _ _ _ _ _ _ _ _ _ _ _ _ _ _ _ _ _ _ _ _ _ _ _ _ _ _ _ _ _ _ _ _ _ _ _ _ _ _ _ _ _ _ _ _ _ _ _ _ _ _ _ _ _ _ _ _ _ 

    """
    #################################################################################
    # INTEL CONFIDENTIAL
    # Copyright Intel Corporation All Rights Reserved.
    # The source code contained or described herein and all documents related to
    # the source code ("Material") are owned by Intel Corporation or its suppliers
    # or licensors. Title to the Material remains with Intel Corporation or its
    # suppliers and licensors. The Material may contain trade secrets and proprietary
    # and confidential information of Intel Corporation and its suppliers and
    # licensors, and is protected by worldwide copyright and trade secret laws and
    # treaty provisions. No part of the Material may be used, copied, reproduced,
    # modified, published, uploaded, posted, transmitted, distributed, or disclosed
    # in any way without Intel's prior express written permission.
    # No license under any patent, copyright, trade secret or other intellectual
    # property right is granted to or conferred upon you by disclosure or delivery
    # of the Materials, either expressly, by implication, inducement, estoppel or
    # otherwise. Any license under such intellectual property rights must be express
    # and approved by Intel in writing.
    #################################################################################
    """
    import datetime
    import re
    import threading
    import time
    
&gt;   import paramiko
E   ModuleNotFoundError: No module named 'paramiko'

src\dtaf_core\drivers\internal\pdu_driver.py:27: ModuleNotFoundError</failure></testcase><testcase classname="tests.unit.providers.test_redfish_dc_provider.TestRedfishDcProvider" name="test_get_dc_power_state[True-True0]" time="0.060" /><testcase classname="tests.unit.lib.test_serial_transport.TestSerialTransport" name="test_send" time="0.003" /><testcase classname="tests.unit.lib.test_serial_transport.TestSerialTransport" name="test_frame" time="0.003" /><testcase classname="tests.unit.lib.test_serial_transport.TestSerialTransport" name="test_recv_msg" time="0.010" /><testcase classname="tests.unit.provider_config.test_pi_provider_config.TestSuites" name="test_cfg_normal" time="0.005" /><testcase classname="tests.unit.providers.test_redfish_dc_provider.TestRedfishDcProvider" name="test_dc_power_reset[False-True]" time="0.051" /><testcase classname="tests.unit.provider_config.test_redfish_provider_config.TestSuites" name="test_cfg_normal" time="0.003" /><testcase classname="tests.unit.provider_config.test_setupmenu_provider_config.TestSetupmenuProviderConfig" name="test_setupmenu_provider_cfg_normal" time="0.015" /><testcase classname="tests.unit.provider_config.test_simics_provider_config.TestSuites" name="test_cfg_normal" time="0.006" /><testcase classname="tests.unit.providers.test_redfish_dc_provider.TestRedfishDcProvider" name="test_get_dc_power_state[False-True]" time="0.055" /><testcase classname="tests.unit.provider_config.test_ssh_sutos_provider_config.TestSshSutOSProviderConfig" name="test_ssh_sut_os_cfg_normal" time="0.006" /><testcase classname="tests.unit.provider_config.test_xmlcli_bios_provider_config.TestXmlCliBiosProviderConfig" name="test_xmlcli_bios_cfg_normal" time="0.006" /><testcase classname="tests.unit.providers.test_redfish_dc_provider.TestRedfishDcProvider" name="test_dc_power_reset[True-True1]" time="0.065" /><testcase classname="tests.unit.providers.test_ac_provider.TestAcProvider" name="test_rsc2_ac_power_on_success" time="0.009"><failure message="AttributeError: __enter__">self = &lt;tests.unit.providers.test_ac_provider.TestAcProvider object at 0x0000027A236A3190&gt;

    def test_rsc2_ac_power_on_success(self):
&gt;       self.__test_ac_power_on_success(r"rsc2")

tests\unit\providers\test_ac_provider.py:210: 
_ _ _ _ _ _ _ _ _ _ _ _ _ _ _ _ _ _ _ _ _ _ _ _ _ _ _ _ _ _ _ _ _ _ _ _ _ _ _ _ _ _ _ _ _ _ _ _ _ _ _ _ _ _ _ _ _ _ _ _ _ _ _ _ _ _ _ _ _ _ _ _ _ _ _ _ _ _ _ _ _ _ _ _ _ _ _ _ _ _ _ _ _ _ _ _ _ _ _ _ _ _ _ _ 

self = &lt;tests.unit.providers.test_ac_provider.TestAcProvider object at 0x0000027A236A3190&gt;, driver_name = 'rsc2'

    def __test_ac_power_on_success(self, driver_name):
        for cfg in cfg_dict["normal"]:
            tag = cfg.find("driver/*").tag
            if tag == driver_name:
                patch_obj = r"dtaf_core.providers.internal.{}_ac_provider.DriverFactory.create".format(tag)
                with mock.patch(patch_obj) as m:
&gt;                   with ProviderFactory.create(cfg, Logs()) as ac:  # type: AcPowerControlProvider
E                   AttributeError: __enter__

tests\unit\providers\test_ac_provider.py:230: AttributeError</failure></testcase><testcase classname="tests.unit.providers.test_redfish_dc_provider.TestRedfishDcProvider" name="test_get_dc_power_state[True-True1]" time="0.055" /><testcase classname="tests.unit.providers.test_redfish_dc_provider.TestRedfishDcProvider" name="test_dc_power_reset_exception[None-Exception]" time="0.045" /><testcase classname="tests.unit.providers.test_ac_provider.TestAcProvider" name="test_pi_ac_power_on_success" time="0.004"><failure message="AttributeError: __enter__">self = &lt;tests.unit.providers.test_ac_provider.TestAcProvider object at 0x0000027A236E03D0&gt;

    def test_pi_ac_power_on_success(self):
&gt;       self.__test_ac_power_on_success(r"pi")

tests\unit\providers\test_ac_provider.py:213: 
_ _ _ _ _ _ _ _ _ _ _ _ _ _ _ _ _ _ _ _ _ _ _ _ _ _ _ _ _ _ _ _ _ _ _ _ _ _ _ _ _ _ _ _ _ _ _ _ _ _ _ _ _ _ _ _ _ _ _ _ _ _ _ _ _ _ _ _ _ _ _ _ _ _ _ _ _ _ _ _ _ _ _ _ _ _ _ _ _ _ _ _ _ _ _ _ _ _ _ _ _ _ _ _ 

self = &lt;tests.unit.providers.test_ac_provider.TestAcProvider object at 0x0000027A236E03D0&gt;, driver_name = 'pi'

    def __test_ac_power_on_success(self, driver_name):
        for cfg in cfg_dict["normal"]:
            tag = cfg.find("driver/*").tag
            if tag == driver_name:
                patch_obj = r"dtaf_core.providers.internal.{}_ac_provider.DriverFactory.create".format(tag)
                with mock.patch(patch_obj) as m:
&gt;                   with ProviderFactory.create(cfg, Logs()) as ac:  # type: AcPowerControlProvider
E                   AttributeError: __enter__

tests\unit\providers\test_ac_provider.py:230: AttributeError</failure></testcase><testcase classname="tests.unit.providers.test_redfish_flash_provider.TestConsoleLog" name="test_current_bios_version_check" time="0.043" /><testcase classname="tests.unit.providers.test_redfish_flash_provider.TestConsoleLog" name="test_flash_image" time="0.061" /><testcase classname="tests.unit.providers.test_redfish_flash_provider.TestConsoleLog" name="test_chip_identify" time="0.030" /><testcase classname="tests.unit.providers.test_ac_provider.TestAcProvider" name="test_pdupi_ac_power_on_success" time="0.006"><failure message="AttributeError: __enter__">self = &lt;tests.unit.providers.test_ac_provider.TestAcProvider object at 0x0000027A236920D0&gt;

    def test_pdupi_ac_power_on_success(self):
&gt;       self.__test_ac_power_on_success(r"pdupi")

tests\unit\providers\test_ac_provider.py:216: 
_ _ _ _ _ _ _ _ _ _ _ _ _ _ _ _ _ _ _ _ _ _ _ _ _ _ _ _ _ _ _ _ _ _ _ _ _ _ _ _ _ _ _ _ _ _ _ _ _ _ _ _ _ _ _ _ _ _ _ _ _ _ _ _ _ _ _ _ _ _ _ _ _ _ _ _ _ _ _ _ _ _ _ _ _ _ _ _ _ _ _ _ _ _ _ _ _ _ _ _ _ _ _ _ 

self = &lt;tests.unit.providers.test_ac_provider.TestAcProvider object at 0x0000027A236920D0&gt;, driver_name = 'pdupi'

    def __test_ac_power_on_success(self, driver_name):
        for cfg in cfg_dict["normal"]:
            tag = cfg.find("driver/*").tag
            if tag == driver_name:
                patch_obj = r"dtaf_core.providers.internal.{}_ac_provider.DriverFactory.create".format(tag)
                with mock.patch(patch_obj) as m:
&gt;                   with ProviderFactory.create(cfg, Logs()) as ac:  # type: AcPowerControlProvider
E                   AttributeError: __enter__

tests\unit\providers\test_ac_provider.py:230: AttributeError</failure></testcase><testcase classname="tests.unit.providers.test_redfish_flash_provider.TestConsoleLog" name="test_read" time="0.048" /><testcase classname="tests.unit.providers.test_redfish_physical_control_provider.TestSuites" name="test_notimplemented" time="0.078" /><testcase classname="tests.unit.providers.test_ac_provider.TestAcProvider" name="test_soundwave2k_ac_power_on_success" time="0.007"><failure message="AttributeError: __enter__">self = &lt;tests.unit.providers.test_ac_provider.TestAcProvider object at 0x0000027A2369D8B0&gt;

    def test_soundwave2k_ac_power_on_success(self):
&gt;       self.__test_ac_power_on_success(r"soundwave2k")

tests\unit\providers\test_ac_provider.py:219: 
_ _ _ _ _ _ _ _ _ _ _ _ _ _ _ _ _ _ _ _ _ _ _ _ _ _ _ _ _ _ _ _ _ _ _ _ _ _ _ _ _ _ _ _ _ _ _ _ _ _ _ _ _ _ _ _ _ _ _ _ _ _ _ _ _ _ _ _ _ _ _ _ _ _ _ _ _ _ _ _ _ _ _ _ _ _ _ _ _ _ _ _ _ _ _ _ _ _ _ _ _ _ _ _ 

self = &lt;tests.unit.providers.test_ac_provider.TestAcProvider object at 0x0000027A2369D8B0&gt;, driver_name = 'soundwave2k'

    def __test_ac_power_on_success(self, driver_name):
        for cfg in cfg_dict["normal"]:
            tag = cfg.find("driver/*").tag
            if tag == driver_name:
                patch_obj = r"dtaf_core.providers.internal.{}_ac_provider.DriverFactory.create".format(tag)
                with mock.patch(patch_obj) as m:
&gt;                   with ProviderFactory.create(cfg, Logs()) as ac:  # type: AcPowerControlProvider
E                   AttributeError: __enter__

tests\unit\providers\test_ac_provider.py:230: AttributeError</failure></testcase><testcase classname="tests.unit.providers.test_redfish_flash_provider.TestConsoleLog" name="test_write" time="0.041" /><testcase classname="tests.unit.providers.test_redfish_flash_provider.TestConsoleLog" name="test_current_bmc_version_check" time="0.042" /><testcase classname="tests.unit.providers.test_rsc2_ac_provider.TestRsc2AcProvider" name="test_ac_power_off[5-True-False]" time="5.115" /><testcase classname="tests.unit.providers.test_ac_provider.TestAcProvider" name="test_pdu_ac_power_on_success" time="0.012"><failure message="ModuleNotFoundError: No module named 'paramiko'">thing = &lt;module 'dtaf_core.providers.internal' from 'C:\\Users\\czhao\\git_root\\dtaf\\suresh_local\\src\\dtaf_core\\providers\\internal\\__init__.py'&gt;, comp = 'pdu_ac_provider'
import_path = 'dtaf_core.providers.internal.pdu_ac_provider'

    def _dot_lookup(thing, comp, import_path):
        try:
&gt;           return getattr(thing, comp)
E           AttributeError: module 'dtaf_core.providers.internal' has no attribute 'pdu_ac_provider'

C:\Program Files\Python38\lib\unittest\mock.py:1215: AttributeError

During handling of the above exception, another exception occurred:

self = &lt;tests.unit.providers.test_ac_provider.TestAcProvider object at 0x0000027A236AA2B0&gt;

    def test_pdu_ac_power_on_success(self):
&gt;       self.__test_ac_power_on_success(r"pdu")

tests\unit\providers\test_ac_provider.py:222: 
_ _ _ _ _ _ _ _ _ _ _ _ _ _ _ _ _ _ _ _ _ _ _ _ _ _ _ _ _ _ _ _ _ _ _ _ _ _ _ _ _ _ _ _ _ _ _ _ _ _ _ _ _ _ _ _ _ _ _ _ _ _ _ _ _ _ _ _ _ _ _ _ _ _ _ _ _ _ _ _ _ _ _ _ _ _ _ _ _ _ _ _ _ _ _ _ _ _ _ _ _ _ _ _ 
tests\unit\providers\test_ac_provider.py:229: in __test_ac_power_on_success
    with mock.patch(patch_obj) as m:
C:\Program Files\Python38\lib\unittest\mock.py:1377: in __enter__
    self.target = self.getter()
C:\Program Files\Python38\lib\unittest\mock.py:1552: in &lt;lambda&gt;
    getter = lambda: _importer(target)
C:\Program Files\Python38\lib\unittest\mock.py:1228: in _importer
    thing = _dot_lookup(thing, comp, import_path)
C:\Program Files\Python38\lib\unittest\mock.py:1217: in _dot_lookup
    __import__(import_path)
src\dtaf_core\providers\internal\pdu_ac_provider.py:25: in &lt;module&gt;
    from dtaf_core.drivers.internal.pdu_driver import PduDriver
_ _ _ _ _ _ _ _ _ _ _ _ _ _ _ _ _ _ _ _ _ _ _ _ _ _ _ _ _ _ _ _ _ _ _ _ _ _ _ _ _ _ _ _ _ _ _ _ _ _ _ _ _ _ _ _ _ _ _ _ _ _ _ _ _ _ _ _ _ _ _ _ _ _ _ _ _ _ _ _ _ _ _ _ _ _ _ _ _ _ _ _ _ _ _ _ _ _ _ _ _ _ _ _ 

    """
    #################################################################################
    # INTEL CONFIDENTIAL
    # Copyright Intel Corporation All Rights Reserved.
    # The source code contained or described herein and all documents related to
    # the source code ("Material") are owned by Intel Corporation or its suppliers
    # or licensors. Title to the Material remains with Intel Corporation or its
    # suppliers and licensors. The Material may contain trade secrets and proprietary
    # and confidential information of Intel Corporation and its suppliers and
    # licensors, and is protected by worldwide copyright and trade secret laws and
    # treaty provisions. No part of the Material may be used, copied, reproduced,
    # modified, published, uploaded, posted, transmitted, distributed, or disclosed
    # in any way without Intel's prior express written permission.
    # No license under any patent, copyright, trade secret or other intellectual
    # property right is granted to or conferred upon you by disclosure or delivery
    # of the Materials, either expressly, by implication, inducement, estoppel or
    # otherwise. Any license under such intellectual property rights must be express
    # and approved by Intel in writing.
    #################################################################################
    """
    import datetime
    import re
    import threading
    import time
    
&gt;   import paramiko
E   ModuleNotFoundError: No module named 'paramiko'

src\dtaf_core\drivers\internal\pdu_driver.py:27: ModuleNotFoundError</failure></testcase><testcase classname="tests.unit.providers.test_redfish_flash_provider.TestConsoleLog" name="test_flash_image_bmc" time="0.050" /><testcase classname="tests.unit.providers.test_rsc2_ac_provider.TestRsc2AcProvider" name="test_ac_power_on[5-False-False]" time="5.061" /><testcase classname="tests.unit.providers.test_redfish_ac_provider.TestBaseBiosXmlCliProvider" name="test_get_ac_power_state" time="0.036"><failure message="ModuleNotFoundError: No module named 'paramiko'">thing = &lt;module 'dtaf_core.providers.internal' from 'C:\\Users\\czhao\\git_root\\dtaf\\suresh_local\\src\\dtaf_core\\providers\\internal\\__init__.py'&gt;, comp = 'base_bios_xmlcli_provider'
import_path = 'dtaf_core.providers.internal.base_bios_xmlcli_provider'

    def _dot_lookup(thing, comp, import_path):
        try:
&gt;           return getattr(thing, comp)
E           AttributeError: module 'dtaf_core.providers.internal' has no attribute 'base_bios_xmlcli_provider'

C:\Program Files\Python38\lib\unittest\mock.py:1215: AttributeError

During handling of the above exception, another exception occurred:

args = (), keywargs = {}

    @wraps(func)
    def patched(*args, **keywargs):
&gt;       with self.decoration_helper(patched,
                                    args,
                                    keywargs) as (newargs, newkeywargs):

C:\Program Files\Python38\lib\unittest\mock.py:1322: 
_ _ _ _ _ _ _ _ _ _ _ _ _ _ _ _ _ _ _ _ _ _ _ _ _ _ _ _ _ _ _ _ _ _ _ _ _ _ _ _ _ _ _ _ _ _ _ _ _ _ _ _ _ _ _ _ _ _ _ _ _ _ _ _ _ _ _ _ _ _ _ _ _ _ _ _ _ _ _ _ _ _ _ _ _ _ _ _ _ _ _ _ _ _ _ _ _ _ _ _ _ _ _ _ 
C:\Program Files\Python38\lib\contextlib.py:113: in __enter__
    return next(self.gen)
C:\Program Files\Python38\lib\unittest\mock.py:1304: in decoration_helper
    arg = exit_stack.enter_context(patching)
C:\Program Files\Python38\lib\contextlib.py:425: in enter_context
    result = _cm_type.__enter__(cm)
C:\Program Files\Python38\lib\unittest\mock.py:1377: in __enter__
    self.target = self.getter()
C:\Program Files\Python38\lib\unittest\mock.py:1552: in &lt;lambda&gt;
    getter = lambda: _importer(target)
C:\Program Files\Python38\lib\unittest\mock.py:1228: in _importer
    thing = _dot_lookup(thing, comp, import_path)
C:\Program Files\Python38\lib\unittest\mock.py:1217: in _dot_lookup
    __import__(import_path)
_ _ _ _ _ _ _ _ _ _ _ _ _ _ _ _ _ _ _ _ _ _ _ _ _ _ _ _ _ _ _ _ _ _ _ _ _ _ _ _ _ _ _ _ _ _ _ _ _ _ _ _ _ _ _ _ _ _ _ _ _ _ _ _ _ _ _ _ _ _ _ _ _ _ _ _ _ _ _ _ _ _ _ _ _ _ _ _ _ _ _ _ _ _ _ _ _ _ _ _ _ _ _ _ 

    import re
    import os
    import six
&gt;   import paramiko
E   ModuleNotFoundError: No module named 'paramiko'

src\dtaf_core\providers\internal\base_bios_xmlcli_provider.py:22: ModuleNotFoundError</failure></testcase><testcase classname="tests.unit.providers.test_ac_provider.TestAcProvider" name="test_rsc2_ac_power_off_success" time="0.020" /><testcase classname="tests.unit.providers.test_ac_provider.TestAcProvider" name="test_pi_ac_power_off_success" time="0.019" /><testcase classname="tests.unit.providers.test_ac_provider.TestAcProvider" name="test_pdupi_ac_power_off_success" time="0.023" /><testcase classname="tests.unit.providers.test_ac_provider.TestAcProvider" name="test_soundwave2k_ac_power_off_success" time="0.047" /><testcase classname="tests.unit.providers.test_ac_provider.TestAcProvider" name="test_pdu_ac_power_off_success" time="0.019"><failure message="ModuleNotFoundError: No module named 'paramiko'">thing = &lt;module 'dtaf_core.providers.internal' from 'C:\\Users\\czhao\\git_root\\dtaf\\suresh_local\\src\\dtaf_core\\providers\\internal\\__init__.py'&gt;, comp = 'pdu_ac_provider'
import_path = 'dtaf_core.providers.internal.pdu_ac_provider'

    def _dot_lookup(thing, comp, import_path):
        try:
&gt;           return getattr(thing, comp)
E           AttributeError: module 'dtaf_core.providers.internal' has no attribute 'pdu_ac_provider'

C:\Program Files\Python38\lib\unittest\mock.py:1215: AttributeError

During handling of the above exception, another exception occurred:

self = &lt;tests.unit.providers.test_ac_provider.TestAcProvider object at 0x000001D36749F490&gt;

    def test_pdu_ac_power_off_success(self):
&gt;       self.__test_ac_power_off_success("pdu")

tests\unit\providers\test_ac_provider.py:326: 
_ _ _ _ _ _ _ _ _ _ _ _ _ _ _ _ _ _ _ _ _ _ _ _ _ _ _ _ _ _ _ _ _ _ _ _ _ _ _ _ _ _ _ _ _ _ _ _ _ _ _ _ _ _ _ _ _ _ _ _ _ _ _ _ _ _ _ _ _ _ _ _ _ _ _ _ _ _ _ _ _ _ _ _ _ _ _ _ _ _ _ _ _ _ _ _ _ _ _ _ _ _ _ _ 
tests\unit\providers\test_ac_provider.py:333: in __test_ac_power_off_success
    with mock.patch(patch_obj) as m:
C:\Program Files\Python38\lib\unittest\mock.py:1377: in __enter__
    self.target = self.getter()
C:\Program Files\Python38\lib\unittest\mock.py:1552: in &lt;lambda&gt;
    getter = lambda: _importer(target)
C:\Program Files\Python38\lib\unittest\mock.py:1228: in _importer
    thing = _dot_lookup(thing, comp, import_path)
C:\Program Files\Python38\lib\unittest\mock.py:1217: in _dot_lookup
    __import__(import_path)
src\dtaf_core\providers\internal\pdu_ac_provider.py:25: in &lt;module&gt;
    from dtaf_core.drivers.internal.pdu_driver import PduDriver
_ _ _ _ _ _ _ _ _ _ _ _ _ _ _ _ _ _ _ _ _ _ _ _ _ _ _ _ _ _ _ _ _ _ _ _ _ _ _ _ _ _ _ _ _ _ _ _ _ _ _ _ _ _ _ _ _ _ _ _ _ _ _ _ _ _ _ _ _ _ _ _ _ _ _ _ _ _ _ _ _ _ _ _ _ _ _ _ _ _ _ _ _ _ _ _ _ _ _ _ _ _ _ _ 

    """
    #################################################################################
    # INTEL CONFIDENTIAL
    # Copyright Intel Corporation All Rights Reserved.
    # The source code contained or described herein and all documents related to
    # the source code ("Material") are owned by Intel Corporation or its suppliers
    # or licensors. Title to the Material remains with Intel Corporation or its
    # suppliers and licensors. The Material may contain trade secrets and proprietary
    # and confidential information of Intel Corporation and its suppliers and
    # licensors, and is protected by worldwide copyright and trade secret laws and
    # treaty provisions. No part of the Material may be used, copied, reproduced,
    # modified, published, uploaded, posted, transmitted, distributed, or disclosed
    # in any way without Intel's prior express written permission.
    # No license under any patent, copyright, trade secret or other intellectual
    # property right is granted to or conferred upon you by disclosure or delivery
    # of the Materials, either expressly, by implication, inducement, estoppel or
    # otherwise. Any license under such intellectual property rights must be express
    # and approved by Intel in writing.
    #################################################################################
    """
    import datetime
    import re
    import threading
    import time
    
&gt;   import paramiko
E   ModuleNotFoundError: No module named 'paramiko'

src\dtaf_core\drivers\internal\pdu_driver.py:27: ModuleNotFoundError</failure></testcase><testcase classname="tests.unit.providers.test_ac_provider.TestAcProvider" name="test_rsc2_ac_power_on_fail" time="0.004"><failure message="AttributeError: __enter__">self = &lt;tests.unit.providers.test_ac_provider.TestAcProvider object at 0x0000027A238DC4F0&gt;

    def test_rsc2_ac_power_on_fail(self):
&gt;       self.__test_ac_power_on_fail(r"rsc2")

tests\unit\providers\test_ac_provider.py:240: 
_ _ _ _ _ _ _ _ _ _ _ _ _ _ _ _ _ _ _ _ _ _ _ _ _ _ _ _ _ _ _ _ _ _ _ _ _ _ _ _ _ _ _ _ _ _ _ _ _ _ _ _ _ _ _ _ _ _ _ _ _ _ _ _ _ _ _ _ _ _ _ _ _ _ _ _ _ _ _ _ _ _ _ _ _ _ _ _ _ _ _ _ _ _ _ _ _ _ _ _ _ _ _ _ 

self = &lt;tests.unit.providers.test_ac_provider.TestAcProvider object at 0x0000027A238DC4F0&gt;, driver_name = 'rsc2'

    def __test_ac_power_on_fail(self, driver_name):
        for cfg in cfg_dict["normal"]:
            tag = cfg.find("driver/*").tag
            if tag == driver_name:
                patch_obj = r"dtaf_core.providers.internal.{}_ac_provider.DriverFactory.create".format(tag)
                with mock.patch(patch_obj) as m:
&gt;                   with ProviderFactory.create(cfg, Logs()) as ac:  # type: AcPowerControlProvider
E                   AttributeError: __enter__

tests\unit\providers\test_ac_provider.py:260: AttributeError</failure></testcase><testcase classname="tests.unit.providers.test_ac_provider.TestAcProvider" name="test_pi_ac_power_on_fail" time="0.004"><failure message="AttributeError: __enter__">self = &lt;tests.unit.providers.test_ac_provider.TestAcProvider object at 0x0000027A23720070&gt;

    def test_pi_ac_power_on_fail(self):
&gt;       self.__test_ac_power_on_fail(r"pi")

tests\unit\providers\test_ac_provider.py:243: 
_ _ _ _ _ _ _ _ _ _ _ _ _ _ _ _ _ _ _ _ _ _ _ _ _ _ _ _ _ _ _ _ _ _ _ _ _ _ _ _ _ _ _ _ _ _ _ _ _ _ _ _ _ _ _ _ _ _ _ _ _ _ _ _ _ _ _ _ _ _ _ _ _ _ _ _ _ _ _ _ _ _ _ _ _ _ _ _ _ _ _ _ _ _ _ _ _ _ _ _ _ _ _ _ 

self = &lt;tests.unit.providers.test_ac_provider.TestAcProvider object at 0x0000027A23720070&gt;, driver_name = 'pi'

    def __test_ac_power_on_fail(self, driver_name):
        for cfg in cfg_dict["normal"]:
            tag = cfg.find("driver/*").tag
            if tag == driver_name:
                patch_obj = r"dtaf_core.providers.internal.{}_ac_provider.DriverFactory.create".format(tag)
                with mock.patch(patch_obj) as m:
&gt;                   with ProviderFactory.create(cfg, Logs()) as ac:  # type: AcPowerControlProvider
E                   AttributeError: __enter__

tests\unit\providers\test_ac_provider.py:260: AttributeError</failure></testcase><testcase classname="tests.unit.providers.test_ac_provider.TestAcProvider" name="test_pdupi_ac_power_on_fail" time="0.004"><failure message="AttributeError: __enter__">self = &lt;tests.unit.providers.test_ac_provider.TestAcProvider object at 0x0000027A2368D670&gt;

    def test_pdupi_ac_power_on_fail(self):
&gt;       self.__test_ac_power_on_fail(r"pdupi")

tests\unit\providers\test_ac_provider.py:246: 
_ _ _ _ _ _ _ _ _ _ _ _ _ _ _ _ _ _ _ _ _ _ _ _ _ _ _ _ _ _ _ _ _ _ _ _ _ _ _ _ _ _ _ _ _ _ _ _ _ _ _ _ _ _ _ _ _ _ _ _ _ _ _ _ _ _ _ _ _ _ _ _ _ _ _ _ _ _ _ _ _ _ _ _ _ _ _ _ _ _ _ _ _ _ _ _ _ _ _ _ _ _ _ _ 

self = &lt;tests.unit.providers.test_ac_provider.TestAcProvider object at 0x0000027A2368D670&gt;, driver_name = 'pdupi'

    def __test_ac_power_on_fail(self, driver_name):
        for cfg in cfg_dict["normal"]:
            tag = cfg.find("driver/*").tag
            if tag == driver_name:
                patch_obj = r"dtaf_core.providers.internal.{}_ac_provider.DriverFactory.create".format(tag)
                with mock.patch(patch_obj) as m:
&gt;                   with ProviderFactory.create(cfg, Logs()) as ac:  # type: AcPowerControlProvider
E                   AttributeError: __enter__

tests\unit\providers\test_ac_provider.py:260: AttributeError</failure></testcase><testcase classname="tests.unit.providers.test_ac_provider.TestAcProvider" name="test_soundwave2k_ac_power_on_fail" time="0.008"><failure message="AttributeError: __enter__">self = &lt;tests.unit.providers.test_ac_provider.TestAcProvider object at 0x0000027A2372E520&gt;

    def test_soundwave2k_ac_power_on_fail(self):
&gt;       self.__test_ac_power_on_fail(r"soundwave2k")

tests\unit\providers\test_ac_provider.py:249: 
_ _ _ _ _ _ _ _ _ _ _ _ _ _ _ _ _ _ _ _ _ _ _ _ _ _ _ _ _ _ _ _ _ _ _ _ _ _ _ _ _ _ _ _ _ _ _ _ _ _ _ _ _ _ _ _ _ _ _ _ _ _ _ _ _ _ _ _ _ _ _ _ _ _ _ _ _ _ _ _ _ _ _ _ _ _ _ _ _ _ _ _ _ _ _ _ _ _ _ _ _ _ _ _ 

self = &lt;tests.unit.providers.test_ac_provider.TestAcProvider object at 0x0000027A2372E520&gt;, driver_name = 'soundwave2k'

    def __test_ac_power_on_fail(self, driver_name):
        for cfg in cfg_dict["normal"]:
            tag = cfg.find("driver/*").tag
            if tag == driver_name:
                patch_obj = r"dtaf_core.providers.internal.{}_ac_provider.DriverFactory.create".format(tag)
                with mock.patch(patch_obj) as m:
&gt;                   with ProviderFactory.create(cfg, Logs()) as ac:  # type: AcPowerControlProvider
E                   AttributeError: __enter__

tests\unit\providers\test_ac_provider.py:260: AttributeError</failure></testcase><testcase classname="tests.unit.providers.test_ac_provider.TestAcProvider" name="test_pdu_ac_power_on_fail" time="0.019"><failure message="ModuleNotFoundError: No module named 'paramiko'">thing = &lt;module 'dtaf_core.providers.internal' from 'C:\\Users\\czhao\\git_root\\dtaf\\suresh_local\\src\\dtaf_core\\providers\\internal\\__init__.py'&gt;, comp = 'pdu_ac_provider'
import_path = 'dtaf_core.providers.internal.pdu_ac_provider'

    def _dot_lookup(thing, comp, import_path):
        try:
&gt;           return getattr(thing, comp)
E           AttributeError: module 'dtaf_core.providers.internal' has no attribute 'pdu_ac_provider'

C:\Program Files\Python38\lib\unittest\mock.py:1215: AttributeError

During handling of the above exception, another exception occurred:

self = &lt;tests.unit.providers.test_ac_provider.TestAcProvider object at 0x0000027A236A3760&gt;

    def test_pdu_ac_power_on_fail(self):
&gt;       self.__test_ac_power_on_fail(r"pdu")

tests\unit\providers\test_ac_provider.py:252: 
_ _ _ _ _ _ _ _ _ _ _ _ _ _ _ _ _ _ _ _ _ _ _ _ _ _ _ _ _ _ _ _ _ _ _ _ _ _ _ _ _ _ _ _ _ _ _ _ _ _ _ _ _ _ _ _ _ _ _ _ _ _ _ _ _ _ _ _ _ _ _ _ _ _ _ _ _ _ _ _ _ _ _ _ _ _ _ _ _ _ _ _ _ _ _ _ _ _ _ _ _ _ _ _ 
tests\unit\providers\test_ac_provider.py:259: in __test_ac_power_on_fail
    with mock.patch(patch_obj) as m:
C:\Program Files\Python38\lib\unittest\mock.py:1377: in __enter__
    self.target = self.getter()
C:\Program Files\Python38\lib\unittest\mock.py:1552: in &lt;lambda&gt;
    getter = lambda: _importer(target)
C:\Program Files\Python38\lib\unittest\mock.py:1228: in _importer
    thing = _dot_lookup(thing, comp, import_path)
C:\Program Files\Python38\lib\unittest\mock.py:1217: in _dot_lookup
    __import__(import_path)
src\dtaf_core\providers\internal\pdu_ac_provider.py:25: in &lt;module&gt;
    from dtaf_core.drivers.internal.pdu_driver import PduDriver
_ _ _ _ _ _ _ _ _ _ _ _ _ _ _ _ _ _ _ _ _ _ _ _ _ _ _ _ _ _ _ _ _ _ _ _ _ _ _ _ _ _ _ _ _ _ _ _ _ _ _ _ _ _ _ _ _ _ _ _ _ _ _ _ _ _ _ _ _ _ _ _ _ _ _ _ _ _ _ _ _ _ _ _ _ _ _ _ _ _ _ _ _ _ _ _ _ _ _ _ _ _ _ _ 

    """
    #################################################################################
    # INTEL CONFIDENTIAL
    # Copyright Intel Corporation All Rights Reserved.
    # The source code contained or described herein and all documents related to
    # the source code ("Material") are owned by Intel Corporation or its suppliers
    # or licensors. Title to the Material remains with Intel Corporation or its
    # suppliers and licensors. The Material may contain trade secrets and proprietary
    # and confidential information of Intel Corporation and its suppliers and
    # licensors, and is protected by worldwide copyright and trade secret laws and
    # treaty provisions. No part of the Material may be used, copied, reproduced,
    # modified, published, uploaded, posted, transmitted, distributed, or disclosed
    # in any way without Intel's prior express written permission.
    # No license under any patent, copyright, trade secret or other intellectual
    # property right is granted to or conferred upon you by disclosure or delivery
    # of the Materials, either expressly, by implication, inducement, estoppel or
    # otherwise. Any license under such intellectual property rights must be express
    # and approved by Intel in writing.
    #################################################################################
    """
    import datetime
    import re
    import threading
    import time
    
&gt;   import paramiko
E   ModuleNotFoundError: No module named 'paramiko'

src\dtaf_core\drivers\internal\pdu_driver.py:27: ModuleNotFoundError</failure></testcase><testcase classname="tests.unit.providers.test_ac_provider.TestAcProvider" name="test_rsc2_ac_power_off_fail" time="20.080" /><testcase classname="tests.unit.providers.test_redfish_ac_provider.TestBaseBiosXmlCliProvider" name="test_error" time="0.029"><failure message="ModuleNotFoundError: No module named 'paramiko'">thing = &lt;module 'dtaf_core.providers.internal' from 'C:\\Users\\czhao\\git_root\\dtaf\\suresh_local\\src\\dtaf_core\\providers\\internal\\__init__.py'&gt;, comp = 'base_bios_xmlcli_provider'
import_path = 'dtaf_core.providers.internal.base_bios_xmlcli_provider'

    def _dot_lookup(thing, comp, import_path):
        try:
&gt;           return getattr(thing, comp)
E           AttributeError: module 'dtaf_core.providers.internal' has no attribute 'base_bios_xmlcli_provider'

C:\Program Files\Python38\lib\unittest\mock.py:1215: AttributeError

During handling of the above exception, another exception occurred:

args = (), keywargs = {}

    @wraps(func)
    def patched(*args, **keywargs):
&gt;       with self.decoration_helper(patched,
                                    args,
                                    keywargs) as (newargs, newkeywargs):

C:\Program Files\Python38\lib\unittest\mock.py:1322: 
_ _ _ _ _ _ _ _ _ _ _ _ _ _ _ _ _ _ _ _ _ _ _ _ _ _ _ _ _ _ _ _ _ _ _ _ _ _ _ _ _ _ _ _ _ _ _ _ _ _ _ _ _ _ _ _ _ _ _ _ _ _ _ _ _ _ _ _ _ _ _ _ _ _ _ _ _ _ _ _ _ _ _ _ _ _ _ _ _ _ _ _ _ _ _ _ _ _ _ _ _ _ _ _ 
C:\Program Files\Python38\lib\contextlib.py:113: in __enter__
    return next(self.gen)
C:\Program Files\Python38\lib\unittest\mock.py:1304: in decoration_helper
    arg = exit_stack.enter_context(patching)
C:\Program Files\Python38\lib\contextlib.py:425: in enter_context
    result = _cm_type.__enter__(cm)
C:\Program Files\Python38\lib\unittest\mock.py:1377: in __enter__
    self.target = self.getter()
C:\Program Files\Python38\lib\unittest\mock.py:1552: in &lt;lambda&gt;
    getter = lambda: _importer(target)
C:\Program Files\Python38\lib\unittest\mock.py:1228: in _importer
    thing = _dot_lookup(thing, comp, import_path)
C:\Program Files\Python38\lib\unittest\mock.py:1217: in _dot_lookup
    __import__(import_path)
_ _ _ _ _ _ _ _ _ _ _ _ _ _ _ _ _ _ _ _ _ _ _ _ _ _ _ _ _ _ _ _ _ _ _ _ _ _ _ _ _ _ _ _ _ _ _ _ _ _ _ _ _ _ _ _ _ _ _ _ _ _ _ _ _ _ _ _ _ _ _ _ _ _ _ _ _ _ _ _ _ _ _ _ _ _ _ _ _ _ _ _ _ _ _ _ _ _ _ _ _ _ _ _ 

    import re
    import os
    import six
&gt;   import paramiko
E   ModuleNotFoundError: No module named 'paramiko'

src\dtaf_core\providers\internal\base_bios_xmlcli_provider.py:22: ModuleNotFoundError</failure></testcase><testcase classname="tests.unit.providers.test_ac_provider.TestAcProvider" name="test_rsc2_ac_power_on_exception" time="0.006"><failure message="AttributeError: __enter__">self = &lt;tests.unit.providers.test_ac_provider.TestAcProvider object at 0x0000027A2372EFA0&gt;

    def test_rsc2_ac_power_on_exception(self):
&gt;       self.__test_ac_power_on_exception("rsc2")

tests\unit\providers\test_ac_provider.py:272: 
_ _ _ _ _ _ _ _ _ _ _ _ _ _ _ _ _ _ _ _ _ _ _ _ _ _ _ _ _ _ _ _ _ _ _ _ _ _ _ _ _ _ _ _ _ _ _ _ _ _ _ _ _ _ _ _ _ _ _ _ _ _ _ _ _ _ _ _ _ _ _ _ _ _ _ _ _ _ _ _ _ _ _ _ _ _ _ _ _ _ _ _ _ _ _ _ _ _ _ _ _ _ _ _ 

self = &lt;tests.unit.providers.test_ac_provider.TestAcProvider object at 0x0000027A2372EFA0&gt;, driver_name = 'rsc2'

    def __test_ac_power_on_exception(self, driver_name):
        for cfg in cfg_dict["normal"]:
            tag = cfg.find("driver/*").tag
            if driver_name == tag:
                patch_obj = r"dtaf_core.providers.internal.{}_ac_provider.DriverFactory.create".format(tag)
                with mock.patch(patch_obj) as m:
&gt;                   with ProviderFactory.create(cfg, Logs()) as ac:  # type: AcPowerControlProvider
E                   AttributeError: __enter__

tests\unit\providers\test_ac_provider.py:292: AttributeError</failure></testcase><testcase classname="tests.unit.providers.test_ac_provider.TestAcProvider" name="test_pi_ac_power_on_exception" time="0.007"><failure message="AttributeError: __enter__">self = &lt;tests.unit.providers.test_ac_provider.TestAcProvider object at 0x0000027A23714370&gt;

    def test_pi_ac_power_on_exception(self):
&gt;       self.__test_ac_power_on_exception("pi")

tests\unit\providers\test_ac_provider.py:275: 
_ _ _ _ _ _ _ _ _ _ _ _ _ _ _ _ _ _ _ _ _ _ _ _ _ _ _ _ _ _ _ _ _ _ _ _ _ _ _ _ _ _ _ _ _ _ _ _ _ _ _ _ _ _ _ _ _ _ _ _ _ _ _ _ _ _ _ _ _ _ _ _ _ _ _ _ _ _ _ _ _ _ _ _ _ _ _ _ _ _ _ _ _ _ _ _ _ _ _ _ _ _ _ _ 

self = &lt;tests.unit.providers.test_ac_provider.TestAcProvider object at 0x0000027A23714370&gt;, driver_name = 'pi'

    def __test_ac_power_on_exception(self, driver_name):
        for cfg in cfg_dict["normal"]:
            tag = cfg.find("driver/*").tag
            if driver_name == tag:
                patch_obj = r"dtaf_core.providers.internal.{}_ac_provider.DriverFactory.create".format(tag)
                with mock.patch(patch_obj) as m:
&gt;                   with ProviderFactory.create(cfg, Logs()) as ac:  # type: AcPowerControlProvider
E                   AttributeError: __enter__

tests\unit\providers\test_ac_provider.py:292: AttributeError</failure></testcase><testcase classname="tests.unit.providers.test_ac_provider.TestAcProvider" name="test_pdupi_ac_power_on_exception" time="0.005"><failure message="AttributeError: __enter__">self = &lt;tests.unit.providers.test_ac_provider.TestAcProvider object at 0x0000027A236D0220&gt;

    def test_pdupi_ac_power_on_exception(self):
&gt;       self.__test_ac_power_on_exception("pdupi")

tests\unit\providers\test_ac_provider.py:278: 
_ _ _ _ _ _ _ _ _ _ _ _ _ _ _ _ _ _ _ _ _ _ _ _ _ _ _ _ _ _ _ _ _ _ _ _ _ _ _ _ _ _ _ _ _ _ _ _ _ _ _ _ _ _ _ _ _ _ _ _ _ _ _ _ _ _ _ _ _ _ _ _ _ _ _ _ _ _ _ _ _ _ _ _ _ _ _ _ _ _ _ _ _ _ _ _ _ _ _ _ _ _ _ _ 

self = &lt;tests.unit.providers.test_ac_provider.TestAcProvider object at 0x0000027A236D0220&gt;, driver_name = 'pdupi'

    def __test_ac_power_on_exception(self, driver_name):
        for cfg in cfg_dict["normal"]:
            tag = cfg.find("driver/*").tag
            if driver_name == tag:
                patch_obj = r"dtaf_core.providers.internal.{}_ac_provider.DriverFactory.create".format(tag)
                with mock.patch(patch_obj) as m:
&gt;                   with ProviderFactory.create(cfg, Logs()) as ac:  # type: AcPowerControlProvider
E                   AttributeError: __enter__

tests\unit\providers\test_ac_provider.py:292: AttributeError</failure></testcase><testcase classname="tests.unit.providers.test_rsc2_dc_provider.TestRsc2DcProvider" name="test_get_dc_power_state[True-True]" time="0.017" /><testcase classname="tests.unit.providers.test_rsc2_dc_provider.TestRsc2DcProvider" name="test_get_dc_power_state[False-False]" time="0.015" /><testcase classname="tests.unit.providers.test_rsc2_physical_control_provider.TestRsc2PhysicalControlProvider" name="test_connect_usb_to_sut[5-True-True]" time="0.027" /><testcase classname="tests.unit.providers.test_rsc2_physical_control_provider.TestRsc2PhysicalControlProvider" name="test_connect_usb_to_sut[None-True-True]" time="1.024" /><testcase classname="tests.unit.providers.test_pei4_pcie_hw_injector_provider.TestSuites" name="test_notimplemented" time="0.185" /><testcase classname="tests.unit.providers.test_redfish_dc_provider.TestRedfishDcProvider" name="test_dc_power_on[5-True-True]" time="0.015" /><testcase classname="tests.unit.providers.test_redfish_dc_provider.TestRedfishDcProvider" name="test_dc_power_on[5-False-True]" time="0.014" /><testcase classname="tests.unit.providers.test_redfish_dc_provider.TestRedfishDcProvider" name="test_dc_power_on[None-True-True]" time="0.013" /><testcase classname="tests.unit.providers.test_redfish_dc_provider.TestRedfishDcProvider" name="test_dc_power_on_exception[5-None-Exception]" time="0.010" /><testcase classname="tests.unit.providers.test_pi_ac_provider.TestPiAcProvider" name="test_ac_power_off[5-True-True]" time="0.040" /><testcase classname="tests.unit.providers.test_redfish_dc_provider.TestRedfishDcProvider" name="test_dc_power_off[5-True-True]" time="0.017" /><testcase classname="tests.unit.providers.test_rsc2_physical_control_provider.TestRsc2PhysicalControlProvider" name="test_connect_usb_to_host_isinstance[10-True-True]" time="0.017" /><testcase classname="tests.unit.providers.test_rsc2_physical_control_provider.TestRsc2PhysicalControlProvider" name="test_disconnect_usb[5-True-True]" time="0.011" /><testcase classname="tests.unit.providers.test_pi_driver.Test_PiDriver" name="test_get_ac_power_state[incorrect output-None]" time="0.138" /><testcase classname="tests.unit.providers.test_rsc2_physical_control_provider.TestRsc2PhysicalControlProvider" name="test_disconnect_usb_isinstance[None-True-True]" time="0.009" /><testcase classname="tests.unit.providers.test_sf100_flash_provider.TestSuites" name="test_flash_image" time="0.007" /><testcase classname="tests.unit.providers.test_sf100_flash_provider.TestSuites" name="test_chip_identify" time="0.005" /><testcase classname="tests.unit.providers.test_sf100_flash_provider.TestSuites" name="test_read" time="0.008" /><testcase classname="tests.unit.providers.test_sf100_flash_provider.TestSuites" name="test_write" time="0.008" /><testcase classname="tests.unit.providers.test_sf100_flash_provider.TestSuites" name="test_current_bios_version_check" time="0.006" /><testcase classname="tests.unit.providers.test_sf100_flash_provider.TestSuites" name="test_current_bmc_version_check" time="0.005" /><testcase classname="tests.unit.providers.test_sf100_flash_provider.TestSuites" name="test_current_cpld_version_check" time="0.010" /><testcase classname="tests.unit.providers.test_sf100_flash_provider.TestSuites" name="test_flash_image_bmc" time="0.007" /><testcase classname="tests.unit.providers.test_sf100_flash_provider.TestSuites" name="test_init_errot" time="0.007" /><testcase classname="tests.unit.providers.test_simics_provider.TestSuites" name="test_notimplemented" time="0.017" /><testcase classname="tests.unit.providers.test_pi_driver.Test_PiDriver" name="test_get_ac_power_state_exception[ret0-Test2]" time="0.062" /><testcase classname="tests.unit.providers.test_socket_sut_os_provider.TestSocketSutOsProvider" name="test_socket_normal" time="0.010" /><testcase classname="tests.unit.providers.test_socket_sut_os_provider.TestSocketSutOsProvider" name="test_socket_api" time="0.020" /><testcase classname="tests.unit.providers.test_socket_sut_os_provider.TestSocketSutOsProvider" name="test_socket_check_files" time="0.007" /><testcase classname="tests.unit.providers.test_sol_console_log_provider.TestSuites" name="test_notimplemented" time="0.024" /><testcase classname="tests.unit.providers.test_pi_driver.Test_PiDriver" name="test_dc_power_on[Dc Power Turned ON and Verfied-True-100]" time="0.064" /><testcase classname="tests.unit.providers.test_sol_uefi_shell_provider.TestSuites" name="test_notimplemented" time="0.029" /><testcase classname="tests.unit.providers.test_soundwave2k_ac_provider.TestSuites" name="test_ac_power_on" time="10.059" /><testcase classname="tests.unit.providers.test_pi_driver.Test_PiDriver" name="test_dc_power_on[incorrect output-None-50]" time="0.080" /><testcase classname="tests.unit.providers.test_pi_driver.Test_PiDriver" name="test_dc_power_on_exception[ret0-time0-Test2]" time="0.062" /><testcase classname="tests.unit.providers.test_pi_driver.Test_PiDriver" name="test_dc_power_off[DC Power Turned OFF and Verified-True-100]" time="0.101" /><testcase classname="tests.unit.providers.test_rsc2_physical_control_provider.TestRsc2PhysicalControlProvider" name="test_connect_usb_to_sut_isinstance_error[10-True-True]" time="0.018" /><testcase classname="tests.unit.providers.test_rsc2_physical_control_provider.TestRsc2PhysicalControlProvider" name="test_connect_usb_to_host[5-True-True]" time="0.022" /><testcase classname="tests.unit.providers.test_rsc2_physical_control_provider.TestRsc2PhysicalControlProvider" name="test_connect_usb_to_host[None-True-True]" time="1.019" /><testcase classname="tests.unit.providers.test_pi_driver.Test_PiDriver" name="test_dc_power_off[incorrect output-None-50]" time="0.072" /><testcase classname="tests.unit.providers.test_pi_driver.Test_PiDriver" name="test_dc_power_off_exception[ret0-time0-Test2]" time="0.077" /><testcase classname="tests.unit.providers.test_pi_driver.Test_PiDriver" name="test_get_dc_power_state[DC power detected-True]" time="0.071" /><testcase classname="tests.unit.providers.test_soundwave2k_dc_provider.TestSuites" name="test_get_dc_power_state[return_list1-True]" time="0.061" /><testcase classname="tests.unit.providers.test_soundwave2k_dc_provider.TestSuites" name="test_get_dc_power_state[return_list2-True]" time="0.063" /><testcase classname="tests.unit.providers.test_soundwave2k_dc_provider.TestSuites" name="test_get_dc_power_state[return_list3-True]" time="0.081" /><testcase classname="tests.unit.providers.test_soundwave2k_dc_provider.TestSuites" name="test_get_dc_power_state[return_list4-False]" time="0.058" /><testcase classname="tests.unit.providers.test_rsc2_ac_provider.TestRsc2AcProvider" name="test_ac_power_off[5-False-True]" time="0.065" /><testcase classname="tests.unit.providers.test_soundwave2k_dc_provider.TestSuites" name="test_get_dc_power_state[return_list5-False]" time="0.081" /><testcase classname="tests.unit.providers.test_rsc2_ac_provider.TestRsc2AcProvider" name="test_ac_power_on[None-False-False]" time="1.044" /><testcase classname="tests.unit.providers.test_rsc2_ac_provider.TestRsc2AcProvider" name="test_get_ac_power_state[True-True]" time="0.063" /><testcase classname="tests.unit.providers.test_soundwave2k_dc_provider.TestSuites" name="test_get_dc_power_state[return_list6-False]" time="0.088" /><testcase classname="tests.unit.providers.test_rsc2_ac_provider.TestRsc2AcProvider" name="test_get_ac_power_state[False-False]" time="0.044" /><testcase classname="tests.unit.providers.test_rsc2_ac_provider.TestRsc2AcProvider" name="test_ac_power_on[5-True-True]" time="0.047" /><testcase classname="tests.unit.providers.test_soundwave2k_dc_provider.TestSuites" name="test_get_dc_power_state_error[_Soundwave2kDriverConfig__low_main_power_voltage]" time="0.090" /><testcase classname="tests.unit.providers.test_soundwave2k_dc_provider.TestSuites" name="test_get_dc_power_state_error[_Soundwave2kDriverConfig__high_memory_voltage]" time="0.083" /><testcase classname="tests.unit.providers.test_soundwave2k_dc_provider.TestSuites" name="test_get_dc_power_state_error[_Soundwave2kDriverConfig__high_main_power_voltage]" time="0.075" /><testcase classname="tests.unit.providers.test_soundwave2k_dc_provider.TestSuites" name="test_get_dc_power_state_error[_Soundwave2kDriverConfig__low_memory_voltage]" time="0.056" /><testcase classname="tests.unit.providers.test_soundwave2k_dc_provider.TestSuites" name="test_dc_power_off" time="40.069" /><testcase classname="tests.unit.providers.test_soundwave2k_physical_provider.TestSoundwave2kPhysicalControlProvider" name="test_connect_usb_to_sut_exception[5-None-Exception]" time="0.057" /><testcase classname="tests.unit.providers.test_soundwave2k_physical_provider.TestSoundwave2kPhysicalControlProvider" name="test_connect_usb_to_sut[5-True-True]" time="0.047" /><testcase classname="tests.unit.providers.test_soundwave2k_physical_provider.TestSoundwave2kPhysicalControlProvider" name="test_connect_usb_to_host[5-True-True]" time="0.038" /><testcase classname="tests.unit.providers.test_soundwave2k_physical_provider.TestSoundwave2kPhysicalControlProvider" name="test_connect_usb_to_sut[None-True-True]" time="1.046" /><testcase classname="tests.unit.providers.test_soundwave2k_physical_provider.TestSoundwave2kPhysicalControlProvider" name="test_connect_usb_to_host[None-True-True]" time="1.040" /><testcase classname="tests.unit.providers.test_rsc2_dc_provider.TestRsc2DcProvider" name="test_dc_power_on[5-True-True]" time="0.040" /><testcase classname="tests.unit.providers.test_rsc2_dc_provider.TestRsc2DcProvider" name="test_dc_power_on[5-False-False]" time="5.056" /><testcase classname="tests.unit.providers.test_soundwave2k_physical_provider.TestSoundwave2kPhysicalControlProvider" name="test_disconnect_usb[5-True-True]" time="0.033" /><testcase classname="tests.unit.providers.test_soundwave2k_physical_provider.TestSoundwave2kPhysicalControlProvider" name="test_disconnect_usb[None-True-True]" time="1.055" /><testcase classname="tests.unit.providers.test_soundwave2k_physical_provider.TestSoundwave2kPhysicalControlProvider" name="test_connect_usb_to_host_exception[5-None-Exception]" time="0.053" /><testcase classname="tests.unit.providers.test_soundwave2k_physical_provider.TestSoundwave2kPhysicalControlProvider" name="test_set_clear_cmos[5-None-True-True]" time="5.075" /><testcase classname="tests.unit.providers.test_soundwave2k_physical_provider.TestSoundwave2kPhysicalControlProvider" name="test_disconnect_usb_exception[5-None-Exception]" time="0.059" /><testcase classname="tests.unit.providers.test_soundwave2k_physical_provider.TestSoundwave2kPhysicalControlProvider" name="test_set_clear_cmos[5-2-True-True]" time="5.050" /><testcase classname="tests.unit.providers.test_dc_provider.TestDcProvider" name="test_banino_dc_power_off_fail" time="0.012" /><testcase classname="tests.unit.providers.test_dc_provider.TestDcProvider" name="test_rsc2_dc_power_off_exception" time="0.008" /><testcase classname="tests.unit.providers.test_dc_provider.TestDcProvider" name="test_pi_dc_power_off_exception" time="0.018" /><testcase classname="tests.unit.providers.test_dc_provider.TestDcProvider" name="test_pdupi_dc_power_off_exception" time="0.013" /><testcase classname="tests.unit.providers.test_dc_provider.TestDcProvider" name="test_soundwave2k_dc_power_off_exception" time="0.017" /><testcase classname="tests.unit.providers.test_dc_provider.TestDcProvider" name="test_banino_dc_power_off_exception" time="0.012" /><testcase classname="tests.unit.providers.test_em100_flash_emulator_provider.TestEm100FlashEmulatorProvider" name="test_bmc_no_pch" time="0.009" /><testcase classname="tests.unit.providers.test_em100_flash_emulator_provider.TestEm100FlashEmulatorProvider" name="test_construction_multi_bmc" time="0.006" /><testcase classname="tests.unit.providers.test_em100_flash_emulator_provider.TestEm100FlashEmulatorProvider" name="test_construction_multi_both" time="0.005" /><testcase classname="tests.unit.providers.test_em100_flash_emulator_provider.TestEm100FlashEmulatorProvider" name="test_construction_multi_pch" time="0.005" /><testcase classname="tests.unit.providers.test_em100_flash_emulator_provider.TestEm100FlashEmulatorProvider" name="test_construction_one_bmc" time="0.004" /><testcase classname="tests.unit.providers.test_em100_flash_emulator_provider.TestEm100FlashEmulatorProvider" name="test_construction_one_both" time="0.005" /><testcase classname="tests.unit.providers.test_em100_flash_emulator_provider.TestEm100FlashEmulatorProvider" name="test_construction_one_pch" time="0.005" /><testcase classname="tests.unit.providers.test_em100_flash_emulator_provider.TestEm100FlashEmulatorProvider" name="test_invalid_length" time="0.006" /><testcase classname="tests.unit.providers.test_em100_flash_emulator_provider.TestEm100FlashEmulatorProvider" name="test_multi_flash_image" time="0.008" /><testcase classname="tests.unit.providers.test_em100_flash_emulator_provider.TestEm100FlashEmulatorProvider" name="test_multi_flash_image_fail" time="0.012" /><testcase classname="tests.unit.providers.test_em100_flash_emulator_provider.TestEm100FlashEmulatorProvider" name="test_multi_pch_and_multi_bmc_flash" time="0.007" /><testcase classname="tests.unit.providers.test_em100_flash_emulator_provider.TestEm100FlashEmulatorProvider" name="test_multi_pch_and_multi_bmc_read" time="0.019" /><testcase classname="tests.unit.providers.test_em100_flash_emulator_provider.TestEm100FlashEmulatorProvider" name="test_multi_pch_and_multi_bmc_write" time="0.042" /><testcase classname="tests.unit.providers.test_em100_flash_emulator_provider.TestEm100FlashEmulatorProvider" name="test_multi_read" time="0.021" /><testcase classname="tests.unit.providers.test_usbblaster_flash_provider.TestSshSutOsProvider" name="test_read" time="0.008" /><testcase classname="tests.unit.providers.test_usbblaster_flash_provider.TestSshSutOsProvider" name="test_write" time="0.008" /><testcase classname="tests.unit.providers.test_usbblaster_flash_provider.TestSshSutOsProvider" name="test_current_bmc_version_check" time="0.004" /><testcase classname="tests.unit.providers.test_usbblaster_flash_provider.TestSshSutOsProvider" name="test_flash_image_bmc" time="0.003" /><testcase classname="tests.unit.providers.test_usbblaster_flash_provider.TestSshSutOsProvider" name="test_current_bios_version_check" time="0.004" /><testcase classname="tests.unit.providers.test_usbblaster_physical_control_provider.TestSshSutOsProvider" name="test_connect_usb_to_sut" time="0.005" /><testcase classname="tests.unit.providers.test_usbblaster_physical_control_provider.TestSshSutOsProvider" name="test_connect_usb_to_host" time="0.008" /><testcase classname="tests.unit.providers.test_usbblaster_physical_control_provider.TestSshSutOsProvider" name="test_disconnect_usb" time="0.005" /><testcase classname="tests.unit.providers.test_usbblaster_physical_control_provider.TestSshSutOsProvider" name="test_set_clear_cmos" time="0.005" /><testcase classname="tests.unit.providers.test_usbblaster_physical_control_provider.TestSshSutOsProvider" name="test_read_postcode" time="0.012" /><testcase classname="tests.unit.providers.test_usbblaster_physical_control_provider.TestSshSutOsProvider" name="test_read_s3_pin" time="0.004" /><testcase classname="tests.unit.providers.test_usbblaster_physical_control_provider.TestSshSutOsProvider" name="test_read_s4_pin" time="0.006" /><testcase classname="tests.unit.providers.test_usbblaster_physical_control_provider.TestSshSutOsProvider" name="test_program_jumper" time="0.007" /><testcase classname="tests.unit.providers.test_usbblaster_physical_control_provider.TestSshSutOsProvider" name="test_get_power_state" time="0.005" /><testcase classname="tests.unit.providers.test_wsol_console_log_provider.TestSuites" name="test_create" time="0.011" /><testcase classname="tests.unit.providers.test_wsol_sut_os_provider.TestSuites" name="test_create" time="0.016" /><testcase classname="tests.unit.providers.test_wsol_uefi_shell_provider.TestSuites" name="test_create" time="0.016"><failure message="ModuleNotFoundError: No module named 'websockets'">@staticmethod
    def test_create():
&gt;       with WsolUefiShellProvider(cfg_opts, log=mock.Mock()) as obj:

tests\unit\providers\test_wsol_uefi_shell_provider.py:25: 
_ _ _ _ _ _ _ _ _ _ _ _ _ _ _ _ _ _ _ _ _ _ _ _ _ _ _ _ _ _ _ _ _ _ _ _ _ _ _ _ _ _ _ _ _ _ _ _ _ _ _ _ _ _ _ _ _ _ _ _ _ _ _ _ _ _ _ _ _ _ _ _ _ _ _ _ _ _ _ _ _ _ _ _ _ _ _ _ _ _ _ _ _ _ _ _ _ _ _ _ _ _ _ _ 
src\dtaf_core\providers\internal\wsol_uefi_shell_provider.py:37: in __init__
    super(WsolUefiShellProvider, self).__init__(cfg_opts, log)
src\dtaf_core\providers\internal\base_uefi_shell_provider.py:79: in __init__
    self.serial = DriverFactory.create(self.drv_opts, log)
src\dtaf_core\drivers\driver_factory.py:50: in create
    mod = import_module("{}.{}_driver".format(internal_driver.__name__, driver_cfg.name))
C:\Program Files\Python38\lib\importlib\__init__.py:127: in import_module
    return _bootstrap._gcd_import(name[level:], package, level)
&lt;frozen importlib._bootstrap&gt;:1014: in _gcd_import
    ???
&lt;frozen importlib._bootstrap&gt;:991: in _find_and_load
    ???
&lt;frozen importlib._bootstrap&gt;:975: in _find_and_load_unlocked
    ???
&lt;frozen importlib._bootstrap&gt;:671: in _load_unlocked
    ???
&lt;frozen importlib._bootstrap_external&gt;:783: in exec_module
    ???
&lt;frozen importlib._bootstrap&gt;:219: in _call_with_frames_removed
    ???
_ _ _ _ _ _ _ _ _ _ _ _ _ _ _ _ _ _ _ _ _ _ _ _ _ _ _ _ _ _ _ _ _ _ _ _ _ _ _ _ _ _ _ _ _ _ _ _ _ _ _ _ _ _ _ _ _ _ _ _ _ _ _ _ _ _ _ _ _ _ _ _ _ _ _ _ _ _ _ _ _ _ _ _ _ _ _ _ _ _ _ _ _ _ _ _ _ _ _ _ _ _ _ _ 

    """
    #################################################################################
    # INTEL CONFIDENTIAL
    # Copyright Intel Corporation All Rights Reserved.
    #
    # The source code contained or described herein and all documents related to
    # the source code ("Material") are owned by Intel Corporation or its suppliers
    # or licensors. Title to the Material remains with Intel Corporation or its
    # suppliers and licensors. The Material may contain trade secrets and proprietarygit
    # and confidential information of Intel Corporation and its suppliers and
    # licensors, and is protected by worldwide copyright and trade secret laws and
    # treaty provisions. No part of the Material may be used, copied, reproduced,
    # modified, published, uploaded, posted, transmitted, distributed, or disclosed
    # in any way without Intel's prior express written permission.
    #
    # No license under any patent, copyright, trade secret or other intellectual
    # property right is granted to or conferred upon you by disclosure or delivery
    # of the Materials, either expressly, by implication, inducement, estoppel or
    # otherwise. Any license under such intellectual property rights must be express
    # and approved by Intel in writing.
    #################################################################################
    """
    import asyncio
    import base64
    import errno
    import ssl
    import time
    
    import serial
&gt;   import websockets
E   ModuleNotFoundError: No module named 'websockets'

src\dtaf_core\drivers\internal\wsol_driver.py:31: ModuleNotFoundError</failure></testcase><testcase classname="tests.unit.providers.test_xdp_silicon_debug_provider.TestXdpSiliconDebugProvider" name="test_auto_resume" time="0.009" /><testcase classname="tests.unit.providers.test_xdp_silicon_debug_provider.TestXdpSiliconDebugProvider" name="test_cpuid_cmd_fail" time="0.043" /><testcase classname="tests.unit.providers.test_xdp_silicon_debug_provider.TestXdpSiliconDebugProvider" name="test_cpuid_cmd_no_active_threads" time="0.043" /><testcase classname="tests.unit.providers.test_xdp_silicon_debug_provider.TestXdpSiliconDebugProvider" name="test_cpuid_eax_no_squash" time="0.036" /><testcase classname="tests.unit.providers.test_xdp_silicon_debug_provider.TestXdpSiliconDebugProvider" name="test_cpuid_eax_squash_pass" time="0.070" /><testcase classname="tests.unit.providers.test_xdp_silicon_debug_provider.TestXdpSiliconDebugProvider" name="test_cpuid_ebx_no_squash" time="0.040" /><testcase classname="tests.unit.providers.test_xdp_silicon_debug_provider.TestXdpSiliconDebugProvider" name="test_cpuid_ebx_squash_pass" time="0.023" /><testcase classname="tests.unit.providers.test_xdp_silicon_debug_provider.TestXdpSiliconDebugProvider" name="test_cpuid_ecx_no_squash" time="0.036" /><testcase classname="tests.unit.providers.test_xdp_silicon_debug_provider.TestXdpSiliconDebugProvider" name="test_cpuid_ecx_squash_pass" time="0.026" /><testcase classname="tests.unit.providers.test_xdp_silicon_debug_provider.TestXdpSiliconDebugProvider" name="test_cpuid_edx_no_squash" time="0.039" /><testcase classname="tests.unit.providers.test_xdp_silicon_debug_provider.TestXdpSiliconDebugProvider" name="test_cpuid_edx_squash_pass" time="0.020" /><testcase classname="tests.unit.providers.test_xdp_silicon_debug_provider.TestXdpSiliconDebugProvider" name="test_cpuid_invalid_register" time="0.006" /><testcase classname="tests.unit.providers.test_xdp_silicon_debug_provider.TestXdpSiliconDebugProvider" name="test_cpuid_no_squash_one_thread" time="0.008" /><testcase classname="tests.unit.providers.test_xdp_silicon_debug_provider.TestXdpSiliconDebugProvider" name="test_cpuid_not_halted" time="0.006" /><testcase classname="tests.unit.providers.test_xdp_silicon_debug_provider.TestXdpSiliconDebugProvider" name="test_cpuid_squash_fail" time="0.099" /><testcase classname="tests.unit.providers.test_xdp_silicon_debug_provider.TestXdpSiliconDebugProvider" name="test_cpuid_squash_one_thread" time="0.008" /><testcase classname="tests.unit.providers.test_xdp_silicon_debug_provider.TestXdpSiliconDebugProvider" name="test_flush_cache" time="0.065" /><testcase classname="tests.unit.providers.test_xdp_silicon_debug_provider.TestXdpSiliconDebugProvider" name="test_flush_cache_inactive_thread" time="0.057" /><testcase classname="tests.unit.providers.test_xdp_silicon_debug_provider.TestXdpSiliconDebugProvider" name="test_flush_cache_specific_thread" time="0.124" /><testcase classname="tests.unit.providers.test_xdp_silicon_debug_provider.TestXdpSiliconDebugProvider" name="test_get_first_active_thread_first_active" time="0.061" /><testcase classname="tests.unit.providers.test_xdp_silicon_debug_provider.TestXdpSiliconDebugProvider" name="test_get_first_active_thread_last_active" time="0.280" /><testcase classname="tests.unit.providers.test_xdp_silicon_debug_provider.TestXdpSiliconDebugProvider" name="test_get_first_active_thread_middle_active" time="0.366" /><testcase classname="tests.unit.providers.test_rsc2_dc_provider.TestRsc2DcProvider" name="test_dc_power_off[5-True-False]" time="0.041" /><testcase classname="tests.unit.providers.test_rsc2_dc_provider.TestRsc2DcProvider" name="test_dc_power_off[5-False-True]" time="5.058" /><testcase classname="tests.unit.providers.test_xdp_silicon_debug_provider.TestXdpSiliconDebugProvider" name="test_get_first_active_thread_no_result" time="0.349" /><testcase classname="tests.unit.providers.test_soundwave2k_physical_provider.TestSoundwave2kPhysicalControlProvider" name="test_set_clear_cmos[None-None-True-True]" time="3.055" /><testcase classname="tests.unit.providers.test_xdp_silicon_debug_provider.TestXdpSiliconDebugProvider" name="test_ipc_no_itp_import" time="0.005" /><testcase classname="tests.unit.providers.test_xdp_silicon_debug_provider.TestXdpSiliconDebugProvider" name="test_is_halted_false" time="0.005" /><testcase classname="tests.unit.providers.test_xdp_silicon_debug_provider.TestXdpSiliconDebugProvider" name="test_is_halted_true" time="0.006" /><testcase classname="tests.unit.providers.test_xdp_silicon_debug_provider.TestXdpSiliconDebugProvider" name="test_is_powered_false" time="0.006" /><testcase classname="tests.unit.providers.test_xdp_silicon_debug_provider.TestXdpSiliconDebugProvider" name="test_is_powered_true" time="0.007" /><testcase classname="tests.unit.providers.test_xdp_silicon_debug_provider.TestXdpSiliconDebugProvider" name="test_itp_bad_import" time="0.003" /><testcase classname="tests.unit.providers.test_xdp_silicon_debug_provider.TestXdpSiliconDebugProvider" name="test_itp_no_ipc_import" time="0.007" /><testcase classname="tests.unit.providers.test_xdp_silicon_debug_provider.TestXdpSiliconDebugProvider" name="test_mem_read_cmd_fail" time="0.131" /><testcase classname="tests.unit.providers.test_xdp_silicon_debug_provider.TestXdpSiliconDebugProvider" name="test_mem_read_empty_response" time="0.062" /><testcase classname="tests.unit.providers.test_xdp_silicon_debug_provider.TestXdpSiliconDebugProvider" name="test_mem_read_first_thread" time="0.062" /><testcase classname="tests.unit.providers.test_xdp_silicon_debug_provider.TestXdpSiliconDebugProvider" name="test_mem_read_inactive_thread" time="0.129" /><testcase classname="tests.unit.providers.test_xdp_silicon_debug_provider.TestXdpSiliconDebugProvider" name="test_mem_read_specific_thread" time="0.071" /><testcase classname="tests.unit.providers.test_xdp_silicon_debug_provider.TestXdpSiliconDebugProvider" name="test_mem_write_cmd_fail" time="0.082" /><testcase classname="tests.unit.providers.test_xdp_silicon_debug_provider.TestXdpSiliconDebugProvider" name="test_mem_write_first_thread" time="0.148" /><testcase classname="tests.unit.providers.test_xdp_silicon_debug_provider.TestXdpSiliconDebugProvider" name="test_mem_write_inactive_thread" time="0.081" /><testcase classname="tests.unit.providers.test_usbblaster_flash_provider.TestSshSutOsProvider" name="test_flash_image[cpld2]" time="0.073" /><testcase classname="tests.unit.providers.test_xdp_silicon_debug_provider.TestXdpSiliconDebugProvider" name="test_mem_write_readback_bypass" time="0.066" /><testcase classname="tests.unit.providers.test_xdp_silicon_debug_provider.TestXdpSiliconDebugProvider" name="test_mem_write_readback_fail" time="0.135" /><testcase classname="tests.unit.providers.test_usbblaster_flash_provider.TestSshSutOsProvider" name="test_flash_image[]" time="0.051" /><testcase classname="tests.unit.providers.test_usbblaster_flash_provider.TestSshSutOsProvider" name="test_chip_identify" time="0.036" /><testcase classname="tests.unit.providers.test_xdp_silicon_debug_provider.TestXdpSiliconDebugProvider" name="test_mem_write_specific_thread" time="0.068" /><testcase classname="tests.unit.providers.test_xdp_silicon_debug_provider.TestXdpSiliconDebugProvider" name="test_msr_read_all_no_squash" time="0.127" /><testcase classname="tests.unit.providers.test_xdp_silicon_debug_provider.TestXdpSiliconDebugProvider" name="test_msr_read_cmd_inactive_thread" time="0.140" /><testcase classname="tests.unit.providers.test_xdp_silicon_debug_provider.TestXdpSiliconDebugProvider" name="test_msr_read_cmd_fail" time="0.187" /><testcase classname="tests.unit.providers.test_xdp_silicon_debug_provider.TestXdpSiliconDebugProvider" name="test_msr_read_cmd_no_active_threads" time="0.065" /><testcase classname="tests.unit.providers.test_xdp_silicon_debug_provider.TestXdpSiliconDebugProvider" name="test_msr_read_squash_fail" time="0.069" /><testcase classname="tests.unit.providers.test_xdp_silicon_debug_provider.TestXdpSiliconDebugProvider" name="test_msr_read_single_thread" time="0.121" /><testcase classname="tests.unit.providers.test_xdp_silicon_debug_provider.TestXdpSiliconDebugProvider" name="test_msr_read_squash_pass" time="0.147" /><testcase classname="tests.unit.providers.test_xdp_silicon_debug_provider.TestXdpSiliconDebugProvider" name="test_msr_write_all_threads" time="0.120" /><testcase classname="tests.unit.providers.test_xdp_silicon_debug_provider.TestXdpSiliconDebugProvider" name="test_msr_write_cmd_fail" time="0.067" /><testcase classname="tests.unit.providers.test_xdp_silicon_debug_provider.TestXdpSiliconDebugProvider" name="test_msr_write_readback_fail_multiple_threads_all_fail" time="0.062" /><testcase classname="tests.unit.providers.test_xdp_silicon_debug_provider.TestXdpSiliconDebugProvider" name="test_msr_write_one_thread" time="0.177" /><testcase classname="tests.unit.providers.test_xdp_silicon_debug_provider.TestXdpSiliconDebugProvider" name="test_msr_write_readback_fail_multiple_threads_one_fail" time="0.130" /><testcase classname="tests.unit.providers.test_xdp_silicon_debug_provider.TestXdpSiliconDebugProvider" name="test_no_auto_resume" time="0.005" /><testcase classname="tests.unit.providers.test_xdp_silicon_debug_provider.TestXdpSiliconDebugProvider" name="test_terminate_on_exit_itp" time="0.007" /><testcase classname="tests.unit.providers.test_xdp_silicon_debug_provider.TestXdpSiliconDebugProvider" name="test_msr_write_readback_fail_one_thread" time="0.148" /><testcase classname="tests.unit.providers.test_ykush_physical_provider.TestSuites" name="test_notimplemented" time="0.017" /><testcase classname="tests.unit.providers.test_xdp_silicon_debug_provider.TestXdpSiliconDebugProvider" name="test_no_terminate_on_exit_ipc" time="0.058" /><testcase classname="tests.unit.providers.test_soundwave2k_ac_provider.TestSuites" name="test_ac_power_off" time="40.073" /><testcase classname="tests.unit.providers.test_soundwave2k_physical_provider.TestSoundwave2kPhysicalControlProvider" name="test_set_clear_cmos_exception[5-2-None-Exception]" time="0.052" /><testcase classname="tests.unit.providers.test_usbblaster_flash_provider.TestSshSutOsProvider" name="test_flash_image[cpld1]" time="0.076" /><testcase classname="tests.unit.providers.test_xdp_silicon_debug_provider.TestXdpSiliconDebugProvider" name="test_ipc_bad_import" time="0.038" /><testcase classname="tests.unit.providers.test_ac_provider.TestAcProvider" name="test_pi_ac_power_off_fail" time="0.017" /><testcase classname="tests.unit.providers.test_ac_provider.TestAcProvider" name="test_pdupi_ac_power_off_fail" time="0.027" /><testcase classname="tests.unit.providers.test_ac_provider.TestAcProvider" name="test_soundwave2k_ac_power_off_fail" time="0.027" /><testcase classname="tests.unit.providers.test_ac_provider.TestAcProvider" name="test_pdu_ac_power_off_fail" time="0.013"><failure message="ModuleNotFoundError: No module named 'paramiko'">thing = &lt;module 'dtaf_core.providers.internal' from 'C:\\Users\\czhao\\git_root\\dtaf\\suresh_local\\src\\dtaf_core\\providers\\internal\\__init__.py'&gt;, comp = 'pdu_ac_provider'
import_path = 'dtaf_core.providers.internal.pdu_ac_provider'

    def _dot_lookup(thing, comp, import_path):
        try:
&gt;           return getattr(thing, comp)
E           AttributeError: module 'dtaf_core.providers.internal' has no attribute 'pdu_ac_provider'

C:\Program Files\Python38\lib\unittest\mock.py:1215: AttributeError

During handling of the above exception, another exception occurred:

self = &lt;tests.unit.providers.test_ac_provider.TestAcProvider object at 0x000001D3674936A0&gt;

    def test_pdu_ac_power_off_fail(self):
&gt;       self.__test_ac_power_off_fail("pdu")

tests\unit\providers\test_ac_provider.py:356: 
_ _ _ _ _ _ _ _ _ _ _ _ _ _ _ _ _ _ _ _ _ _ _ _ _ _ _ _ _ _ _ _ _ _ _ _ _ _ _ _ _ _ _ _ _ _ _ _ _ _ _ _ _ _ _ _ _ _ _ _ _ _ _ _ _ _ _ _ _ _ _ _ _ _ _ _ _ _ _ _ _ _ _ _ _ _ _ _ _ _ _ _ _ _ _ _ _ _ _ _ _ _ _ _ 
tests\unit\providers\test_ac_provider.py:363: in __test_ac_power_off_fail
    with mock.patch(patch_obj) as m:
C:\Program Files\Python38\lib\unittest\mock.py:1377: in __enter__
    self.target = self.getter()
C:\Program Files\Python38\lib\unittest\mock.py:1552: in &lt;lambda&gt;
    getter = lambda: _importer(target)
C:\Program Files\Python38\lib\unittest\mock.py:1228: in _importer
    thing = _dot_lookup(thing, comp, import_path)
C:\Program Files\Python38\lib\unittest\mock.py:1217: in _dot_lookup
    __import__(import_path)
src\dtaf_core\providers\internal\pdu_ac_provider.py:25: in &lt;module&gt;
    from dtaf_core.drivers.internal.pdu_driver import PduDriver
_ _ _ _ _ _ _ _ _ _ _ _ _ _ _ _ _ _ _ _ _ _ _ _ _ _ _ _ _ _ _ _ _ _ _ _ _ _ _ _ _ _ _ _ _ _ _ _ _ _ _ _ _ _ _ _ _ _ _ _ _ _ _ _ _ _ _ _ _ _ _ _ _ _ _ _ _ _ _ _ _ _ _ _ _ _ _ _ _ _ _ _ _ _ _ _ _ _ _ _ _ _ _ _ 

    """
    #################################################################################
    # INTEL CONFIDENTIAL
    # Copyright Intel Corporation All Rights Reserved.
    # The source code contained or described herein and all documents related to
    # the source code ("Material") are owned by Intel Corporation or its suppliers
    # or licensors. Title to the Material remains with Intel Corporation or its
    # suppliers and licensors. The Material may contain trade secrets and proprietary
    # and confidential information of Intel Corporation and its suppliers and
    # licensors, and is protected by worldwide copyright and trade secret laws and
    # treaty provisions. No part of the Material may be used, copied, reproduced,
    # modified, published, uploaded, posted, transmitted, distributed, or disclosed
    # in any way without Intel's prior express written permission.
    # No license under any patent, copyright, trade secret or other intellectual
    # property right is granted to or conferred upon you by disclosure or delivery
    # of the Materials, either expressly, by implication, inducement, estoppel or
    # otherwise. Any license under such intellectual property rights must be express
    # and approved by Intel in writing.
    #################################################################################
    """
    import datetime
    import re
    import threading
    import time
    
&gt;   import paramiko
E   ModuleNotFoundError: No module named 'paramiko'

src\dtaf_core\drivers\internal\pdu_driver.py:27: ModuleNotFoundError</failure></testcase><testcase classname="tests.unit.providers.test_ac_provider.TestAcProvider" name="test_rsc2_power_off_exception" time="0.008" /><testcase classname="tests.unit.providers.test_ac_provider.TestAcProvider" name="test_pi_power_off_exception" time="0.011" /><testcase classname="tests.unit.providers.test_ac_provider.TestAcProvider" name="test_soundwave2k_power_off_exception" time="0.019" /><testcase classname="tests.unit.providers.test_ac_provider.TestAcProvider" name="test_pdu_power_off_exception" time="0.011"><failure message="ModuleNotFoundError: No module named 'paramiko'">thing = &lt;module 'dtaf_core.providers.internal' from 'C:\\Users\\czhao\\git_root\\dtaf\\suresh_local\\src\\dtaf_core\\providers\\internal\\__init__.py'&gt;, comp = 'pdu_ac_provider'
import_path = 'dtaf_core.providers.internal.pdu_ac_provider'

    def _dot_lookup(thing, comp, import_path):
        try:
&gt;           return getattr(thing, comp)
E           AttributeError: module 'dtaf_core.providers.internal' has no attribute 'pdu_ac_provider'

C:\Program Files\Python38\lib\unittest\mock.py:1215: AttributeError

During handling of the above exception, another exception occurred:

self = &lt;tests.unit.providers.test_ac_provider.TestAcProvider object at 0x000001D36749FCD0&gt;

    def test_pdu_power_off_exception(self):
&gt;       self.__test_ac_power_off_exception("pdu")

tests\unit\providers\test_ac_provider.py:392: 
_ _ _ _ _ _ _ _ _ _ _ _ _ _ _ _ _ _ _ _ _ _ _ _ _ _ _ _ _ _ _ _ _ _ _ _ _ _ _ _ _ _ _ _ _ _ _ _ _ _ _ _ _ _ _ _ _ _ _ _ _ _ _ _ _ _ _ _ _ _ _ _ _ _ _ _ _ _ _ _ _ _ _ _ _ _ _ _ _ _ _ _ _ _ _ _ _ _ _ _ _ _ _ _ 
tests\unit\providers\test_ac_provider.py:402: in __test_ac_power_off_exception
    with mock.patch(patch_obj) as m:
C:\Program Files\Python38\lib\unittest\mock.py:1377: in __enter__
    self.target = self.getter()
C:\Program Files\Python38\lib\unittest\mock.py:1552: in &lt;lambda&gt;
    getter = lambda: _importer(target)
C:\Program Files\Python38\lib\unittest\mock.py:1228: in _importer
    thing = _dot_lookup(thing, comp, import_path)
C:\Program Files\Python38\lib\unittest\mock.py:1217: in _dot_lookup
    __import__(import_path)
src\dtaf_core\providers\internal\pdu_ac_provider.py:25: in &lt;module&gt;
    from dtaf_core.drivers.internal.pdu_driver import PduDriver
_ _ _ _ _ _ _ _ _ _ _ _ _ _ _ _ _ _ _ _ _ _ _ _ _ _ _ _ _ _ _ _ _ _ _ _ _ _ _ _ _ _ _ _ _ _ _ _ _ _ _ _ _ _ _ _ _ _ _ _ _ _ _ _ _ _ _ _ _ _ _ _ _ _ _ _ _ _ _ _ _ _ _ _ _ _ _ _ _ _ _ _ _ _ _ _ _ _ _ _ _ _ _ _ 

    """
    #################################################################################
    # INTEL CONFIDENTIAL
    # Copyright Intel Corporation All Rights Reserved.
    # The source code contained or described herein and all documents related to
    # the source code ("Material") are owned by Intel Corporation or its suppliers
    # or licensors. Title to the Material remains with Intel Corporation or its
    # suppliers and licensors. The Material may contain trade secrets and proprietary
    # and confidential information of Intel Corporation and its suppliers and
    # licensors, and is protected by worldwide copyright and trade secret laws and
    # treaty provisions. No part of the Material may be used, copied, reproduced,
    # modified, published, uploaded, posted, transmitted, distributed, or disclosed
    # in any way without Intel's prior express written permission.
    # No license under any patent, copyright, trade secret or other intellectual
    # property right is granted to or conferred upon you by disclosure or delivery
    # of the Materials, either expressly, by implication, inducement, estoppel or
    # otherwise. Any license under such intellectual property rights must be express
    # and approved by Intel in writing.
    #################################################################################
    """
    import datetime
    import re
    import threading
    import time
    
&gt;   import paramiko
E   ModuleNotFoundError: No module named 'paramiko'

src\dtaf_core\drivers\internal\pdu_driver.py:27: ModuleNotFoundError</failure></testcase><testcase classname="tests.unit.providers.test_ac_provider.TestAcProvider" name="test_pdupi_power_off_exception" time="0.012" /><testcase classname="tests.unit.providers.test_ac_provider.TestAcProvider" name="test_rsc2_get_ac_power_state_success" time="0.008" /><testcase classname="tests.unit.providers.test_soundwave2k_dc_provider.TestSuites" name="test_dc_power_reset[True-False]" time="2.031" /><testcase classname="tests.unit.providers.test_soundwave2k_dc_provider.TestSuites" name="test_dc_power_reset[False-True]" time="2.020" /><testcase classname="tests.unit.providers.test_soundwave2k_dc_provider.TestSuites" name="test_get_dc_power_state[return_list0-True]" time="0.015" /><testcase classname="tests.unit.providers.test_soundwave2k_ac_provider.TestSuites" name="test_get_ac_power_state" time="0.014" /><testcase classname="tests.unit.providers.test_soundwave2k_ac_provider.TestSuites" name="test_set_username_password" time="0.005" /><testcase classname="tests.unit.providers.test_soundwave2k_ac_provider.TestSuites" name="test_reset_username_password" time="0.007" /><testcase classname="tests.unit.providers.test_soundwave2k_dc_provider.TestSuites" name="test_dc_power_on" time="10.153" /><testcase classname="tests.unit.drivers.test_raspberry_driver.TestRaspberryDriver" name="test_dc_power_on[False]" time="0.004" /><testcase classname="tests.unit.drivers.test_raspberry_driver.TestRaspberryDriver" name="test_connect_usb_to_sut[False]" time="0.004" /><testcase classname="tests.unit.drivers.test_raspberry_driver.TestRaspberryDriver" name="test_read_post_code[False]" time="0.004" /><testcase classname="tests.unit.drivers.test_redfish_driver.TestRedfishDrive" name="test_ac_power_on[200]" time="0.005" /><testcase classname="tests.unit.drivers.test_redfish_driver.TestRedfishDrive" name="test_clear_cmos[100]" time="0.004" /><testcase classname="tests.unit.drivers.test_redfish_driver.TestRedfishDrive" name="test_dc_power_off[Exception_error]" time="0.004" /><testcase classname="tests.unit.drivers.test_redfish_driver.TestRedfishDrive" name="test_execute[200-None]" time="0.005" /><testcase classname="tests.unit.drivers.test_redfish_driver.TestRedfishDrive" name="test_chip_flash_bmc[100-C:\\Users\\czhao\\git_root\\dtaf\\suresh_local\\tests\\unit\\drivers\\test_redfish_driver.py]" time="0.006" /><testcase classname="tests.unit.drivers.test_soundwave2k_driver.TestSoundwave2kDriver" name="test_ac_power_on[550300005a-False]" time="0.015" /><testcase classname="tests.unit.drivers.test_soundwave2k_driver.TestSoundwave2kDriver" name="test_ac_power_off[550302025c-True]" time="0.015" /><testcase classname="tests.unit.drivers.test_soundwave2k_driver.TestSoundwave2kDriver" name="test_ac_power_off[550300005a-False]" time="0.016" /><testcase classname="tests.unit.drivers.test_soundwave2k_driver.TestSoundwave2kDriver" name="test_serial_port_open" time="0.061" /><testcase classname="tests.unit.drivers.test_soundwave2k_driver.TestSoundwave2kDriver" name="test_serial_port_send" time="0.017" /><testcase classname="tests.unit.drivers.test_soundwave2k_driver.TestSoundwave2kDriver" name="test_read_exception" time="0.019" /><testcase classname="tests.unit.drivers.test_soundwave2k_driver.TestSoundwave2kDriver" name="test_open_exception" time="0.010" /><testcase classname="tests.unit.drivers.test_soundwave2k_driver.TestSoundwave2kDriver" name="test_open_serial_exception" time="0.012" /><testcase classname="tests.unit.drivers.test_soundwave2k_driver.TestSoundwave2kDriver" name="test_serial_port_recv" time="0.018" /><testcase classname="tests.unit.drivers.test_soundwave2k_driver.TestSoundwave2kDriver" name="test_get_ac_power_state_normal" time="0.056" /><testcase classname="tests.unit.drivers.test_soundwave2k_driver.TestSoundwave2kDriver" name="test_ac_port_state" time="0.028" /><testcase classname="tests.unit.drivers.test_soundwave2k_driver.TestSoundwave2kDriver" name="test_usb" time="0.041" /><testcase classname="tests.unit.drivers.test_soundwave2k_driver.TestSoundwave2kDriver" name="test_misc" time="0.034" /><testcase classname="tests.unit.drivers.test_soundwave2k_driver.TestSoundwave2kDriver" name="test_button" time="0.033" /><testcase classname="tests.unit.drivers.test_soundwave2k_driver.TestSoundwave2kDriver" name="test_cmd" time="0.022" /><testcase classname="tests.unit.drivers.test_soundwave2k_driver.TestSoundwave2kDriver" name="test_voltages" time="0.010" /><testcase classname="tests.unit.drivers.test_ykush_driver.TestSuites" name="test_init" time="0.005" /><testcase classname="tests.unit.lib.test_ac_power_config.TestSuites" name="test_init" time="0.006" /><testcase classname="tests.unit.lib.test_base_system_test.TestSuites" name="test_set" time="0.010" /><testcase classname="tests.unit.lib.test_base_test_case.TestBaseTestCase" name="test_btc_execute_base_exception" time="0.017" /><testcase classname="tests.unit.lib.test_base_test_case.TestBaseTestCase" name="test_btc_execute_exception" time="0.015" /></testsuite></testsuites>